Log file open, 01/10/21 18:16:00
LogInit: Display: Running engine for game: DemoGame1
LogPlatformFile: Not using cached read wrapper
LogTaskGraph: Started task graph with 5 named threads and 35 total threads with 3 sets of task threads.
LogStats: Stats thread started at 0.155775
LogD3D11RHI: Loaded GFSDK_Aftermath_Lib.x64.dll
LogICUInternationalization: ICU TimeZone Detection - Raw Offset: -5:00, Platform Override: ''
LogPluginManager: Mounting plugin Paper2D
LogPluginManager: Mounting plugin AISupport
LogPluginManager: Mounting plugin LightPropagationVolume
LogPluginManager: Mounting plugin CameraShakePreviewer
LogPluginManager: Mounting plugin ActorLayerUtilities
LogPluginManager: Mounting plugin AnimationSharing
LogPluginManager: Mounting plugin CLionSourceCodeAccess
LogPluginManager: Mounting plugin CodeLiteSourceCodeAccess
LogPluginManager: Mounting plugin GitSourceControl
LogPluginManager: Mounting plugin KDevelopSourceCodeAccess
LogPluginManager: Mounting plugin NullSourceCodeAccess
LogPluginManager: Mounting plugin PerforceSourceControl
LogPluginManager: Mounting plugin PlasticSourceControl
LogPluginManager: Mounting plugin RiderSourceCodeAccess
LogPluginManager: Mounting plugin SubversionSourceControl
LogPluginManager: Mounting plugin UObjectPlugin
LogPluginManager: Mounting plugin VisualStudioCodeSourceCodeAccess
LogPluginManager: Mounting plugin VisualStudioSourceCodeAccess
LogPluginManager: Mounting plugin XCodeSourceCodeAccess
LogPluginManager: Mounting plugin AssetManagerEditor
LogPluginManager: Mounting plugin CryptoKeys
LogPluginManager: Mounting plugin CurveEditorTools
LogPluginManager: Mounting plugin DataValidation
LogPluginManager: Mounting plugin EditorScriptingUtilities
LogPluginManager: Mounting plugin FacialAnimation
LogPluginManager: Mounting plugin GameplayTagsEditor
LogPluginManager: Mounting plugin GeometryMode
LogPluginManager: Mounting plugin MacGraphicsSwitching
LogPluginManager: Mounting plugin MaterialAnalyzer
LogPluginManager: Mounting plugin MobileLauncherProfileWizard
LogPluginManager: Mounting plugin PluginBrowser
LogPluginManager: Mounting plugin SpeedTreeImporter
LogPluginManager: Mounting plugin DatasmithContent
LogPluginManager: Mounting plugin VariantManagerContent
LogPluginManager: Mounting plugin AlembicImporter
LogPluginManager: Mounting plugin AutomationUtils
LogPluginManager: Mounting plugin BackChannel
LogPluginManager: Mounting plugin ChaosCloth
LogPluginManager: Mounting plugin ChaosClothEditor
LogPluginManager: Mounting plugin ChaosEditor
LogPluginManager: Mounting plugin ChaosNiagara
LogPluginManager: Mounting plugin ChaosSolverPlugin
LogPluginManager: Mounting plugin CharacterAI
LogPluginManager: Mounting plugin GeometryCache
LogPluginManager: Mounting plugin GeometryCollectionPlugin
LogPluginManager: Mounting plugin GeometryProcessing
LogPluginManager: Mounting plugin PlanarCut
LogPluginManager: Mounting plugin PlatformCrypto
LogPluginManager: Mounting plugin ProxyLODPlugin
LogPluginManager: Mounting plugin SkeletalReduction
LogPluginManager: Mounting plugin Niagara
LogPluginManager: Mounting plugin MagicLeap
LogPluginManager: Mounting plugin MagicLeapLightEstimation
LogPluginManager: Mounting plugin MagicLeapMedia
LogPluginManager: Mounting plugin MagicLeapPassableWorld
LogPluginManager: Mounting plugin MLSDK
LogPluginManager: Mounting plugin AndroidMedia
LogPluginManager: Mounting plugin AvfMedia
LogPluginManager: Mounting plugin ImgMedia
LogPluginManager: Mounting plugin MediaCompositing
LogPluginManager: Mounting plugin MediaPlayerEditor
LogPluginManager: Mounting plugin WebMMedia
LogPluginManager: Mounting plugin WmfMedia
LogPluginManager: Mounting plugin MeshPainting
LogPluginManager: Mounting plugin TcpMessaging
LogPluginManager: Mounting plugin UdpMessaging
LogPluginManager: Mounting plugin ActorSequence
LogPluginManager: Mounting plugin LevelSequenceEditor
LogPluginManager: Mounting plugin MatineeToLevelSequence
LogPluginManager: Mounting plugin MovieRenderPipeline
LogPluginManager: Mounting plugin TemplateSequence
LogPluginManager: Mounting plugin NetcodeUnitTest
LogPluginManager: Mounting plugin NUTUnrealEngine4
LogPluginManager: Mounting plugin OnlineSubsystemGooglePlay
LogPluginManager: Mounting plugin OnlineSubsystemIOS
LogPluginManager: Mounting plugin OnlineSubsystem
LogPluginManager: Mounting plugin OnlineSubsystemNull
LogPluginManager: Mounting plugin OnlineSubsystemUtils
LogPluginManager: Mounting plugin LauncherChunkInstaller
LogPluginManager: Mounting plugin AndroidDeviceProfileSelector
LogPluginManager: Mounting plugin AndroidMoviePlayer
LogPluginManager: Mounting plugin AndroidPermission
LogPluginManager: Mounting plugin AppleImageUtils
LogPluginManager: Mounting plugin AppleMoviePlayer
LogPluginManager: Mounting plugin ArchVisCharacter
LogPluginManager: Mounting plugin AssetTags
LogPluginManager: Mounting plugin AudioCapture
LogPluginManager: Mounting plugin CableComponent
LogPluginManager: Mounting plugin CustomMeshComponent
LogPluginManager: Mounting plugin EditableMesh
LogPluginManager: Mounting plugin ExampleDeviceProfileSelector
LogPluginManager: Mounting plugin GoogleCloudMessaging
LogPluginManager: Mounting plugin GooglePAD
LogPluginManager: Mounting plugin IOSDeviceProfileSelector
LogPluginManager: Mounting plugin LinuxDeviceProfileSelector
LogPluginManager: Mounting plugin LocationServicesBPLibrary
LogPluginManager: Mounting plugin MobilePatchingUtils
LogPluginManager: Mounting plugin OculusVR
LogPluginManager: Mounting plugin PhysXVehicles
LogPluginManager: Mounting plugin PostSplashScreen
LogPluginManager: Mounting plugin ProceduralMeshComponent
LogPluginManager: Mounting plugin RuntimePhysXCooking
LogPluginManager: Mounting plugin SignificanceManager
LogPluginManager: Mounting plugin SoundFields
LogPluginManager: Mounting plugin SteamVR
LogPluginManager: Mounting plugin Synthesis
LogPluginManager: Mounting plugin WebMMoviePlayer
LogPluginManager: Mounting plugin WindowsMoviePlayer
LogPluginManager: Mounting plugin ScreenshotTools
LogInit: Using libcurl 7.55.1-DEV
LogInit:  - built for x86_64-pc-win32
LogInit:  - supports SSL with OpenSSL/1.1.1
LogInit:  - supports HTTP deflate (compression) using libz 1.2.8
LogInit:  - other features:
LogInit:      CURL_VERSION_SSL
LogInit:      CURL_VERSION_LIBZ
LogInit:      CURL_VERSION_IPV6
LogInit:      CURL_VERSION_ASYNCHDNS
LogInit:      CURL_VERSION_LARGEFILE
LogInit:      CURL_VERSION_IDN
LogInit:  CurlRequestOptions (configurable via config and command line):
LogInit:  - bVerifyPeer = true  - Libcurl will verify peer certificate
LogInit:  - bUseHttpProxy = false  - Libcurl will NOT use HTTP proxy
LogInit:  - bDontReuseConnections = false  - Libcurl will reuse connections
LogInit:  - MaxHostConnections = 16  - Libcurl will limit the number of connections to a host
LogInit:  - LocalHostAddr = Default
LogInit:  - BufferSize = 65536
LogOnline: OSS: Creating online subsystem instance for: NULL
LogInit: WinSock: version 1.1 (2.2), MaxSocks=32767, MaxUdp=65467
LogOnline: OSS: TryLoadSubsystemAndSetDefault: Loaded subsystem for module [NULL]
LogInit: Build: ++UE4+Release-4.25-CL-14469661
LogInit: Engine Version: 4.25.4-14469661+++UE4+Release-4.25
LogInit: Compatible Engine Version: 4.25.0-13144385+++UE4+Release-4.25
LogInit: Net CL: 13144385
LogInit: OS: Windows 10 (Release 2004) (), CPU: Intel(R) Core(TM) i7-10750H CPU @ 2.60GHz, GPU: Intel(R) UHD Graphics
LogInit: Compiled (64-bit): Oct 11 2020 08:10:49
LogInit: Compiled with Visual C++: 19.24.28315.00
LogInit: Build Configuration: Development
LogInit: Branch Name: ++UE4+Release-4.25
LogInit: Command Line: 
LogInit: Base Directory: C:/Program Files/Epic Games/UE_4.25/Engine/Binaries/Win64/
LogInit: Allocator: TBB
LogInit: Installed Engine Build: 1
LogDevObjectVersion: Number of dev versions registered: 26
LogDevObjectVersion:   Dev-Blueprints (B0D832E4-1F89-4F0D-ACCF-7EB736FD4AA2): 10
LogDevObjectVersion:   Dev-Build (E1C64328-A22C-4D53-A36C-8E866417BD8C): 0
LogDevObjectVersion:   Dev-Core (375EC13C-06E4-48FB-B500-84F0262A717E): 4
LogDevObjectVersion:   Dev-Editor (E4B068ED-F494-42E9-A231-DA0B2E46BB41): 38
LogDevObjectVersion:   Dev-Framework (CFFC743F-43B0-4480-9391-14DF171D2073): 37
LogDevObjectVersion:   Dev-Mobile (B02B49B5-BB20-44E9-A304-32B752E40360): 2
LogDevObjectVersion:   Dev-Networking (A4E4105C-59A1-49B5-A7C5-40C4547EDFEE): 0
LogDevObjectVersion:   Dev-Online (39C831C9-5AE6-47DC-9A44-9C173E1C8E7C): 0
LogDevObjectVersion:   Dev-Physics (78F01B33-EBEA-4F98-B9B4-84EACCB95AA2): 4
LogDevObjectVersion:   Dev-Platform (6631380F-2D4D-43E0-8009-CF276956A95A): 0
LogDevObjectVersion:   Dev-Rendering (12F88B9F-8875-4AFC-A67C-D90C383ABD29): 43
LogDevObjectVersion:   Dev-Sequencer (7B5AE74C-D270-4C10-A958-57980B212A5A): 12
LogDevObjectVersion:   Dev-VR (D7296918-1DD6-4BDD-9DE2-64A83CC13884): 3
LogDevObjectVersion:   Dev-LoadTimes (C2A15278-BFE7-4AFE-6C17-90FF531DF755): 1
LogDevObjectVersion:   Private-Geometry (6EACA3D4-40EC-4CC1-B786-8BED09428FC5): 3
LogDevObjectVersion:   Dev-AnimPhys (29E575DD-E0A3-4627-9D10-D276232CDCEA): 17
LogDevObjectVersion:   Dev-Anim (AF43A65D-7FD3-4947-9873-3E8ED9C1BB05): 7
LogDevObjectVersion:   Dev-ReflectionCapture (6B266CEC-1EC7-4B8F-A30B-E4D90942FC07): 1
LogDevObjectVersion:   Dev-Automation (0DF73D61-A23F-47EA-B727-89E90C41499A): 1
LogDevObjectVersion:   FortniteMain (601D1886-AC64-4F84-AA16-D3DE0DEAC7D6): 31
LogDevObjectVersion:   Dev-Enterprise (9DFFBCD6-494F-0158-E221-12823C92A888): 10
LogDevObjectVersion:   Dev-Niagara (F2AED0AC-9AFE-416F-8664-AA7FFA26D6FC): 1
LogDevObjectVersion:   Dev-Destruction (174F1F0B-B4C6-45A5-B13F-2EE8D0FB917D): 10
LogDevObjectVersion:   Dev-Physics-Ext (35F94A83-E258-406C-A318-09F59610247C): 37
LogDevObjectVersion:   Dev-PhysicsMaterial-Chaos (B68FC16E-8B1B-42E2-B453-215C058844FE): 1
LogDevObjectVersion:   Dev-CineCamera (B2E18506-4273-CFC2-A54E-F4BB758BBA07): 1
LogInit: Presizing for max 25165824 objects, including 0 objects not considered by GC, pre-allocating 0 bytes for permanent pool.
LogConfig: Applying CVar settings from Section [/Script/Engine.StreamingSettings] File [C:/Users/carlo/OneDrive/Documents/Unreal Projects/DemoGameProject1/DemoGame1/Saved/Config/Windows/Engine.ini]
LogConfig: Setting CVar [[s.MinBulkDataSizeForAsyncLoading:131072]]
LogConfig: Setting CVar [[s.AsyncLoadingThreadEnabled:0]]
LogConfig: Setting CVar [[s.EventDrivenLoaderEnabled:1]]
LogConfig: Setting CVar [[s.WarnIfTimeLimitExceeded:0]]
LogConfig: Setting CVar [[s.TimeLimitExceededMultiplier:1.5]]
LogConfig: Setting CVar [[s.TimeLimitExceededMinTime:0.005]]
LogConfig: Setting CVar [[s.UseBackgroundLevelStreaming:1]]
LogConfig: Setting CVar [[s.PriorityAsyncLoadingExtraTime:15.0]]
LogConfig: Setting CVar [[s.LevelStreamingActorsUpdateTimeLimit:5.0]]
LogConfig: Setting CVar [[s.PriorityLevelStreamingActorsUpdateExtraTime:5.0]]
LogConfig: Setting CVar [[s.LevelStreamingComponentsRegistrationGranularity:10]]
LogConfig: Setting CVar [[s.UnregisterComponentsTimeLimit:1.0]]
LogConfig: Setting CVar [[s.LevelStreamingComponentsUnregistrationGranularity:5]]
LogConfig: Setting CVar [[s.FlushStreamingOnExit:1]]
LogInit: Object subsystem initialized
LogConfig: Setting CVar [[con.DebugEarlyDefault:1]]
LogConfig: Setting CVar [[r.setres:1280x720]]
[2021.01.10-23.16.00:978][  0]LogConfig: Setting CVar [[r.VSync:0]]
[2021.01.10-23.16.00:978][  0]LogConfig: Setting CVar [[r.RHICmdBypass:0]]
[2021.01.10-23.16.00:978][  0]LogConfig: Applying CVar settings from Section [/Script/Engine.RendererSettings] File [C:/Users/carlo/OneDrive/Documents/Unreal Projects/DemoGameProject1/DemoGame1/Saved/Config/Windows/Engine.ini]
[2021.01.10-23.16.00:978][  0]LogConfig: Setting CVar [[r.GPUCrashDebugging:0]]
[2021.01.10-23.16.00:978][  0]LogConfig: Applying CVar settings from Section [/Script/Engine.RendererOverrideSettings] File [C:/Users/carlo/OneDrive/Documents/Unreal Projects/DemoGameProject1/DemoGame1/Saved/Config/Windows/Engine.ini]
[2021.01.10-23.16.00:978][  0]LogConfig: Applying CVar settings from Section [/Script/Engine.StreamingSettings] File [C:/Users/carlo/OneDrive/Documents/Unreal Projects/DemoGameProject1/DemoGame1/Saved/Config/Windows/Engine.ini]
[2021.01.10-23.16.00:978][  0]LogConfig: Setting CVar [[s.MinBulkDataSizeForAsyncLoading:131072]]
[2021.01.10-23.16.00:978][  0]LogConfig: Setting CVar [[s.AsyncLoadingThreadEnabled:0]]
[2021.01.10-23.16.00:978][  0]LogConfig: Setting CVar [[s.EventDrivenLoaderEnabled:1]]
[2021.01.10-23.16.00:978][  0]LogConfig: Setting CVar [[s.WarnIfTimeLimitExceeded:0]]
[2021.01.10-23.16.00:978][  0]LogConfig: Setting CVar [[s.TimeLimitExceededMultiplier:1.5]]
[2021.01.10-23.16.00:978][  0]LogConfig: Setting CVar [[s.TimeLimitExceededMinTime:0.005]]
[2021.01.10-23.16.00:978][  0]LogConfig: Setting CVar [[s.UseBackgroundLevelStreaming:1]]
[2021.01.10-23.16.00:978][  0]LogConfig: Setting CVar [[s.PriorityAsyncLoadingExtraTime:15.0]]
[2021.01.10-23.16.00:978][  0]LogConfig: Setting CVar [[s.LevelStreamingActorsUpdateTimeLimit:5.0]]
[2021.01.10-23.16.00:978][  0]LogConfig: Setting CVar [[s.PriorityLevelStreamingActorsUpdateExtraTime:5.0]]
[2021.01.10-23.16.00:978][  0]LogConfig: Setting CVar [[s.LevelStreamingComponentsRegistrationGranularity:10]]
[2021.01.10-23.16.00:978][  0]LogConfig: Setting CVar [[s.UnregisterComponentsTimeLimit:1.0]]
[2021.01.10-23.16.00:978][  0]LogConfig: Setting CVar [[s.LevelStreamingComponentsUnregistrationGranularity:5]]
[2021.01.10-23.16.00:978][  0]LogConfig: Setting CVar [[s.FlushStreamingOnExit:1]]
[2021.01.10-23.16.00:978][  0]LogConfig: Applying CVar settings from Section [/Script/Engine.GarbageCollectionSettings] File [C:/Users/carlo/OneDrive/Documents/Unreal Projects/DemoGameProject1/DemoGame1/Saved/Config/Windows/Engine.ini]
[2021.01.10-23.16.00:978][  0]LogConfig: Setting CVar [[gc.MaxObjectsNotConsideredByGC:1]]
[2021.01.10-23.16.00:978][  0]LogConfig: Setting CVar [[gc.SizeOfPermanentObjectPool:0]]
[2021.01.10-23.16.00:978][  0]LogConfig: Setting CVar [[gc.FlushStreamingOnGC:0]]
[2021.01.10-23.16.00:978][  0]LogConfig: Setting CVar [[gc.NumRetriesBeforeForcingGC:10]]
[2021.01.10-23.16.00:978][  0]LogConfig: Setting CVar [[gc.AllowParallelGC:1]]
[2021.01.10-23.16.00:978][  0]LogConfig: Setting CVar [[gc.TimeBetweenPurgingPendingKillObjects:61.1]]
[2021.01.10-23.16.00:978][  0]LogConfig: Setting CVar [[gc.MaxObjectsInEditor:25165824]]
[2021.01.10-23.16.00:978][  0]LogConfig: Setting CVar [[gc.IncrementalBeginDestroyEnabled:1]]
[2021.01.10-23.16.00:978][  0]LogConfig: Setting CVar [[gc.CreateGCClusters:1]]
[2021.01.10-23.16.00:978][  0]LogConfig: Setting CVar [[gc.MinGCClusterSize:5]]
[2021.01.10-23.16.00:978][  0]LogConfig: Setting CVar [[gc.ActorClusteringEnabled:0]]
[2021.01.10-23.16.00:978][  0]LogConfig: Setting CVar [[gc.BlueprintClusteringEnabled:0]]
[2021.01.10-23.16.00:978][  0]LogConfig: Setting CVar [[gc.UseDisregardForGCOnDedicatedServers:0]]
[2021.01.10-23.16.00:978][  0]LogConfig: Applying CVar settings from Section [/Script/Engine.NetworkSettings] File [C:/Users/carlo/OneDrive/Documents/Unreal Projects/DemoGameProject1/DemoGame1/Saved/Config/Windows/Engine.ini]
[2021.01.10-23.16.00:978][  0]LogConfig: Applying CVar settings from Section [/Script/UnrealEd.CookerSettings] File [C:/Users/carlo/OneDrive/Documents/Unreal Projects/DemoGameProject1/DemoGame1/Saved/Config/Windows/Engine.ini]
[2021.01.10-23.16.00:981][  0]LogConfig: Applying CVar settings from Section [ViewDistanceQuality@3] File [C:/Users/carlo/OneDrive/Documents/Unreal Projects/DemoGameProject1/DemoGame1/Saved/Config/Windows/Scalability.ini]
[2021.01.10-23.16.00:981][  0]LogConfig: Setting CVar [[r.SkeletalMeshLODBias:0]]
[2021.01.10-23.16.00:981][  0]LogConfig: Setting CVar [[r.ViewDistanceScale:1.0]]
[2021.01.10-23.16.00:981][  0]LogConfig: Applying CVar settings from Section [AntiAliasingQuality@3] File [C:/Users/carlo/OneDrive/Documents/Unreal Projects/DemoGameProject1/DemoGame1/Saved/Config/Windows/Scalability.ini]
[2021.01.10-23.16.00:981][  0]LogConfig: Setting CVar [[r.PostProcessAAQuality:4]]
[2021.01.10-23.16.00:981][  0]LogConfig: Applying CVar settings from Section [ShadowQuality@3] File [C:/Users/carlo/OneDrive/Documents/Unreal Projects/DemoGameProject1/DemoGame1/Saved/Config/Windows/Scalability.ini]
[2021.01.10-23.16.00:981][  0]LogConfig: Setting CVar [[r.LightFunctionQuality:1]]
[2021.01.10-23.16.00:981][  0]LogConfig: Setting CVar [[r.ShadowQuality:5]]
[2021.01.10-23.16.00:981][  0]LogConfig: Setting CVar [[r.Shadow.CSM.MaxCascades:10]]
[2021.01.10-23.16.00:982][  0]LogConfig: Setting CVar [[r.Shadow.MaxResolution:2048]]
[2021.01.10-23.16.00:982][  0]LogConfig: Setting CVar [[r.Shadow.MaxCSMResolution:2048]]
[2021.01.10-23.16.00:982][  0]LogConfig: Setting CVar [[r.Shadow.RadiusThreshold:0.01]]
[2021.01.10-23.16.00:982][  0]LogConfig: Setting CVar [[r.Shadow.DistanceScale:1.0]]
[2021.01.10-23.16.00:982][  0]LogConfig: Setting CVar [[r.Shadow.CSM.TransitionScale:1.0]]
[2021.01.10-23.16.00:982][  0]LogConfig: Setting CVar [[r.Shadow.PreShadowResolutionFactor:1.0]]
[2021.01.10-23.16.00:982][  0]LogConfig: Setting CVar [[r.DistanceFieldShadowing:1]]
[2021.01.10-23.16.00:982][  0]LogConfig: Setting CVar [[r.DistanceFieldAO:1]]
[2021.01.10-23.16.00:982][  0]LogConfig: Setting CVar [[r.AOQuality:2]]
[2021.01.10-23.16.00:982][  0]LogConfig: Setting CVar [[r.VolumetricFog:1]]
[2021.01.10-23.16.00:982][  0]LogConfig: Setting CVar [[r.VolumetricFog.GridPixelSize:8]]
[2021.01.10-23.16.00:982][  0]LogConfig: Setting CVar [[r.VolumetricFog.GridSizeZ:128]]
[2021.01.10-23.16.00:982][  0]LogConfig: Setting CVar [[r.VolumetricFog.HistoryMissSupersampleCount:4]]
[2021.01.10-23.16.00:982][  0]LogConfig: Setting CVar [[r.LightMaxDrawDistanceScale:1]]
[2021.01.10-23.16.00:982][  0]LogConfig: Setting CVar [[r.CapsuleShadows:1]]
[2021.01.10-23.16.00:982][  0]LogConfig: Applying CVar settings from Section [PostProcessQuality@3] File [C:/Users/carlo/OneDrive/Documents/Unreal Projects/DemoGameProject1/DemoGame1/Saved/Config/Windows/Scalability.ini]
[2021.01.10-23.16.00:982][  0]LogConfig: Setting CVar [[r.MotionBlurQuality:4]]
[2021.01.10-23.16.00:982][  0]LogConfig: Setting CVar [[r.AmbientOcclusionMipLevelFactor:0.4]]
[2021.01.10-23.16.00:982][  0]LogConfig: Setting CVar [[r.AmbientOcclusionMaxQuality:100]]
[2021.01.10-23.16.00:982][  0]LogConfig: Setting CVar [[r.AmbientOcclusionLevels:-1]]
[2021.01.10-23.16.00:982][  0]LogConfig: Setting CVar [[r.AmbientOcclusionRadiusScale:1.0]]
[2021.01.10-23.16.00:982][  0]LogConfig: Setting CVar [[r.DepthOfFieldQuality:2]]
[2021.01.10-23.16.00:982][  0]LogConfig: Setting CVar [[r.RenderTargetPoolMin:400]]
[2021.01.10-23.16.00:982][  0]LogConfig: Setting CVar [[r.LensFlareQuality:2]]
[2021.01.10-23.16.00:982][  0]LogConfig: Setting CVar [[r.SceneColorFringeQuality:1]]
[2021.01.10-23.16.00:982][  0]LogConfig: Setting CVar [[r.EyeAdaptationQuality:2]]
[2021.01.10-23.16.00:982][  0]LogConfig: Setting CVar [[r.BloomQuality:5]]
[2021.01.10-23.16.00:982][  0]LogConfig: Setting CVar [[r.FastBlurThreshold:100]]
[2021.01.10-23.16.00:982][  0]LogConfig: Setting CVar [[r.Upscale.Quality:3]]
[2021.01.10-23.16.00:982][  0]LogConfig: Setting CVar [[r.Tonemapper.GrainQuantization:1]]
[2021.01.10-23.16.00:982][  0]LogConfig: Setting CVar [[r.LightShaftQuality:1]]
[2021.01.10-23.16.00:982][  0]LogConfig: Setting CVar [[r.Filter.SizeScale:1]]
[2021.01.10-23.16.00:982][  0]LogConfig: Setting CVar [[r.Tonemapper.Quality:5]]
[2021.01.10-23.16.00:982][  0]LogConfig: Setting CVar [[r.DOF.Gather.AccumulatorQuality:1        ; higher gathering accumulator quality]]
[2021.01.10-23.16.00:982][  0]LogConfig: Setting CVar [[r.DOF.Gather.PostfilterMethod:1          ; Median3x3 postfilering method]]
[2021.01.10-23.16.00:982][  0]LogConfig: Setting CVar [[r.DOF.Gather.EnableBokehSettings:0       ; no bokeh simulation when gathering]]
[2021.01.10-23.16.00:982][  0]LogConfig: Setting CVar [[r.DOF.Gather.RingCount:4                 ; medium number of samples when gathering]]
[2021.01.10-23.16.00:982][  0]LogConfig: Setting CVar [[r.DOF.Scatter.ForegroundCompositing:1    ; additive foreground scattering]]
[2021.01.10-23.16.00:982][  0]LogConfig: Setting CVar [[r.DOF.Scatter.BackgroundCompositing:2    ; additive background scattering]]
[2021.01.10-23.16.00:982][  0]LogConfig: Setting CVar [[r.DOF.Scatter.EnableBokehSettings:1      ; bokeh simulation when scattering]]
[2021.01.10-23.16.00:982][  0]LogConfig: Setting CVar [[r.DOF.Scatter.MaxSpriteRatio:0.1         ; only a maximum of 10% of scattered bokeh]]
[2021.01.10-23.16.00:982][  0]LogConfig: Setting CVar [[r.DOF.Recombine.Quality:1                ; cheap slight out of focus]]
[2021.01.10-23.16.00:982][  0]LogConfig: Setting CVar [[r.DOF.Recombine.EnableBokehSettings:0    ; no bokeh simulation on slight out of focus]]
[2021.01.10-23.16.00:982][  0]LogConfig: Setting CVar [[r.DOF.TemporalAAQuality:1                ; more stable temporal accumulation]]
[2021.01.10-23.16.00:982][  0]LogConfig: Setting CVar [[r.DOF.Kernel.MaxForegroundRadius:0.025]]
[2021.01.10-23.16.00:982][  0]LogConfig: Setting CVar [[r.DOF.Kernel.MaxBackgroundRadius:0.025]]
[2021.01.10-23.16.00:982][  0]LogConfig: Applying CVar settings from Section [TextureQuality@3] File [C:/Users/carlo/OneDrive/Documents/Unreal Projects/DemoGameProject1/DemoGame1/Saved/Config/Windows/Scalability.ini]
[2021.01.10-23.16.00:982][  0]LogConfig: Setting CVar [[r.Streaming.MipBias:0]]
[2021.01.10-23.16.00:982][  0]LogConfig: Setting CVar [[r.Streaming.AmortizeCPUToGPUCopy:0]]
[2021.01.10-23.16.00:982][  0]LogConfig: Setting CVar [[r.Streaming.MaxNumTexturesToStreamPerFrame:0]]
[2021.01.10-23.16.00:982][  0]LogConfig: Setting CVar [[r.Streaming.Boost:1]]
[2021.01.10-23.16.00:982][  0]LogConfig: Setting CVar [[r.MaxAnisotropy:8]]
[2021.01.10-23.16.00:982][  0]LogConfig: Setting CVar [[r.VT.MaxAnisotropy:8]]
[2021.01.10-23.16.00:982][  0]LogConfig: Setting CVar [[r.Streaming.LimitPoolSizeToVRAM:0]]
[2021.01.10-23.16.00:982][  0]LogConfig: Setting CVar [[r.Streaming.PoolSize:1000]]
[2021.01.10-23.16.00:982][  0]LogConfig: Setting CVar [[r.Streaming.MaxEffectiveScreenSize:0]]
[2021.01.10-23.16.00:982][  0]LogConfig: Applying CVar settings from Section [EffectsQuality@3] File [C:/Users/carlo/OneDrive/Documents/Unreal Projects/DemoGameProject1/DemoGame1/Saved/Config/Windows/Scalability.ini]
[2021.01.10-23.16.00:982][  0]LogConfig: Setting CVar [[r.TranslucencyLightingVolumeDim:64]]
[2021.01.10-23.16.00:982][  0]LogConfig: Setting CVar [[r.RefractionQuality:2]]
[2021.01.10-23.16.00:982][  0]LogConfig: Setting CVar [[r.SSR.Quality:3]]
[2021.01.10-23.16.00:982][  0]LogConfig: Setting CVar [[r.SSR.HalfResSceneColor:0]]
[2021.01.10-23.16.00:982][  0]LogConfig: Setting CVar [[r.SceneColorFormat:4]]
[2021.01.10-23.16.00:982][  0]LogConfig: Setting CVar [[r.DetailMode:2]]
[2021.01.10-23.16.00:982][  0]LogConfig: Setting CVar [[r.TranslucencyVolumeBlur:1]]
[2021.01.10-23.16.00:982][  0]LogConfig: Setting CVar [[r.MaterialQualityLevel:1 ; High quality]]
[2021.01.10-23.16.00:982][  0]LogConfig: Setting CVar [[r.SSS.Scale:1]]
[2021.01.10-23.16.00:982][  0]LogConfig: Setting CVar [[r.SSS.SampleSet:2]]
[2021.01.10-23.16.00:982][  0]LogConfig: Setting CVar [[r.SSS.Quality:1]]
[2021.01.10-23.16.00:982][  0]LogConfig: Setting CVar [[r.SSS.HalfRes:0]]
[2021.01.10-23.16.00:982][  0]LogConfig: Setting CVar [[r.SSGI.Quality:3]]
[2021.01.10-23.16.00:982][  0]LogConfig: Setting CVar [[r.EmitterSpawnRateScale:1.0]]
[2021.01.10-23.16.00:982][  0]LogConfig: Setting CVar [[r.ParticleLightQuality:2]]
[2021.01.10-23.16.00:982][  0]LogConfig: Setting CVar [[r.SkyAtmosphere.AerialPerspectiveLUT.FastApplyOnOpaque:1 ; Always have FastSkyLUT 1 in this case to avoid wrong sky]]
[2021.01.10-23.16.00:982][  0]LogConfig: Setting CVar [[r.SkyAtmosphere.AerialPerspectiveLUT.SampleCountPerSlice:1]]
[2021.01.10-23.16.00:982][  0]LogConfig: Setting CVar [[r.SkyAtmosphere.AerialPerspectiveLUT.DepthResolution:16.0]]
[2021.01.10-23.16.00:982][  0]LogConfig: Setting CVar [[r.SkyAtmosphere.FastSkyLUT:1]]
[2021.01.10-23.16.00:982][  0]LogConfig: Setting CVar [[r.SkyAtmosphere.FastSkyLUT.SampleCountMin:4.0]]
[2021.01.10-23.16.00:982][  0]LogConfig: Setting CVar [[r.SkyAtmosphere.FastSkyLUT.SampleCountMax:32.0]]
[2021.01.10-23.16.00:982][  0]LogConfig: Setting CVar [[r.SkyAtmosphere.SampleCountMin:4.0]]
[2021.01.10-23.16.00:982][  0]LogConfig: Setting CVar [[r.SkyAtmosphere.SampleCountMax:32.0]]
[2021.01.10-23.16.00:982][  0]LogConfig: Setting CVar [[r.SkyAtmosphere.TransmittanceLUT.UseSmallFormat:0]]
[2021.01.10-23.16.00:982][  0]LogConfig: Setting CVar [[r.SkyAtmosphere.TransmittanceLUT.SampleCount:10.0]]
[2021.01.10-23.16.00:982][  0]LogConfig: Setting CVar [[r.SkyAtmosphere.MultiScatteringLUT.SampleCount:15.0]]
[2021.01.10-23.16.00:982][  0]LogConfig: Applying CVar settings from Section [FoliageQuality@3] File [C:/Users/carlo/OneDrive/Documents/Unreal Projects/DemoGameProject1/DemoGame1/Saved/Config/Windows/Scalability.ini]
[2021.01.10-23.16.00:982][  0]LogConfig: Setting CVar [[foliage.DensityScale:1.0]]
[2021.01.10-23.16.00:982][  0]LogConfig: Setting CVar [[grass.DensityScale:1.0]]
[2021.01.10-23.16.00:982][  0]LogConfig: Applying CVar settings from Section [ShadingQuality@3] File [C:/Users/carlo/OneDrive/Documents/Unreal Projects/DemoGameProject1/DemoGame1/Saved/Config/Windows/Scalability.ini]
[2021.01.10-23.16.00:982][  0]LogConfig: Setting CVar [[r.HairStrands.SkyLighting.SampleCount:16]]
[2021.01.10-23.16.00:982][  0]LogConfig: Setting CVar [[r.HairStrands.SkyLighting.JitterIntegration:0]]
[2021.01.10-23.16.00:982][  0]LogConfig: Setting CVar [[r.HairStrands.SkyAO.SampleCount:16]]
[2021.01.10-23.16.00:982][  0]LogConfig: Setting CVar [[r.HairStrands.DeepShadow.SuperSampling:0]]
[2021.01.10-23.16.00:982][  0]LogConfig: Setting CVar [[r.HairStrands.VisibilityPPLL:0]]
[2021.01.10-23.16.00:982][  0]LogConfig: Setting CVar [[r.HairStrands.RasterizationScale:0.5]]
[2021.01.10-23.16.00:982][  0]LogConfig: Setting CVar [[r.HairStrands.VelocityRasterizationScale:1]]
[2021.01.10-23.16.00:982][  0]LogInit: Selected Device Profile: [Windows]
[2021.01.10-23.16.00:982][  0]LogInit: Applying CVar settings loaded from the selected device profile: [Windows]
[2021.01.10-23.16.00:982][  0]LogHAL: Display: Platform has ~ 16 GB [16925786112 / 17179869184 / 16], which maps to Larger [LargestMinGB=32, LargerMinGB=12, DefaultMinGB=8, SmallerMinGB=6, SmallestMinGB=0)
[2021.01.10-23.16.00:982][  0]LogInit: Going up to parent DeviceProfile []
[2021.01.10-23.16.00:982][  0]LogConfig: Applying CVar settings from Section [ViewDistanceQuality@3] File [C:/Users/carlo/OneDrive/Documents/Unreal Projects/DemoGameProject1/DemoGame1/Saved/Config/Windows/Scalability.ini]
[2021.01.10-23.16.00:982][  0]LogConfig: Setting CVar [[r.SkeletalMeshLODBias:0]]
[2021.01.10-23.16.00:982][  0]LogConfig: Setting CVar [[r.ViewDistanceScale:1.0]]
[2021.01.10-23.16.00:982][  0]LogConfig: Applying CVar settings from Section [AntiAliasingQuality@3] File [C:/Users/carlo/OneDrive/Documents/Unreal Projects/DemoGameProject1/DemoGame1/Saved/Config/Windows/Scalability.ini]
[2021.01.10-23.16.00:982][  0]LogConfig: Setting CVar [[r.PostProcessAAQuality:4]]
[2021.01.10-23.16.00:982][  0]LogConfig: Applying CVar settings from Section [ShadowQuality@3] File [C:/Users/carlo/OneDrive/Documents/Unreal Projects/DemoGameProject1/DemoGame1/Saved/Config/Windows/Scalability.ini]
[2021.01.10-23.16.00:983][  0]LogConfig: Setting CVar [[r.LightFunctionQuality:1]]
[2021.01.10-23.16.00:983][  0]LogConfig: Setting CVar [[r.ShadowQuality:5]]
[2021.01.10-23.16.00:983][  0]LogConfig: Setting CVar [[r.Shadow.CSM.MaxCascades:10]]
[2021.01.10-23.16.00:983][  0]LogConfig: Setting CVar [[r.Shadow.MaxResolution:2048]]
[2021.01.10-23.16.00:983][  0]LogConfig: Setting CVar [[r.Shadow.MaxCSMResolution:2048]]
[2021.01.10-23.16.00:983][  0]LogConfig: Setting CVar [[r.Shadow.RadiusThreshold:0.01]]
[2021.01.10-23.16.00:983][  0]LogConfig: Setting CVar [[r.Shadow.DistanceScale:1.0]]
[2021.01.10-23.16.00:983][  0]LogConfig: Setting CVar [[r.Shadow.CSM.TransitionScale:1.0]]
[2021.01.10-23.16.00:983][  0]LogConfig: Setting CVar [[r.Shadow.PreShadowResolutionFactor:1.0]]
[2021.01.10-23.16.00:983][  0]LogConfig: Setting CVar [[r.DistanceFieldShadowing:1]]
[2021.01.10-23.16.00:983][  0]LogConfig: Setting CVar [[r.DistanceFieldAO:1]]
[2021.01.10-23.16.00:983][  0]LogConfig: Setting CVar [[r.AOQuality:2]]
[2021.01.10-23.16.00:983][  0]LogConfig: Setting CVar [[r.VolumetricFog:1]]
[2021.01.10-23.16.00:983][  0]LogConfig: Setting CVar [[r.VolumetricFog.GridPixelSize:8]]
[2021.01.10-23.16.00:983][  0]LogConfig: Setting CVar [[r.VolumetricFog.GridSizeZ:128]]
[2021.01.10-23.16.00:983][  0]LogConfig: Setting CVar [[r.VolumetricFog.HistoryMissSupersampleCount:4]]
[2021.01.10-23.16.00:983][  0]LogConfig: Setting CVar [[r.LightMaxDrawDistanceScale:1]]
[2021.01.10-23.16.00:983][  0]LogConfig: Setting CVar [[r.CapsuleShadows:1]]
[2021.01.10-23.16.00:983][  0]LogConfig: Applying CVar settings from Section [PostProcessQuality@3] File [C:/Users/carlo/OneDrive/Documents/Unreal Projects/DemoGameProject1/DemoGame1/Saved/Config/Windows/Scalability.ini]
[2021.01.10-23.16.00:983][  0]LogConfig: Setting CVar [[r.MotionBlurQuality:4]]
[2021.01.10-23.16.00:983][  0]LogConfig: Setting CVar [[r.AmbientOcclusionMipLevelFactor:0.4]]
[2021.01.10-23.16.00:983][  0]LogConfig: Setting CVar [[r.AmbientOcclusionMaxQuality:100]]
[2021.01.10-23.16.00:983][  0]LogConfig: Setting CVar [[r.AmbientOcclusionLevels:-1]]
[2021.01.10-23.16.00:983][  0]LogConfig: Setting CVar [[r.AmbientOcclusionRadiusScale:1.0]]
[2021.01.10-23.16.00:983][  0]LogConfig: Setting CVar [[r.DepthOfFieldQuality:2]]
[2021.01.10-23.16.00:983][  0]LogConfig: Setting CVar [[r.RenderTargetPoolMin:400]]
[2021.01.10-23.16.00:983][  0]LogConfig: Setting CVar [[r.LensFlareQuality:2]]
[2021.01.10-23.16.00:983][  0]LogConfig: Setting CVar [[r.SceneColorFringeQuality:1]]
[2021.01.10-23.16.00:983][  0]LogConfig: Setting CVar [[r.EyeAdaptationQuality:2]]
[2021.01.10-23.16.00:983][  0]LogConfig: Setting CVar [[r.BloomQuality:5]]
[2021.01.10-23.16.00:983][  0]LogConfig: Setting CVar [[r.FastBlurThreshold:100]]
[2021.01.10-23.16.00:983][  0]LogConfig: Setting CVar [[r.Upscale.Quality:3]]
[2021.01.10-23.16.00:983][  0]LogConfig: Setting CVar [[r.Tonemapper.GrainQuantization:1]]
[2021.01.10-23.16.00:983][  0]LogConfig: Setting CVar [[r.LightShaftQuality:1]]
[2021.01.10-23.16.00:983][  0]LogConfig: Setting CVar [[r.Filter.SizeScale:1]]
[2021.01.10-23.16.00:983][  0]LogConfig: Setting CVar [[r.Tonemapper.Quality:5]]
[2021.01.10-23.16.00:983][  0]LogConfig: Setting CVar [[r.DOF.Gather.AccumulatorQuality:1        ; higher gathering accumulator quality]]
[2021.01.10-23.16.00:983][  0]LogConfig: Setting CVar [[r.DOF.Gather.PostfilterMethod:1          ; Median3x3 postfilering method]]
[2021.01.10-23.16.00:983][  0]LogConfig: Setting CVar [[r.DOF.Gather.EnableBokehSettings:0       ; no bokeh simulation when gathering]]
[2021.01.10-23.16.00:983][  0]LogConfig: Setting CVar [[r.DOF.Gather.RingCount:4                 ; medium number of samples when gathering]]
[2021.01.10-23.16.00:983][  0]LogConfig: Setting CVar [[r.DOF.Scatter.ForegroundCompositing:1    ; additive foreground scattering]]
[2021.01.10-23.16.00:983][  0]LogConfig: Setting CVar [[r.DOF.Scatter.BackgroundCompositing:2    ; additive background scattering]]
[2021.01.10-23.16.00:983][  0]LogConfig: Setting CVar [[r.DOF.Scatter.EnableBokehSettings:1      ; bokeh simulation when scattering]]
[2021.01.10-23.16.00:983][  0]LogConfig: Setting CVar [[r.DOF.Scatter.MaxSpriteRatio:0.1         ; only a maximum of 10% of scattered bokeh]]
[2021.01.10-23.16.00:983][  0]LogConfig: Setting CVar [[r.DOF.Recombine.Quality:1                ; cheap slight out of focus]]
[2021.01.10-23.16.00:983][  0]LogConfig: Setting CVar [[r.DOF.Recombine.EnableBokehSettings:0    ; no bokeh simulation on slight out of focus]]
[2021.01.10-23.16.00:983][  0]LogConfig: Setting CVar [[r.DOF.TemporalAAQuality:1                ; more stable temporal accumulation]]
[2021.01.10-23.16.00:983][  0]LogConfig: Setting CVar [[r.DOF.Kernel.MaxForegroundRadius:0.025]]
[2021.01.10-23.16.00:983][  0]LogConfig: Setting CVar [[r.DOF.Kernel.MaxBackgroundRadius:0.025]]
[2021.01.10-23.16.00:983][  0]LogConfig: Applying CVar settings from Section [TextureQuality@3] File [C:/Users/carlo/OneDrive/Documents/Unreal Projects/DemoGameProject1/DemoGame1/Saved/Config/Windows/Scalability.ini]
[2021.01.10-23.16.00:983][  0]LogConfig: Setting CVar [[r.Streaming.MipBias:0]]
[2021.01.10-23.16.00:983][  0]LogConfig: Setting CVar [[r.Streaming.AmortizeCPUToGPUCopy:0]]
[2021.01.10-23.16.00:983][  0]LogConfig: Setting CVar [[r.Streaming.MaxNumTexturesToStreamPerFrame:0]]
[2021.01.10-23.16.00:983][  0]LogConfig: Setting CVar [[r.Streaming.Boost:1]]
[2021.01.10-23.16.00:983][  0]LogConfig: Setting CVar [[r.MaxAnisotropy:8]]
[2021.01.10-23.16.00:983][  0]LogConfig: Setting CVar [[r.VT.MaxAnisotropy:8]]
[2021.01.10-23.16.00:983][  0]LogConfig: Setting CVar [[r.Streaming.LimitPoolSizeToVRAM:0]]
[2021.01.10-23.16.00:983][  0]LogConfig: Setting CVar [[r.Streaming.PoolSize:1000]]
[2021.01.10-23.16.00:983][  0]LogConfig: Setting CVar [[r.Streaming.MaxEffectiveScreenSize:0]]
[2021.01.10-23.16.00:983][  0]LogConfig: Applying CVar settings from Section [EffectsQuality@3] File [C:/Users/carlo/OneDrive/Documents/Unreal Projects/DemoGameProject1/DemoGame1/Saved/Config/Windows/Scalability.ini]
[2021.01.10-23.16.00:983][  0]LogConfig: Setting CVar [[r.TranslucencyLightingVolumeDim:64]]
[2021.01.10-23.16.00:983][  0]LogConfig: Setting CVar [[r.RefractionQuality:2]]
[2021.01.10-23.16.00:983][  0]LogConfig: Setting CVar [[r.SSR.Quality:3]]
[2021.01.10-23.16.00:983][  0]LogConfig: Setting CVar [[r.SSR.HalfResSceneColor:0]]
[2021.01.10-23.16.00:983][  0]LogConfig: Setting CVar [[r.SceneColorFormat:4]]
[2021.01.10-23.16.00:983][  0]LogConfig: Setting CVar [[r.DetailMode:2]]
[2021.01.10-23.16.00:983][  0]LogConfig: Setting CVar [[r.TranslucencyVolumeBlur:1]]
[2021.01.10-23.16.00:983][  0]LogConfig: Setting CVar [[r.MaterialQualityLevel:1 ; High quality]]
[2021.01.10-23.16.00:983][  0]LogConfig: Setting CVar [[r.SSS.Scale:1]]
[2021.01.10-23.16.00:983][  0]LogConfig: Setting CVar [[r.SSS.SampleSet:2]]
[2021.01.10-23.16.00:983][  0]LogConfig: Setting CVar [[r.SSS.Quality:1]]
[2021.01.10-23.16.00:983][  0]LogConfig: Setting CVar [[r.SSS.HalfRes:0]]
[2021.01.10-23.16.00:983][  0]LogConfig: Setting CVar [[r.SSGI.Quality:3]]
[2021.01.10-23.16.00:983][  0]LogConfig: Setting CVar [[r.EmitterSpawnRateScale:1.0]]
[2021.01.10-23.16.00:983][  0]LogConfig: Setting CVar [[r.ParticleLightQuality:2]]
[2021.01.10-23.16.00:983][  0]LogConfig: Setting CVar [[r.SkyAtmosphere.AerialPerspectiveLUT.FastApplyOnOpaque:1 ; Always have FastSkyLUT 1 in this case to avoid wrong sky]]
[2021.01.10-23.16.00:983][  0]LogConfig: Setting CVar [[r.SkyAtmosphere.AerialPerspectiveLUT.SampleCountPerSlice:1]]
[2021.01.10-23.16.00:983][  0]LogConfig: Setting CVar [[r.SkyAtmosphere.AerialPerspectiveLUT.DepthResolution:16.0]]
[2021.01.10-23.16.00:983][  0]LogConfig: Setting CVar [[r.SkyAtmosphere.FastSkyLUT:1]]
[2021.01.10-23.16.00:983][  0]LogConfig: Setting CVar [[r.SkyAtmosphere.FastSkyLUT.SampleCountMin:4.0]]
[2021.01.10-23.16.00:983][  0]LogConfig: Setting CVar [[r.SkyAtmosphere.FastSkyLUT.SampleCountMax:32.0]]
[2021.01.10-23.16.00:983][  0]LogConfig: Setting CVar [[r.SkyAtmosphere.SampleCountMin:4.0]]
[2021.01.10-23.16.00:983][  0]LogConfig: Setting CVar [[r.SkyAtmosphere.SampleCountMax:32.0]]
[2021.01.10-23.16.00:983][  0]LogConfig: Setting CVar [[r.SkyAtmosphere.TransmittanceLUT.UseSmallFormat:0]]
[2021.01.10-23.16.00:983][  0]LogConfig: Setting CVar [[r.SkyAtmosphere.TransmittanceLUT.SampleCount:10.0]]
[2021.01.10-23.16.00:983][  0]LogConfig: Setting CVar [[r.SkyAtmosphere.MultiScatteringLUT.SampleCount:15.0]]
[2021.01.10-23.16.00:983][  0]LogConfig: Applying CVar settings from Section [FoliageQuality@3] File [C:/Users/carlo/OneDrive/Documents/Unreal Projects/DemoGameProject1/DemoGame1/Saved/Config/Windows/Scalability.ini]
[2021.01.10-23.16.00:983][  0]LogConfig: Setting CVar [[foliage.DensityScale:1.0]]
[2021.01.10-23.16.00:983][  0]LogConfig: Setting CVar [[grass.DensityScale:1.0]]
[2021.01.10-23.16.00:983][  0]LogConfig: Applying CVar settings from Section [ShadingQuality@3] File [C:/Users/carlo/OneDrive/Documents/Unreal Projects/DemoGameProject1/DemoGame1/Saved/Config/Windows/Scalability.ini]
[2021.01.10-23.16.00:983][  0]LogConfig: Setting CVar [[r.HairStrands.SkyLighting.SampleCount:16]]
[2021.01.10-23.16.00:983][  0]LogConfig: Setting CVar [[r.HairStrands.SkyLighting.JitterIntegration:0]]
[2021.01.10-23.16.00:983][  0]LogConfig: Setting CVar [[r.HairStrands.SkyAO.SampleCount:16]]
[2021.01.10-23.16.00:983][  0]LogConfig: Setting CVar [[r.HairStrands.DeepShadow.SuperSampling:0]]
[2021.01.10-23.16.00:983][  0]LogConfig: Setting CVar [[r.HairStrands.VisibilityPPLL:0]]
[2021.01.10-23.16.00:983][  0]LogConfig: Setting CVar [[r.HairStrands.RasterizationScale:0.5]]
[2021.01.10-23.16.00:983][  0]LogConfig: Setting CVar [[r.HairStrands.VelocityRasterizationScale:1]]
[2021.01.10-23.16.00:983][  0]LogConfig: Applying CVar settings from Section [Startup] File [../../../Engine/Config/ConsoleVariables.ini]
[2021.01.10-23.16.00:984][  0]LogConfig: Setting CVar [[net.UseAdaptiveNetUpdateFrequency:0]]
[2021.01.10-23.16.00:984][  0]LogConfig: Setting CVar [[p.chaos.AllowCreatePhysxBodies:1]]
[2021.01.10-23.16.00:984][  0]LogConfig: Setting CVar [[fx.SkipVectorVMBackendOptimizations:1]]
[2021.01.10-23.16.00:984][  0]LogConfig: Applying CVar settings from Section [ConsoleVariables] File [C:/Users/carlo/OneDrive/Documents/Unreal Projects/DemoGameProject1/DemoGame1/Saved/Config/Windows/Engine.ini]
[2021.01.10-23.16.00:984][  0]LogInit: Computer: DESKTOP-4VJ6QC5
[2021.01.10-23.16.00:984][  0]LogInit: User: carlo
[2021.01.10-23.16.00:984][  0]LogInit: CPU Page size=4096, Cores=6
[2021.01.10-23.16.00:984][  0]LogInit: High frequency timer resolution =10.000000 MHz
[2021.01.10-23.16.00:984][  0]LogMemory: Memory total: Physical=15.8GB (16GB approx)
[2021.01.10-23.16.00:984][  0]LogMemory: Platform Memory Stats for Windows
[2021.01.10-23.16.00:984][  0]LogMemory: Process Physical Memory: 116.61 MB used, 116.61 MB peak
[2021.01.10-23.16.00:984][  0]LogMemory: Process Virtual Memory: 105.76 MB used, 105.76 MB peak
[2021.01.10-23.16.00:984][  0]LogMemory: Physical Memory: 10433.37 MB used,  5708.32 MB free, 16141.69 MB total
[2021.01.10-23.16.00:984][  0]LogMemory: Virtual Memory: 5174.91 MB used,  134212552.00 MB free, 134217728.00 MB total
[2021.01.10-23.16.01:173][  0]LogWindows: WindowsPlatformFeatures enabled
[2021.01.10-23.16.01:201][  0]LogInit: Physics initialised using underlying interface: PhysX
[2021.01.10-23.16.01:202][  0]LogInit: Using OS detected language (en-US).
[2021.01.10-23.16.01:202][  0]LogInit: Using OS detected locale (en-US).
[2021.01.10-23.16.01:205][  0]LogTextLocalizationManager: No specific localization for 'en-US' exists, so the 'en' localization will be used.
[2021.01.10-23.16.01:359][  0]LogInit: Setting process to per monitor DPI aware
[2021.01.10-23.16.01:384][  0]LogSlate: New Slate User Created.  User Index 0, Is Virtual User: 0
[2021.01.10-23.16.01:384][  0]LogSlate: Slate User Registered.  User Index 0, Is Virtual User: 0
[2021.01.10-23.16.01:525][  0]LogHMD: Failed to initialize OpenVR with code 110
[2021.01.10-23.16.01:525][  0]LogD3D11RHI: D3D11 min allowed feature level: 11_0
[2021.01.10-23.16.01:525][  0]LogD3D11RHI: D3D11 max allowed feature level: 11_0
[2021.01.10-23.16.01:525][  0]LogD3D11RHI: D3D11 adapters:
[2021.01.10-23.16.01:599][  0]LogD3D11RHI:    0. 'NVIDIA GeForce GTX 1660 Ti' (Feature Level 11_0)
[2021.01.10-23.16.01:599][  0]LogD3D11RHI:       5991/0/8070 MB DedicatedVideo/DedicatedSystem/SharedSystem, Outputs:2, VendorId:0x10de
[2021.01.10-23.16.01:612][  0]LogD3D11RHI:    1. 'Intel(R) UHD Graphics' (Feature Level 11_0)
[2021.01.10-23.16.01:612][  0]LogD3D11RHI:       128/0/8070 MB DedicatedVideo/DedicatedSystem/SharedSystem, Outputs:0, VendorId:0x8086
[2021.01.10-23.16.01:614][  0]LogD3D11RHI:    2. 'Microsoft Basic Render Driver' (Feature Level 11_0)
[2021.01.10-23.16.01:614][  0]LogD3D11RHI:       0/0/8070 MB DedicatedVideo/DedicatedSystem/SharedSystem, Outputs:0, VendorId:0x1414
[2021.01.10-23.16.01:614][  0]LogD3D11RHI: Chosen D3D11 Adapter: 0
[2021.01.10-23.16.01:629][  0]LogD3D11RHI: Creating new Direct3DDevice
[2021.01.10-23.16.01:629][  0]LogD3D11RHI:     GPU DeviceId: 0x2191 (for the marketing name, search the web for "GPU Device Id")
[2021.01.10-23.16.01:629][  0]LogWindows: EnumDisplayDevices:
[2021.01.10-23.16.01:630][  0]LogWindows:    0. 'Intel(R) UHD Graphics' (P:1 D:1)
[2021.01.10-23.16.01:630][  0]LogWindows:    1. 'Intel(R) UHD Graphics' (P:0 D:0)
[2021.01.10-23.16.01:630][  0]LogWindows:    2. 'Intel(R) UHD Graphics' (P:0 D:0)
[2021.01.10-23.16.01:630][  0]LogWindows:    3. 'NVIDIA GeForce GTX 1660 Ti' (P:0 D:1)
[2021.01.10-23.16.01:630][  0]LogWindows:    4. 'NVIDIA GeForce GTX 1660 Ti' (P:0 D:0)
[2021.01.10-23.16.01:630][  0]LogWindows:    5. 'NVIDIA GeForce GTX 1660 Ti' (P:0 D:0)
[2021.01.10-23.16.01:630][  0]LogWindows:    6. 'NVIDIA GeForce GTX 1660 Ti' (P:0 D:0)
[2021.01.10-23.16.01:631][  0]LogWindows: DebugString: PrimaryIsNotTheChoosenAdapter PrimaryIsNotTheChoosenAdapter PrimaryIsNotTheChoosenAdapter FoundDriverCount:4 
[2021.01.10-23.16.01:631][  0]LogD3D11RHI:     Adapter Name: NVIDIA GeForce GTX 1660 Ti
[2021.01.10-23.16.01:631][  0]LogD3D11RHI:   Driver Version: 452.41 (internal:27.21.14.5241, unified:452.41)
[2021.01.10-23.16.01:631][  0]LogD3D11RHI:      Driver Date: 9-23-2020
[2021.01.10-23.16.01:631][  0]LogRHI: Texture pool is 4193 MB (70% of 5991 MB)
[2021.01.10-23.16.01:686][  0]LogD3D11RHI: RHI has support for 64 bit atomics
[2021.01.10-23.16.01:686][  0]LogD3D11RHI: Async texture creation enabled
[2021.01.10-23.16.01:686][  0]LogD3D11RHI: Array index from any shader is supported
[2021.01.10-23.16.01:706][  0]LogD3D11RHI: GPU Timing Frequency: 1000.000000 (Debug: 2 2)
[2021.01.10-23.16.01:943][  0]LogTargetPlatformManager: Display: Loaded TargetPlatform 'AllDesktop'
[2021.01.10-23.16.01:962][  0]LogTargetPlatformManager: Display: Loaded TargetPlatform 'Android'
[2021.01.10-23.16.01:962][  0]LogTargetPlatformManager: Display: Loaded TargetPlatform 'Android_ASTC'
[2021.01.10-23.16.01:962][  0]LogTargetPlatformManager: Display: Loaded TargetPlatform 'Android_DXT'
[2021.01.10-23.16.01:962][  0]LogTargetPlatformManager: Display: Loaded TargetPlatform 'Android_ETC2'
[2021.01.10-23.16.01:962][  0]LogTargetPlatformManager: Display: Loaded TargetPlatform 'AndroidClient'
[2021.01.10-23.16.01:962][  0]LogTargetPlatformManager: Display: Loaded TargetPlatform 'Android_ASTCClient'
[2021.01.10-23.16.01:962][  0]LogTargetPlatformManager: Display: Loaded TargetPlatform 'Android_DXTClient'
[2021.01.10-23.16.01:962][  0]LogTargetPlatformManager: Display: Loaded TargetPlatform 'Android_ETC2Client'
[2021.01.10-23.16.01:962][  0]LogTargetPlatformManager: Display: Loaded TargetPlatform 'Android_Multi'
[2021.01.10-23.16.01:962][  0]LogTargetPlatformManager: Display: Loaded TargetPlatform 'Android_MultiClient'
[2021.01.10-23.16.01:983][  0]LogTargetPlatformManager: Display: Loaded TargetPlatform 'IOSClient'
[2021.01.10-23.16.01:983][  0]LogTargetPlatformManager: Display: Loaded TargetPlatform 'IOS'
[2021.01.10-23.16.01:992][  0]LogTargetPlatformManager: Display: Loaded TargetPlatform 'Linux'
[2021.01.10-23.16.02:000][  0]LogTargetPlatformManager: Display: Loaded TargetPlatform 'LinuxNoEditor'
[2021.01.10-23.16.02:008][  0]LogTargetPlatformManager: Display: Loaded TargetPlatform 'LinuxClient'
[2021.01.10-23.16.02:016][  0]LogTargetPlatformManager: Display: Loaded TargetPlatform 'LinuxServer'
[2021.01.10-23.16.02:024][  0]LogTargetPlatformManager: Display: Loaded TargetPlatform 'LinuxAArch64NoEditor'
[2021.01.10-23.16.02:033][  0]LogTargetPlatformManager: Display: Loaded TargetPlatform 'LinuxAArch64Client'
[2021.01.10-23.16.02:041][  0]LogTargetPlatformManager: Display: Loaded TargetPlatform 'LinuxAArch64Server'
[2021.01.10-23.16.02:065][  0]LogTargetPlatformManager: Display: Loaded TargetPlatform 'Lumin'
[2021.01.10-23.16.02:065][  0]LogTargetPlatformManager: Display: Loaded TargetPlatform 'LuminClient'
[2021.01.10-23.16.02:079][  0]LogTargetPlatformManager: Display: Loaded TargetPlatform 'TVOSClient'
[2021.01.10-23.16.02:079][  0]LogTargetPlatformManager: Display: Loaded TargetPlatform 'TVOS'
[2021.01.10-23.16.02:087][  0]LogTargetPlatformManager: Display: Loaded TargetPlatform 'WindowsNoEditor'
[2021.01.10-23.16.02:095][  0]LogTargetPlatformManager: Display: Loaded TargetPlatform 'Windows'
[2021.01.10-23.16.02:103][  0]LogTargetPlatformManager: Display: Loaded TargetPlatform 'WindowsClient'
[2021.01.10-23.16.02:111][  0]LogTargetPlatformManager: Display: Loaded TargetPlatform 'WindowsServer'
[2021.01.10-23.16.02:111][  0]LogTargetPlatformManager: Display: Building Assets For Windows
[2021.01.10-23.16.02:118][  0]LogAudioDebug: Display: Lib vorbis DLL was dynamically loaded.
[2021.01.10-23.16.02:172][  0]LogShaderCompilers: Guid format shader working directory is -46 characters bigger than the processId version (../../../../../../Users/carlo/OneDrive/Documents/Unreal Projects/DemoGameProject1/DemoGame1/Intermediate/Shaders/WorkingDirectory/19480/).
[2021.01.10-23.16.02:172][  0]LogShaderCompilers: Cleaned the shader compiler working directory 'C:/Users/carlo/AppData/Local/Temp/UnrealShaderWorkingDir/7907F7A24EFA6F488E9DB8BD20A51643/'.
[2021.01.10-23.16.02:172][  0]LogXGEController: Cannot use XGE Controller as Incredibuild is not installed on this machine.
[2021.01.10-23.16.02:172][  0]LogShaderCompilers: Cannot use XGE Shader Compiler as Incredibuild is not installed on this machine.
[2021.01.10-23.16.02:172][  0]LogShaderCompilers: Display: Using Local Shader Compiler.
[2021.01.10-23.16.02:804][  0]LogDerivedDataCache: Display: Max Cache Size: 512 MB
[2021.01.10-23.16.02:856][  0]LogDerivedDataCache: Loaded boot cache 0.05s 75MB C:/Users/carlo/AppData/Local/UnrealEngine/4.25/DerivedDataCache/Boot.ddc.
[2021.01.10-23.16.02:856][  0]LogDerivedDataCache: Display: Loaded Boot cache: C:/Users/carlo/AppData/Local/UnrealEngine/4.25/DerivedDataCache/Boot.ddc
[2021.01.10-23.16.02:856][  0]LogDerivedDataCache: FDerivedDataBackendGraph:  Pak pak cache file ../../../../../../Users/carlo/OneDrive/Documents/Unreal Projects/DemoGameProject1/DemoGame1/DerivedDataCache/DDC.ddp not found, will not use a pak cache.
[2021.01.10-23.16.02:856][  0]LogDerivedDataCache: Unable to find inner node Pak for hierarchical cache Hierarchy.
[2021.01.10-23.16.02:856][  0]LogDerivedDataCache: FDerivedDataBackendGraph:  CompressedPak pak cache file ../../../../../../Users/carlo/OneDrive/Documents/Unreal Projects/DemoGameProject1/DemoGame1/DerivedDataCache/Compressed.ddp not found, will not use a pak cache.
[2021.01.10-23.16.02:856][  0]LogDerivedDataCache: Unable to find inner node CompressedPak for hierarchical cache Hierarchy.
[2021.01.10-23.16.02:865][  0]LogDerivedDataCache: Display: Pak cache opened for reading ../../../Engine/DerivedDataCache/Compressed.ddp.
[2021.01.10-23.16.02:865][  0]LogDerivedDataCache: FDerivedDataBackendGraph:  EnterprisePak pak cache file ../../../Enterprise/DerivedDataCache/Compressed.ddp not found, will not use a pak cache.
[2021.01.10-23.16.02:865][  0]LogDerivedDataCache: Unable to find inner node EnterprisePak for hierarchical cache Hierarchy.
[2021.01.10-23.16.02:867][  0]LogDerivedDataCache: Using Local data cache path C:/Users/carlo/AppData/Local/UnrealEngine/Common/DerivedDataCache: Writable
[2021.01.10-23.16.02:867][  0]LogDerivedDataCache: Shared data cache path not found in *engine.ini, will not use an Shared cache.
[2021.01.10-23.16.02:867][  0]LogDerivedDataCache: Unable to find inner node Shared for hierarchical cache Hierarchy.
[2021.01.10-23.16.02:910][  0]LogSlate: Using FreeType 2.10.0
[2021.01.10-23.16.02:910][  0]LogSlate: SlateFontServices - WITH_FREETYPE: 1, WITH_HARFBUZZ: 1
[2021.01.10-23.16.02:930][  0]LogAssetRegistry: FAssetRegistry took 0.0029 seconds to start up
[2021.01.10-23.16.03:125][  0]LogInit: Selected Device Profile: [Windows]
[2021.01.10-23.16.03:239][  0]LogMeshReduction: Using QuadricMeshReduction for automatic static mesh reduction
[2021.01.10-23.16.03:239][  0]LogMeshReduction: Using SimplygonMeshReduction for automatic skeletal mesh reduction
[2021.01.10-23.16.03:239][  0]LogMeshReduction: Using ProxyLODMeshReduction for automatic mesh merging
[2021.01.10-23.16.03:239][  0]LogMeshReduction: No distributed automatic mesh merging module available
[2021.01.10-23.16.03:239][  0]LogMeshMerging: No distributed automatic mesh merging module available
[2021.01.10-23.16.03:251][  0]LogNetVersion: DemoGame1 1.0.0, NetCL: 13144385, EngineNetVer: 14, GameNetVer: 0 (Checksum: 1269417703)
[2021.01.10-23.16.03:608][  0]LogAISub: UAISubsystem::UAISubsystem AISubsystem (00000175007BDBC0), frame # 0
[2021.01.10-23.16.03:608][  0]LogAISub: UAISubsystem::UAISubsystem AIPerceptionSystem (0000017500722AC0), frame # 0
[2021.01.10-23.16.03:610][  0]LogAISub: UAISubsystem::UAISubsystem EnvQueryManager (0000017500769E00), frame # 0
[2021.01.10-23.16.03:654][  0]LogPackageLocalizationCache: Processed 19 localized package path(s) for 1 prioritized culture(s) in 0.039906 seconds
[2021.01.10-23.16.03:659][  0]LogUObjectArray: 15917 objects as part of root set at end of initial load.
[2021.01.10-23.16.03:659][  0]LogUObjectAllocator: 3965568 out of 0 bytes used by permanent object pool.
[2021.01.10-23.16.03:659][  0]LogUObjectArray: CloseDisregardForGC: 0/0 objects in disregard for GC pool
[2021.01.10-23.16.03:936][  0]LogTcpMessaging: Initializing TcpMessaging bridge
[2021.01.10-23.16.03:940][  0]LogUdpMessaging: Initializing bridge on interface 0.0.0.0:0 to multicast group 230.0.0.1:6666.
[2021.01.10-23.16.04:011][  0]SourceControl: Source control is disabled
[2021.01.10-23.16.04:011][  0]SourceControl: Source control is disabled
[2021.01.10-23.16.04:014][  0]SourceControl: Source control is disabled
[2021.01.10-23.16.04:017][  0]SourceControl: Source control is disabled
[2021.01.10-23.16.04:023][  0]SourceControl: Source control is disabled
[2021.01.10-23.16.04:222][  0]LogAndroidPermission: UAndroidPermissionCallbackProxy::GetInstance
[2021.01.10-23.16.04:237][  0]LogAudioCaptureCore: Display: No Audio Capture implementations found. Audio input will be silent.
[2021.01.10-23.16.04:237][  0]LogAudioCaptureCore: Display: No Audio Capture implementations found. Audio input will be silent.
[2021.01.10-23.16.04:277][  0]LogOcInput: OculusInput pre-init called
[2021.01.10-23.16.04:286][  0]LogWindows: Failed to load 'OVRPlugin.dll' (GetLastError=126)
[2021.01.10-23.16.04:286][  0]LogWindows: File 'OVRPlugin.dll' does not exist
[2021.01.10-23.16.04:333][  0]LogEngine: Initializing Engine...
[2021.01.10-23.16.04:334][  0]LogHMD: Failed to initialize OpenVR with code 110
[2021.01.10-23.16.04:334][  0]LogMagicLeap: Warning: VR disabled because ZI is not enabled.  To enable, in the editor, Edit -> Project Settings -> Plugins -> Magic Leap Plugin -> Enable Zero Iteration
[2021.01.10-23.16.04:335][  0]LogStats: UGameplayTagsManager::InitializeManager -  0.000 s
[2021.01.10-23.16.04:437][  0]LogInit: Initializing FReadOnlyCVARCache
[2021.01.10-23.16.04:444][  0]LogAIModule: Creating AISystem for world Untitled
[2021.01.10-23.16.04:444][  0]LogAISub: UAISubsystem::UAISubsystem EnvQueryManager (000001750241FC00), frame # 0
[2021.01.10-23.16.04:444][  0]LogAISub: UAISubsystem::UAISubsystem AIPerceptionSystem (0000017502899300), frame # 0
[2021.01.10-23.16.04:463][  0]LogAudioMixer: Display: Audio Mixer Platform Settings:
[2021.01.10-23.16.04:463][  0]LogAudioMixer: Display: 	Sample Rate:						  48000
[2021.01.10-23.16.04:463][  0]LogAudioMixer: Display: 	Callback Buffer Frame Size Requested: 1024
[2021.01.10-23.16.04:463][  0]LogAudioMixer: Display: 	Callback Buffer Frame Size To Use:	  1024
[2021.01.10-23.16.04:463][  0]LogAudioMixer: Display: 	Number of buffers to queue:			  2
[2021.01.10-23.16.04:463][  0]LogAudioMixer: Display: 	Max Channels (voices):				  32
[2021.01.10-23.16.04:463][  0]LogAudioMixer: Display: 	Number of Async Source Workers:		  0
[2021.01.10-23.16.04:463][  0]LogAudio: Display: AudioDevice MaxSources: 32
[2021.01.10-23.16.04:463][  0]LogAudio: Display: Using built-in audio occlusion.
[2021.01.10-23.16.04:463][  0]LogAudioMixer: Display: Initializing audio mixer.
[2021.01.10-23.16.04:533][  0]LogAudioMixer: Display: 0: FrontLeft
[2021.01.10-23.16.04:533][  0]LogAudioMixer: Display: 1: FrontRight
[2021.01.10-23.16.04:533][  0]LogAudioMixer: Display: 2: FrontCenter
[2021.01.10-23.16.04:533][  0]LogAudioMixer: Display: 3: LowFrequency
[2021.01.10-23.16.04:533][  0]LogAudioMixer: Display: 4: BackLeft
[2021.01.10-23.16.04:533][  0]LogAudioMixer: Display: 5: BackRight
[2021.01.10-23.16.04:533][  0]LogAudioMixer: Display: 6: SideLeft
[2021.01.10-23.16.04:533][  0]LogAudioMixer: Display: 7: SideRight
[2021.01.10-23.16.04:735][  0]LogAudioMixer: Display: Using Audio Device Speakers (Realtek(R) Audio)
[2021.01.10-23.16.04:741][  0]LogAudioMixer: Display: Initializing Sound Submixes...
[2021.01.10-23.16.04:742][  0]LogAudioMixer: Display: Creating Master Submix 'MasterSubmixDefault'
[2021.01.10-23.16.04:742][  0]LogAudioMixer: Display: Creating Master Submix 'MasterReverbSubmixDefault'
[2021.01.10-23.16.04:743][  0]LogAudioMixer: Display: Creating Master Submix 'MasterEQSubmixDefault'
[2021.01.10-23.16.04:744][  0]LogInit: FAudioDevice initialized.
[2021.01.10-23.16.04:744][  0]LogNetVersion: Set ProjectVersion to 1.0.0.0. Version Checksum will be recalculated on next use.
[2021.01.10-23.16.04:791][  0]LogDerivedDataCache: Saved boot cache 0.05s 75MB C:/Users/carlo/AppData/Local/UnrealEngine/4.25/DerivedDataCache/Boot.ddc.
[2021.01.10-23.16.04:792][  0]LogInit: Texture streaming: Enabled
[2021.01.10-23.16.04:806][  0]LogEngineSessionManager: EngineSessionManager initialized
[2021.01.10-23.16.04:806][  0]LogEditorSessionSummary: Verbose: Initializing EditorSessionSummaryWriter for editor session tracking
[2021.01.10-23.16.04:810][  0]LogEditorSessionSummary: EditorSessionSummaryWriter initialized
[2021.01.10-23.16.04:852][  0]LogInit: Transaction tracking system initialized
[2021.01.10-23.16.04:871][  0]BlueprintLog: New page: Editor Load
[2021.01.10-23.16.04:926][  0]LocalizationService: Localization service is disabled
[2021.01.10-23.16.05:067][  0]LogCook: Display: Max memory allowance for cook 16384mb min free memory 0mb
[2021.01.10-23.16.05:067][  0]LogCook: Display: Mobile HDR setting 1
[2021.01.10-23.16.05:180][  0]LogFileCache: Scanning file cache for directory 'C:/Users/carlo/OneDrive/Documents/Unreal Projects/DemoGameProject1/DemoGame1/Content/' took 0.04s
[2021.01.10-23.16.05:352][  0]SourceControl: Source control is disabled
[2021.01.10-23.16.05:352][  0]LogUnrealEdMisc: Loading editor; pre map load, took 5.681
[2021.01.10-23.16.05:352][  0]Cmd: MAP LOAD FILE="../../../../../../Users/carlo/OneDrive/Documents/Unreal Projects/DemoGameProject1/DemoGame1/Content/SoulCity/Maps/LV_Soul_Slum.umap" TEMPLATE=0 SHOWPROGRESS=1 FEATURELEVEL=3
[2021.01.10-23.16.05:353][  0]LightingResults: New page: Lighting Build
[2021.01.10-23.16.05:353][  0]LogWorld: UWorld::CleanupWorld for Untitled, bSessionEnded=true, bCleanupResources=true
[2021.01.10-23.16.05:353][  0]LogSlate: InvalidateAllWidgets triggered.  All widgets were invalidated
[2021.01.10-23.16.05:353][  0]MapCheck: New page: Map Check
[2021.01.10-23.16.05:353][  0]LightingResults: New page: Lighting Build
[2021.01.10-23.16.05:362][  0]LogAISub: UAISubsystem::~UAISubsystem EnvQueryManager (000001750241FC00), frame # 0
[2021.01.10-23.16.05:362][  0]LogAISub: UAISubsystem::~UAISubsystem AIPerceptionSystem (0000017502899300), frame # 0
[2021.01.10-23.16.05:363][  0]LogUObjectHash: Compacting FUObjectHashTables data took   0.62ms
[2021.01.10-23.16.08:497][  0]LogAIModule: Creating AISystem for world LV_Soul_Slum
[2021.01.10-23.16.08:497][  0]LogAISub: UAISubsystem::UAISubsystem EnvQueryManager (0000017531AB7E00), frame # 0
[2021.01.10-23.16.08:497][  0]LogAISub: UAISubsystem::UAISubsystem AIPerceptionSystem (000001752B6DCE00), frame # 0
[2021.01.10-23.16.08:706][  0]LogStreaming: Display: ULevelStreaming::RequestLevel(/Game/SoulCity/Maps/SLV_Soul_Slum_Collision) is flushing async loading
[2021.01.10-23.16.08:706][  0]LogStreaming: Display: Flushing async loaders.
[2021.01.10-23.16.08:797][  0]LogEditorServer: Finished looking for orphan Actors (0.000 secs)
[2021.01.10-23.16.08:839][  0]LogUObjectHash: Compacting FUObjectHashTables data took   1.10ms
[2021.01.10-23.16.08:839][  0]Cmd: MAP CHECKDEP NOCLEARLOG
[2021.01.10-23.16.08:840][  0]MapCheck: Map check complete: 0 Error(s), 0 Warning(s), took 0.433ms to complete.
[2021.01.10-23.16.08:840][  0]LogFileHelpers: Loading map 'LV_Soul_Slum' took 3.487
[2021.01.10-23.16.08:842][  0]LogUnrealEdMisc: Total Editor Startup Time, took 9.170
[2021.01.10-23.16.08:960][  0]LogSlate: Updating window title bar state: overlay mode, drag disabled, window buttons hidden, title bar hidden
[2021.01.10-23.16.08:967][  0]LogSlate: Updating window title bar state: overlay mode, drag disabled, window buttons hidden, title bar hidden
[2021.01.10-23.16.08:973][  0]LogSlate: Updating window title bar state: overlay mode, drag disabled, window buttons hidden, title bar hidden
[2021.01.10-23.16.08:979][  0]LogSlate: Updating window title bar state: overlay mode, drag disabled, window buttons hidden, title bar hidden
[2021.01.10-23.16.08:997][  0]LogCollectionManager: Loaded 0 collections in 0.001387 seconds
[2021.01.10-23.16.09:040][  0]LogFileCache: Scanning file cache for directory 'C:/Users/carlo/OneDrive/Documents/Unreal Projects/DemoGameProject1/DemoGame1/Saved/Collections/' took 0.00s
[2021.01.10-23.16.09:040][  0]LogFileCache: Scanning file cache for directory 'C:/Users/carlo/OneDrive/Documents/Unreal Projects/DemoGameProject1/DemoGame1/Content/Developers/carlo/Collections/' took 0.00s
[2021.01.10-23.16.09:040][  0]LogFileCache: Scanning file cache for directory 'C:/Users/carlo/OneDrive/Documents/Unreal Projects/DemoGameProject1/DemoGame1/Content/Collections/' took 0.00s
[2021.01.10-23.16.09:040][  0]LogContentBrowser: Native class hierarchy populated in 0.0085 seconds. Added 3432 classes and 823 folders.
[2021.01.10-23.16.09:048][  0]LogContentBrowser: Native class hierarchy updated for 'WidgetCarousel' in 0.0004 seconds. Added 0 classes and 0 folders.
[2021.01.10-23.16.09:146][  0]LogContentBrowser: Native class hierarchy updated for 'AddContentDialog' in 0.0004 seconds. Added 0 classes and 0 folders.
[2021.01.10-23.16.09:153][  0]LogContentBrowser: Native class hierarchy updated for 'SceneOutliner' in 0.0004 seconds. Added 2 classes and 0 folders.
[2021.01.10-23.16.09:888][  0]LogSlate: Took 0.000137 seconds to synchronously load lazily loaded font '../../../Engine/Content/Slate/Fonts/Roboto-Regular.ttf' (155K)
[2021.01.10-23.16.09:890][  0]LogSlate: Took 0.000144 seconds to synchronously load lazily loaded font '../../../Engine/Content/Slate/Fonts/Roboto-Bold.ttf' (160K)
[2021.01.10-23.16.09:896][  0]LogSlate: Took 0.000597 seconds to synchronously load lazily loaded font '../../../Engine/Content/Editor/Slate/Fonts/FontAwesome.ttf' (139K)
[2021.01.10-23.16.10:012][  0]LogRenderer: Reallocating scene render targets to support 1208x572 Format 10 NumSamples 1 (Frame:1).
[2021.01.10-23.16.10:079][  0]LogSlate: Took 0.000691 seconds to synchronously load lazily loaded font '../../../Engine/Content/Slate/Fonts/Roboto-Light.ttf' (167K)
[2021.01.10-23.16.10:179][  0]LogContentBrowser: Native class hierarchy updated for 'HierarchicalLODOutliner' in 0.0003 seconds. Added 0 classes and 0 folders.
[2021.01.10-23.16.10:179][  0]LogLoad: (Engine Initialization) Total time: 10.51 seconds
[2021.01.10-23.16.10:179][  0]LogLoad: (Engine Initialization) Total Blueprint compile time: 0.00 seconds
[2021.01.10-23.16.10:401][  0]LogContentStreaming: Texture pool size now 1000 MB
[2021.01.10-23.16.10:465][  1]LogAssetRegistry: Asset discovery search completed in 7.5359 seconds
[2021.01.10-23.16.10:471][  1]LogCollectionManager: Fixed up redirectors for 0 collections in 0.000002 seconds (updated 0 objects)
[2021.01.10-23.16.11:236][ 57]LogSlate: Took 0.000152 seconds to synchronously load lazily loaded font '../../../Engine/Content/Slate/Fonts/Roboto-Light.ttf' (167K)
[2021.01.10-23.16.19:540][776]LogTemp: Repeating last play command: Selected Viewport
[2021.01.10-23.16.19:552][776]LogPlayLevel: PlayLevel: No blueprints needed recompiling
[2021.01.10-23.16.19:555][776]PIE: New page: PIE session: LV_Soul_Slum (Jan 10, 2021, 1:16:19 PM)
[2021.01.10-23.16.19:557][776]LogOnline: OSS: Creating online subsystem instance for: NULL
[2021.01.10-23.16.19:558][776]LogOnline: OSS: TryLoadSubsystemAndSetDefault: Loaded subsystem for module [NULL]
[2021.01.10-23.16.19:558][776]LogPlayLevel: Creating play world package: /Game/SoulCity/Maps/UEDPIE_0_LV_Soul_Slum
[2021.01.10-23.16.19:769][776]LogPlayLevel: PIE: StaticDuplicateObject took: (0.209722s)
[2021.01.10-23.16.19:771][776]LogAIModule: Creating AISystem for world LV_Soul_Slum
[2021.01.10-23.16.19:771][776]LogAISub: UAISubsystem::UAISubsystem EnvQueryManager (00000175BBF78C00), frame # 776
[2021.01.10-23.16.19:771][776]LogAISub: UAISubsystem::UAISubsystem AIPerceptionSystem (00000175755AB4C0), frame # 776
[2021.01.10-23.16.19:772][776]LogPlayLevel: PIE: World Init took: (0.001382s)
[2021.01.10-23.16.19:772][776]LogPlayLevel: PIE: Created PIE world by copying editor world from /Game/SoulCity/Maps/LV_Soul_Slum.LV_Soul_Slum to /Game/SoulCity/Maps/UEDPIE_0_LV_Soul_Slum.LV_Soul_Slum (0.213034s)
[2021.01.10-23.16.19:784][776]LogUObjectHash: Compacting FUObjectHashTables data took   0.85ms
[2021.01.10-23.16.19:787][776]LogAudioMixer: Display: Audio Mixer Platform Settings:
[2021.01.10-23.16.19:787][776]LogAudioMixer: Display: 	Sample Rate:						  48000
[2021.01.10-23.16.19:787][776]LogAudioMixer: Display: 	Callback Buffer Frame Size Requested: 1024
[2021.01.10-23.16.19:787][776]LogAudioMixer: Display: 	Callback Buffer Frame Size To Use:	  1024
[2021.01.10-23.16.19:787][776]LogAudioMixer: Display: 	Number of buffers to queue:			  2
[2021.01.10-23.16.19:787][776]LogAudioMixer: Display: 	Max Channels (voices):				  32
[2021.01.10-23.16.19:787][776]LogAudioMixer: Display: 	Number of Async Source Workers:		  0
[2021.01.10-23.16.19:787][776]LogAudio: Display: AudioDevice MaxSources: 32
[2021.01.10-23.16.19:787][776]LogAudio: Display: Using built-in audio occlusion.
[2021.01.10-23.16.19:787][776]LogAudioMixer: Display: Initializing audio mixer.
[2021.01.10-23.16.19:789][776]LogAudioMixer: Display: 0: FrontLeft
[2021.01.10-23.16.19:789][776]LogAudioMixer: Display: 1: FrontRight
[2021.01.10-23.16.19:789][776]LogAudioMixer: Display: 2: FrontCenter
[2021.01.10-23.16.19:789][776]LogAudioMixer: Display: 3: LowFrequency
[2021.01.10-23.16.19:789][776]LogAudioMixer: Display: 4: BackLeft
[2021.01.10-23.16.19:789][776]LogAudioMixer: Display: 5: BackRight
[2021.01.10-23.16.19:789][776]LogAudioMixer: Display: 6: SideLeft
[2021.01.10-23.16.19:789][776]LogAudioMixer: Display: 7: SideRight
[2021.01.10-23.16.19:823][776]LogAudioMixer: Display: Using Audio Device Speakers (Realtek(R) Audio)
[2021.01.10-23.16.19:823][776]LogAudioMixer: Display: Initializing Sound Submixes...
[2021.01.10-23.16.19:824][776]LogAudioMixer: Display: Creating Master Submix 'MasterSubmixDefault'
[2021.01.10-23.16.19:824][776]LogAudioMixer: Display: Creating Master Submix 'MasterReverbSubmixDefault'
[2021.01.10-23.16.19:824][776]LogAudioMixer: Display: Creating Master Submix 'MasterEQSubmixDefault'
[2021.01.10-23.16.19:836][776]LogInit: FAudioDevice initialized.
[2021.01.10-23.16.19:843][776]LogLoad: Game class is 'BP_DemoGame1GameMode_C'
[2021.01.10-23.16.19:967][776]LogWorld: Bringing World /Game/SoulCity/Maps/UEDPIE_0_LV_Soul_Slum.LV_Soul_Slum up for play (max tick rate 0) at 2021.01.10-18.16.19
[2021.01.10-23.16.20:001][776]LogWorld: Bringing up level for play took: 0.069055
[2021.01.10-23.16.20:001][776]LogOnline: OSS: Creating online subsystem instance for: :Context_2
[2021.01.10-23.16.20:010][776]LogContentBrowser: Native class hierarchy updated for 'MovieSceneCapture' in 0.0005 seconds. Added 20 classes and 0 folders.
[2021.01.10-23.16.20:023][776]PIE: Server logged in
[2021.01.10-23.16.20:025][776]PIE: Play in editor total start time 0.474 seconds.
[2021.01.10-23.16.43:412][542]LogSlate: Updating window title bar state: overlay mode, drag disabled, window buttons hidden, title bar hidden
[2021.01.10-23.16.43:412][542]LogWorld: BeginTearingDown for /Game/SoulCity/Maps/UEDPIE_0_LV_Soul_Slum
[2021.01.10-23.16.43:415][542]LogWorld: UWorld::CleanupWorld for LV_Soul_Slum, bSessionEnded=true, bCleanupResources=true
[2021.01.10-23.16.43:422][542]LogSlate: InvalidateAllWidgets triggered.  All widgets were invalidated
[2021.01.10-23.16.43:429][542]LogPlayLevel: Display: Shutting down PIE online subsystems
[2021.01.10-23.16.43:433][542]LogSlate: InvalidateAllWidgets triggered.  All widgets were invalidated
[2021.01.10-23.16.43:465][542]LogSlate: Updating window title bar state: overlay mode, drag disabled, window buttons hidden, title bar hidden
[2021.01.10-23.16.43:485][542]LogAISub: UAISubsystem::~UAISubsystem EnvQueryManager (00000175BBF78C00), frame # 3542
[2021.01.10-23.16.43:485][542]LogAISub: UAISubsystem::~UAISubsystem AIPerceptionSystem (00000175755AB4C0), frame # 3542
[2021.01.10-23.16.43:487][542]LogUObjectHash: Compacting FUObjectHashTables data took   0.93ms
[2021.01.10-23.16.43:550][543]LogPlayLevel: Display: Destroying online subsystem :Context_2
[2021.01.10-23.16.43:568][543]LogUObjectHash: Compacting FUObjectHashTables data took   1.12ms
[2021.01.10-23.16.53:358][534]LogAssetEditorSubsystem: Opening Asset editor for AnimBlueprint /Game/Chapter7/BP_MainAnim.BP_MainAnim
[2021.01.10-23.16.53:375][534]LogContentBrowser: Native class hierarchy updated for 'SkeletonEditor' in 0.0004 seconds. Added 1 classes and 2 folders.
[2021.01.10-23.16.53:541][534]LogActorComponent: RegisterComponentWithWorld: (/Engine/Transient.World_4:PersistentLevel.AnimationEditorPreviewActor_0.DebugSkelMeshComponent_0) Already registered. Aborting.
[2021.01.10-23.16.53:546][534]LogContentBrowser: Native class hierarchy updated for 'PinnedCommandList' in 0.0004 seconds. Added 1 classes and 0 folders.
[2021.01.10-23.16.53:766][534]LogContentBrowser: Native class hierarchy updated for 'BlueprintGraph' in 0.0006 seconds. Added 125 classes and 0 folders.
[2021.01.10-23.16.54:495][534]LogSkeletalMesh: USkeletalMeshComponent::InitArticulated : Bodies already created (/Engine/Transient.World_4:PersistentLevel.AnimationEditorPreviewActor_0.DebugSkelMeshComponent_0) - call TermArticulated first.
[2021.01.10-23.16.54:755][534]LogSlate: Took 0.000182 seconds to synchronously load lazily loaded font '../../../Engine/Content/Slate/Fonts/Roboto-BoldCondensed.ttf' (158K)
[2021.01.10-23.16.54:795][534]LogContentBrowser: Native class hierarchy updated for 'ClothingSystemEditorInterface' in 0.0003 seconds. Added 1 classes and 0 folders.
[2021.01.10-23.16.54:822][534]LogContentBrowser: Verbose: The majority of assets in the view are of type: AnimSequence
[2021.01.10-23.16.57:748][721]LogSlate: Window 'BP_MainAnim' being destroyed
[2021.01.10-23.17.01:209][121]LogSlate: Took 0.000588 seconds to synchronously load lazily loaded font '../../../Engine/Content/Slate/Fonts/Roboto-Italic.ttf' (157K)
[2021.01.10-23.18.12:267][494]BlueprintLog: New page: Compile BP_MainAnim
[2021.01.10-23.18.12:331][494]LogUObjectHash: Compacting FUObjectHashTables data took   3.47ms
[2021.01.10-23.18.12:364][494]LogSlate: Took 0.000670 seconds to synchronously load lazily loaded font '../../../Engine/Content/Slate/Fonts/DroidSansMono.ttf' (77K)
[2021.01.10-23.19.40:184][958]LogSelectionDetails: Warning: NavigateToFunctionSource:  Unable to find symbols for 'UMainAnimInstance::UpdateAnimationProperties' []
[2021.01.10-23.19.46:842][737]LogWorld: UWorld::CleanupWorld for World_4, bSessionEnded=true, bCleanupResources=true
[2021.01.10-23.19.46:842][737]LogSlate: InvalidateAllWidgets triggered.  All widgets were invalidated
[2021.01.10-23.19.46:852][737]LogWorld: UWorld::CleanupWorld for World_3, bSessionEnded=true, bCleanupResources=true
[2021.01.10-23.19.46:852][737]LogSlate: InvalidateAllWidgets triggered.  All widgets were invalidated
[2021.01.10-23.19.46:958][737]LogWorld: UWorld::CleanupWorld for World_5, bSessionEnded=true, bCleanupResources=true
[2021.01.10-23.19.46:958][737]LogSlate: InvalidateAllWidgets triggered.  All widgets were invalidated
[2021.01.10-23.19.49:598][942]LogAssetEditorSubsystem: Opening Asset editor for AnimBlueprint /Game/Chapter7/BP_MainAnim.BP_MainAnim
[2021.01.10-23.19.49:606][942]LogActorComponent: RegisterComponentWithWorld: (/Engine/Transient.World_10:PersistentLevel.AnimationEditorPreviewActor_0.DebugSkelMeshComponent_0) Already registered. Aborting.
[2021.01.10-23.19.49:914][942]LogSkeletalMesh: USkeletalMeshComponent::InitArticulated : Bodies already created (/Engine/Transient.World_10:PersistentLevel.AnimationEditorPreviewActor_0.DebugSkelMeshComponent_0) - call TermArticulated first.
[2021.01.10-23.19.50:161][942]LogContentBrowser: Verbose: The majority of assets in the view are of type: AnimSequence
[2021.01.10-23.21.50:687][212]LogAnimationCompression: Building Anim DDC data for AnimSequence /Game/ParagonCountess/Characters/Heroes/Countess/Animations/Jog_Fwd_Stop.Jog_Fwd_Stop
[2021.01.10-23.22.03:207][663]LogTemp: Repeating last play command: Selected Viewport
[2021.01.10-23.22.03:222][663]BlueprintLog: New page: Pre-Play auto-recompile
[2021.01.10-23.22.03:223][663]LogPlayLevel: [PlayLevel] Compiling BP_MainAnim before play...
[2021.01.10-23.22.03:311][663]LogUObjectHash: Compacting FUObjectHashTables data took   3.71ms
[2021.01.10-23.22.03:316][663]LogPlayLevel: PlayLevel: Blueprint regeneration took 94 ms (1 blueprints)
[2021.01.10-23.22.03:316][663]PIE: New page: PIE session: LV_Soul_Slum (Jan 10, 2021, 1:22:03 PM)
[2021.01.10-23.22.03:339][663]LogPlayLevel: Creating play world package: /Game/SoulCity/Maps/UEDPIE_0_LV_Soul_Slum
[2021.01.10-23.22.03:529][663]LogPlayLevel: PIE: StaticDuplicateObject took: (0.190422s)
[2021.01.10-23.22.03:530][663]LogAIModule: Creating AISystem for world LV_Soul_Slum
[2021.01.10-23.22.03:530][663]LogAISub: UAISubsystem::UAISubsystem EnvQueryManager (00000175AA4E3E00), frame # 37663
[2021.01.10-23.22.03:530][663]LogAISub: UAISubsystem::UAISubsystem AIPerceptionSystem (00000175755AA480), frame # 37663
[2021.01.10-23.22.03:531][663]LogPlayLevel: PIE: World Init took: (0.001207s)
[2021.01.10-23.22.03:531][663]LogPlayLevel: PIE: Created PIE world by copying editor world from /Game/SoulCity/Maps/LV_Soul_Slum.LV_Soul_Slum to /Game/SoulCity/Maps/UEDPIE_0_LV_Soul_Slum.LV_Soul_Slum (0.191940s)
[2021.01.10-23.22.03:571][663]LogUObjectHash: Compacting FUObjectHashTables data took   3.30ms
[2021.01.10-23.22.03:572][663]LogAudioMixer: Display: Audio Mixer Platform Settings:
[2021.01.10-23.22.03:572][663]LogAudioMixer: Display: 	Sample Rate:						  48000
[2021.01.10-23.22.03:572][663]LogAudioMixer: Display: 	Callback Buffer Frame Size Requested: 1024
[2021.01.10-23.22.03:572][663]LogAudioMixer: Display: 	Callback Buffer Frame Size To Use:	  1024
[2021.01.10-23.22.03:572][663]LogAudioMixer: Display: 	Number of buffers to queue:			  2
[2021.01.10-23.22.03:572][663]LogAudioMixer: Display: 	Max Channels (voices):				  32
[2021.01.10-23.22.03:572][663]LogAudioMixer: Display: 	Number of Async Source Workers:		  0
[2021.01.10-23.22.03:572][663]LogAudio: Display: AudioDevice MaxSources: 32
[2021.01.10-23.22.03:572][663]LogAudio: Display: Using built-in audio occlusion.
[2021.01.10-23.22.03:572][663]LogAudioMixer: Display: Initializing audio mixer.
[2021.01.10-23.22.03:574][663]LogAudioMixer: Display: 0: FrontLeft
[2021.01.10-23.22.03:574][663]LogAudioMixer: Display: 1: FrontRight
[2021.01.10-23.22.03:574][663]LogAudioMixer: Display: 2: FrontCenter
[2021.01.10-23.22.03:574][663]LogAudioMixer: Display: 3: LowFrequency
[2021.01.10-23.22.03:574][663]LogAudioMixer: Display: 4: BackLeft
[2021.01.10-23.22.03:574][663]LogAudioMixer: Display: 5: BackRight
[2021.01.10-23.22.03:574][663]LogAudioMixer: Display: 6: SideLeft
[2021.01.10-23.22.03:574][663]LogAudioMixer: Display: 7: SideRight
[2021.01.10-23.22.03:607][663]LogAudioMixer: Display: Using Audio Device Speakers (Realtek(R) Audio)
[2021.01.10-23.22.03:607][663]LogAudioMixer: Display: Initializing Sound Submixes...
[2021.01.10-23.22.03:607][663]LogAudioMixer: Display: Creating Master Submix 'MasterSubmixDefault'
[2021.01.10-23.22.03:607][663]LogAudioMixer: Display: Creating Master Submix 'MasterReverbSubmixDefault'
[2021.01.10-23.22.03:607][663]LogAudioMixer: Display: Creating Master Submix 'MasterEQSubmixDefault'
[2021.01.10-23.22.03:620][663]LogInit: FAudioDevice initialized.
[2021.01.10-23.22.03:627][663]LogLoad: Game class is 'BP_DemoGame1GameMode_C'
[2021.01.10-23.22.03:761][663]LogWorld: Bringing World /Game/SoulCity/Maps/UEDPIE_0_LV_Soul_Slum.LV_Soul_Slum up for play (max tick rate 0) at 2021.01.10-18.22.03
[2021.01.10-23.22.03:800][663]LogWorld: Bringing up level for play took: 0.079787
[2021.01.10-23.22.03:800][663]LogOnline: OSS: Creating online subsystem instance for: :Context_15
[2021.01.10-23.22.03:808][663]PIE: Server logged in
[2021.01.10-23.22.03:809][663]PIE: Play in editor total start time 0.59 seconds.
[2021.01.10-23.22.18:173][364]LogSlate: Updating window title bar state: overlay mode, drag disabled, window buttons hidden, title bar hidden
[2021.01.10-23.22.18:173][364]LogWorld: BeginTearingDown for /Game/SoulCity/Maps/UEDPIE_0_LV_Soul_Slum
[2021.01.10-23.22.18:175][364]LogWorld: UWorld::CleanupWorld for LV_Soul_Slum, bSessionEnded=true, bCleanupResources=true
[2021.01.10-23.22.18:180][364]LogSlate: InvalidateAllWidgets triggered.  All widgets were invalidated
[2021.01.10-23.22.18:192][364]LogPlayLevel: Display: Shutting down PIE online subsystems
[2021.01.10-23.22.18:197][364]LogSlate: InvalidateAllWidgets triggered.  All widgets were invalidated
[2021.01.10-23.22.18:222][364]LogSlate: Updating window title bar state: overlay mode, drag disabled, window buttons hidden, title bar hidden
[2021.01.10-23.22.18:253][364]LogAISub: UAISubsystem::~UAISubsystem AIPerceptionSystem (00000175755AA480), frame # 39364
[2021.01.10-23.22.18:253][364]LogAISub: UAISubsystem::~UAISubsystem EnvQueryManager (00000175AA4E3E00), frame # 39364
[2021.01.10-23.22.18:260][364]LogUObjectHash: Compacting FUObjectHashTables data took   2.01ms
[2021.01.10-23.22.18:311][365]LogPlayLevel: Display: Destroying online subsystem :Context_15
[2021.01.10-23.22.18:336][365]LogUObjectHash: Compacting FUObjectHashTables data took   1.66ms
[2021.01.10-23.26.50:389][692]LogUObjectHash: Compacting FUObjectHashTables data took   0.79ms
[2021.01.10-23.26.50:396][692]LogFileHelpers: Editor autosave (incl. sublevels) for '/Game/SoulCity/Maps/LV_Soul_Slum' took 0.030
[2021.01.10-23.26.50:399][692]OBJ SavePackage: Generating thumbnails for [1] asset(s) in package [/Game/Chapter7/BP_MainAnim] ([1] browsable assets)...
[2021.01.10-23.26.50:433][692]OBJ SavePackage:     Rendered thumbnail for [AnimBlueprint /Game/Chapter7/BP_MainAnim.BP_MainAnim]
[2021.01.10-23.26.50:433][692]OBJ SavePackage: Finished generating thumbnails for package [/Game/Chapter7/BP_MainAnim]
[2021.01.10-23.26.50:478][692]LogSavePackage: Moving '../../../../../../Users/carlo/OneDrive/Documents/Unreal Projects/DemoGameProject1/DemoGame1/Saved/BP_MainAnim_Auto177B04C87421B4A9F318A8D8C53E09FF9.tmp' to '../../../../../../Users/carlo/OneDrive/Documents/Unreal Projects/DemoGameProject1/DemoGame1/Saved/Autosaves/Game/Chapter7/BP_MainAnim_Auto1.uasset'
[2021.01.10-23.26.50:481][692]LogFileHelpers: Auto-saving content packages took 0.085
[2021.01.10-23.37.08:502][648]LogAudioMixer: Display: Audio Buffer Underrun detected.
[2021.01.10-23.49.42:808][899]LogHotReload: New module detected: UE4Editor-DemoGame1-0004.dll
[2021.01.10-23.49.43:523][902]LogHotReload: Starting Hot-Reload from IDE
[2021.01.10-23.49.45:857][902]LogHotReload: Re-instancing DemoGame1GameMode after hot-reload.
[2021.01.10-23.49.45:882][902]LogHotReload: Re-instancing MainCharacter after hot-reload.
[2021.01.10-23.49.45:921][902]LogContentBrowser: Native class hierarchy updated for 'DemoGame1' in 0.0005 seconds. Added 5 classes and 2 folders.
[2021.01.10-23.49.45:924][902]Display: HotReload successful (1 functions remapped  0 scriptstructs remapped)
[2021.01.10-23.49.46:086][902]LogContentBrowser: Native class hierarchy populated in 0.0112 seconds. Added 3433 classes and 825 folders.
[2021.01.10-23.49.46:092][902]Display: HotReload took  2.6s.
[2021.01.10-23.51.49:245][273]LogTemp: Repeating last play command: Selected Viewport
[2021.01.10-23.51.49:267][273]LogPlayLevel: PlayLevel: No blueprints needed recompiling
[2021.01.10-23.51.49:267][273]PIE: New page: PIE session: LV_Soul_Slum (Jan 10, 2021, 1:51:49 PM)
[2021.01.10-23.51.49:267][273]LogPlayLevel: Creating play world package: /Game/SoulCity/Maps/UEDPIE_0_LV_Soul_Slum
[2021.01.10-23.51.49:474][273]LogPlayLevel: PIE: StaticDuplicateObject took: (0.207294s)
[2021.01.10-23.51.49:475][273]LogAIModule: Creating AISystem for world LV_Soul_Slum
[2021.01.10-23.51.49:475][273]LogAISub: UAISubsystem::UAISubsystem EnvQueryManager (0000017603DFBE00), frame # 49273
[2021.01.10-23.51.49:475][273]LogAISub: UAISubsystem::UAISubsystem AIPerceptionSystem (0000017603E6D080), frame # 49273
[2021.01.10-23.51.49:475][273]LogPlayLevel: PIE: World Init took: (0.001583s)
[2021.01.10-23.51.49:476][273]LogPlayLevel: PIE: Created PIE world by copying editor world from /Game/SoulCity/Maps/LV_Soul_Slum.LV_Soul_Slum to /Game/SoulCity/Maps/UEDPIE_0_LV_Soul_Slum.LV_Soul_Slum (0.209220s)
[2021.01.10-23.51.49:537][273]LogUObjectHash: Compacting FUObjectHashTables data took   3.56ms
[2021.01.10-23.51.49:540][273]LogAudioMixer: Display: Audio Mixer Platform Settings:
[2021.01.10-23.51.49:540][273]LogAudioMixer: Display: 	Sample Rate:						  48000
[2021.01.10-23.51.49:540][273]LogAudioMixer: Display: 	Callback Buffer Frame Size Requested: 1024
[2021.01.10-23.51.49:540][273]LogAudioMixer: Display: 	Callback Buffer Frame Size To Use:	  1024
[2021.01.10-23.51.49:540][273]LogAudioMixer: Display: 	Number of buffers to queue:			  2
[2021.01.10-23.51.49:540][273]LogAudioMixer: Display: 	Max Channels (voices):				  32
[2021.01.10-23.51.49:540][273]LogAudioMixer: Display: 	Number of Async Source Workers:		  0
[2021.01.10-23.51.49:540][273]LogAudio: Display: AudioDevice MaxSources: 32
[2021.01.10-23.51.49:540][273]LogAudio: Display: Using built-in audio occlusion.
[2021.01.10-23.51.49:540][273]LogAudioMixer: Display: Initializing audio mixer.
[2021.01.10-23.51.49:543][273]LogAudioMixer: Display: 0: FrontLeft
[2021.01.10-23.51.49:543][273]LogAudioMixer: Display: 1: FrontRight
[2021.01.10-23.51.49:543][273]LogAudioMixer: Display: 2: FrontCenter
[2021.01.10-23.51.49:543][273]LogAudioMixer: Display: 3: LowFrequency
[2021.01.10-23.51.49:543][273]LogAudioMixer: Display: 4: BackLeft
[2021.01.10-23.51.49:543][273]LogAudioMixer: Display: 5: BackRight
[2021.01.10-23.51.49:543][273]LogAudioMixer: Display: 6: SideLeft
[2021.01.10-23.51.49:543][273]LogAudioMixer: Display: 7: SideRight
[2021.01.10-23.51.49:580][273]LogAudioMixer: Display: Using Audio Device Speakers (Realtek(R) Audio)
[2021.01.10-23.51.49:580][273]LogAudioMixer: Display: Initializing Sound Submixes...
[2021.01.10-23.51.49:580][273]LogAudioMixer: Display: Creating Master Submix 'MasterSubmixDefault'
[2021.01.10-23.51.49:580][273]LogAudioMixer: Display: Creating Master Submix 'MasterReverbSubmixDefault'
[2021.01.10-23.51.49:580][273]LogAudioMixer: Display: Creating Master Submix 'MasterEQSubmixDefault'
[2021.01.10-23.51.49:592][273]LogInit: FAudioDevice initialized.
[2021.01.10-23.51.49:601][273]LogLoad: Game class is 'BP_DemoGame1GameMode_C'
[2021.01.10-23.51.49:752][273]LogWorld: Bringing World /Game/SoulCity/Maps/UEDPIE_0_LV_Soul_Slum.LV_Soul_Slum up for play (max tick rate 60) at 2021.01.10-18.51.49
[2021.01.10-23.51.49:787][273]LogWorld: Bringing up level for play took: 0.068431
[2021.01.10-23.51.49:787][273]LogOnline: OSS: Creating online subsystem instance for: :Context_16
[2021.01.10-23.51.49:794][273]PIE: Server logged in
[2021.01.10-23.51.49:794][273]PIE: Play in editor total start time 0.534 seconds.
[2021.01.10-23.52.45:308][596]LogSlate: Updating window title bar state: overlay mode, drag disabled, window buttons hidden, title bar hidden
[2021.01.10-23.52.45:308][596]LogWorld: BeginTearingDown for /Game/SoulCity/Maps/UEDPIE_0_LV_Soul_Slum
[2021.01.10-23.52.45:311][596]LogWorld: UWorld::CleanupWorld for LV_Soul_Slum, bSessionEnded=true, bCleanupResources=true
[2021.01.10-23.52.45:316][596]LogSlate: InvalidateAllWidgets triggered.  All widgets were invalidated
[2021.01.10-23.52.45:322][596]LogPlayLevel: Display: Shutting down PIE online subsystems
[2021.01.10-23.52.45:328][596]LogSlate: InvalidateAllWidgets triggered.  All widgets were invalidated
[2021.01.10-23.52.45:383][596]LogSlate: Updating window title bar state: overlay mode, drag disabled, window buttons hidden, title bar hidden
[2021.01.10-23.52.45:387][596]LogAISub: UAISubsystem::~UAISubsystem AIPerceptionSystem (0000017603E6D080), frame # 52596
[2021.01.10-23.52.45:387][596]LogAISub: UAISubsystem::~UAISubsystem EnvQueryManager (0000017603DFBE00), frame # 52596
[2021.01.10-23.52.45:403][596]LogUObjectHash: Compacting FUObjectHashTables data took   4.91ms
[2021.01.10-23.52.45:444][597]LogPlayLevel: Display: Destroying online subsystem :Context_16
[2021.01.10-23.52.45:480][597]LogUObjectHash: Compacting FUObjectHashTables data took   2.46ms
