Log file open, 01/15/21 14:22:23
LogInit: Display: Running engine for game: DemoGame1
LogPlatformFile: Not using cached read wrapper
LogTaskGraph: Started task graph with 5 named threads and 35 total threads with 3 sets of task threads.
LogStats: Stats thread started at 0.166509
LogD3D11RHI: Loaded GFSDK_Aftermath_Lib.x64.dll
LogICUInternationalization: ICU TimeZone Detection - Raw Offset: -5:00, Platform Override: ''
LogPluginManager: Mounting plugin Paper2D
LogPluginManager: Mounting plugin AISupport
LogPluginManager: Mounting plugin LightPropagationVolume
LogPluginManager: Mounting plugin CameraShakePreviewer
LogPluginManager: Mounting plugin ActorLayerUtilities
LogPluginManager: Mounting plugin AnimationSharing
LogPluginManager: Mounting plugin CLionSourceCodeAccess
LogPluginManager: Mounting plugin CodeLiteSourceCodeAccess
LogPluginManager: Mounting plugin GitSourceControl
LogPluginManager: Mounting plugin KDevelopSourceCodeAccess
LogPluginManager: Mounting plugin NullSourceCodeAccess
LogPluginManager: Mounting plugin PerforceSourceControl
LogPluginManager: Mounting plugin PlasticSourceControl
LogPluginManager: Mounting plugin RiderSourceCodeAccess
LogPluginManager: Mounting plugin SubversionSourceControl
LogPluginManager: Mounting plugin UObjectPlugin
LogPluginManager: Mounting plugin VisualStudioCodeSourceCodeAccess
LogPluginManager: Mounting plugin VisualStudioSourceCodeAccess
LogPluginManager: Mounting plugin XCodeSourceCodeAccess
LogPluginManager: Mounting plugin AssetManagerEditor
LogPluginManager: Mounting plugin CryptoKeys
LogPluginManager: Mounting plugin CurveEditorTools
LogPluginManager: Mounting plugin DataValidation
LogPluginManager: Mounting plugin EditorScriptingUtilities
LogPluginManager: Mounting plugin FacialAnimation
LogPluginManager: Mounting plugin GameplayTagsEditor
LogPluginManager: Mounting plugin GeometryMode
LogPluginManager: Mounting plugin MacGraphicsSwitching
LogPluginManager: Mounting plugin MaterialAnalyzer
LogPluginManager: Mounting plugin MobileLauncherProfileWizard
LogPluginManager: Mounting plugin PluginBrowser
LogPluginManager: Mounting plugin SpeedTreeImporter
LogPluginManager: Mounting plugin DatasmithContent
LogPluginManager: Mounting plugin VariantManagerContent
LogPluginManager: Mounting plugin AlembicImporter
LogPluginManager: Mounting plugin AutomationUtils
LogPluginManager: Mounting plugin BackChannel
LogPluginManager: Mounting plugin ChaosCloth
LogPluginManager: Mounting plugin ChaosClothEditor
LogPluginManager: Mounting plugin ChaosEditor
LogPluginManager: Mounting plugin ChaosNiagara
LogPluginManager: Mounting plugin ChaosSolverPlugin
LogPluginManager: Mounting plugin CharacterAI
LogPluginManager: Mounting plugin GeometryCache
LogPluginManager: Mounting plugin GeometryCollectionPlugin
LogPluginManager: Mounting plugin GeometryProcessing
LogPluginManager: Mounting plugin PlanarCut
LogPluginManager: Mounting plugin PlatformCrypto
LogPluginManager: Mounting plugin ProxyLODPlugin
LogPluginManager: Mounting plugin SkeletalReduction
LogPluginManager: Mounting plugin Niagara
LogPluginManager: Mounting plugin MagicLeap
LogPluginManager: Mounting plugin MagicLeapLightEstimation
LogPluginManager: Mounting plugin MagicLeapMedia
LogPluginManager: Mounting plugin MagicLeapPassableWorld
LogPluginManager: Mounting plugin MLSDK
LogPluginManager: Mounting plugin AndroidMedia
LogPluginManager: Mounting plugin AvfMedia
LogPluginManager: Mounting plugin ImgMedia
LogPluginManager: Mounting plugin MediaCompositing
LogPluginManager: Mounting plugin MediaPlayerEditor
LogPluginManager: Mounting plugin WebMMedia
LogPluginManager: Mounting plugin WmfMedia
LogPluginManager: Mounting plugin MeshPainting
LogPluginManager: Mounting plugin TcpMessaging
LogPluginManager: Mounting plugin UdpMessaging
LogPluginManager: Mounting plugin ActorSequence
LogPluginManager: Mounting plugin LevelSequenceEditor
LogPluginManager: Mounting plugin MatineeToLevelSequence
LogPluginManager: Mounting plugin MovieRenderPipeline
LogPluginManager: Mounting plugin TemplateSequence
LogPluginManager: Mounting plugin NetcodeUnitTest
LogPluginManager: Mounting plugin NUTUnrealEngine4
LogPluginManager: Mounting plugin OnlineSubsystemGooglePlay
LogPluginManager: Mounting plugin OnlineSubsystemIOS
LogPluginManager: Mounting plugin OnlineSubsystem
LogPluginManager: Mounting plugin OnlineSubsystemNull
LogPluginManager: Mounting plugin OnlineSubsystemUtils
LogPluginManager: Mounting plugin LauncherChunkInstaller
LogPluginManager: Mounting plugin AndroidDeviceProfileSelector
LogPluginManager: Mounting plugin AndroidMoviePlayer
LogPluginManager: Mounting plugin AndroidPermission
LogPluginManager: Mounting plugin AppleImageUtils
LogPluginManager: Mounting plugin AppleMoviePlayer
LogPluginManager: Mounting plugin ArchVisCharacter
LogPluginManager: Mounting plugin AssetTags
LogPluginManager: Mounting plugin AudioCapture
LogPluginManager: Mounting plugin CableComponent
LogPluginManager: Mounting plugin CustomMeshComponent
LogPluginManager: Mounting plugin EditableMesh
LogPluginManager: Mounting plugin ExampleDeviceProfileSelector
LogPluginManager: Mounting plugin GoogleCloudMessaging
LogPluginManager: Mounting plugin GooglePAD
LogPluginManager: Mounting plugin IOSDeviceProfileSelector
LogPluginManager: Mounting plugin LinuxDeviceProfileSelector
LogPluginManager: Mounting plugin LocationServicesBPLibrary
LogPluginManager: Mounting plugin MobilePatchingUtils
LogPluginManager: Mounting plugin OculusVR
LogPluginManager: Mounting plugin PhysXVehicles
LogPluginManager: Mounting plugin PostSplashScreen
LogPluginManager: Mounting plugin ProceduralMeshComponent
LogPluginManager: Mounting plugin RuntimePhysXCooking
LogPluginManager: Mounting plugin SignificanceManager
LogPluginManager: Mounting plugin SoundFields
LogPluginManager: Mounting plugin SteamVR
LogPluginManager: Mounting plugin Synthesis
LogPluginManager: Mounting plugin WebMMoviePlayer
LogPluginManager: Mounting plugin WindowsMoviePlayer
LogPluginManager: Mounting plugin ScreenshotTools
LogInit: Using libcurl 7.55.1-DEV
LogInit:  - built for x86_64-pc-win32
LogInit:  - supports SSL with OpenSSL/1.1.1
LogInit:  - supports HTTP deflate (compression) using libz 1.2.8
LogInit:  - other features:
LogInit:      CURL_VERSION_SSL
LogInit:      CURL_VERSION_LIBZ
LogInit:      CURL_VERSION_IPV6
LogInit:      CURL_VERSION_ASYNCHDNS
LogInit:      CURL_VERSION_LARGEFILE
LogInit:      CURL_VERSION_IDN
LogInit:  CurlRequestOptions (configurable via config and command line):
LogInit:  - bVerifyPeer = true  - Libcurl will verify peer certificate
LogInit:  - bUseHttpProxy = false  - Libcurl will NOT use HTTP proxy
LogInit:  - bDontReuseConnections = false  - Libcurl will reuse connections
LogInit:  - MaxHostConnections = 16  - Libcurl will limit the number of connections to a host
LogInit:  - LocalHostAddr = Default
LogInit:  - BufferSize = 65536
LogOnline: OSS: Creating online subsystem instance for: NULL
LogInit: WinSock: version 1.1 (2.2), MaxSocks=32767, MaxUdp=65467
LogOnline: OSS: TryLoadSubsystemAndSetDefault: Loaded subsystem for module [NULL]
LogInit: Build: ++UE4+Release-4.25-CL-14469661
LogInit: Engine Version: 4.25.4-14469661+++UE4+Release-4.25
LogInit: Compatible Engine Version: 4.25.0-13144385+++UE4+Release-4.25
LogInit: Net CL: 13144385
LogInit: OS: Windows 10 (Release 2004) (), CPU: Intel(R) Core(TM) i7-10750H CPU @ 2.60GHz, GPU: Intel(R) UHD Graphics
LogInit: Compiled (64-bit): Oct 11 2020 08:10:49
LogInit: Compiled with Visual C++: 19.24.28315.00
LogInit: Build Configuration: Development
LogInit: Branch Name: ++UE4+Release-4.25
LogInit: Command Line: 
LogInit: Base Directory: C:/Program Files/Epic Games/UE_4.25/Engine/Binaries/Win64/
LogInit: Allocator: TBB
LogInit: Installed Engine Build: 1
LogDevObjectVersion: Number of dev versions registered: 26
LogDevObjectVersion:   Dev-Blueprints (B0D832E4-1F89-4F0D-ACCF-7EB736FD4AA2): 10
LogDevObjectVersion:   Dev-Build (E1C64328-A22C-4D53-A36C-8E866417BD8C): 0
LogDevObjectVersion:   Dev-Core (375EC13C-06E4-48FB-B500-84F0262A717E): 4
LogDevObjectVersion:   Dev-Editor (E4B068ED-F494-42E9-A231-DA0B2E46BB41): 38
LogDevObjectVersion:   Dev-Framework (CFFC743F-43B0-4480-9391-14DF171D2073): 37
LogDevObjectVersion:   Dev-Mobile (B02B49B5-BB20-44E9-A304-32B752E40360): 2
LogDevObjectVersion:   Dev-Networking (A4E4105C-59A1-49B5-A7C5-40C4547EDFEE): 0
LogDevObjectVersion:   Dev-Online (39C831C9-5AE6-47DC-9A44-9C173E1C8E7C): 0
LogDevObjectVersion:   Dev-Physics (78F01B33-EBEA-4F98-B9B4-84EACCB95AA2): 4
LogDevObjectVersion:   Dev-Platform (6631380F-2D4D-43E0-8009-CF276956A95A): 0
LogDevObjectVersion:   Dev-Rendering (12F88B9F-8875-4AFC-A67C-D90C383ABD29): 43
LogDevObjectVersion:   Dev-Sequencer (7B5AE74C-D270-4C10-A958-57980B212A5A): 12
LogDevObjectVersion:   Dev-VR (D7296918-1DD6-4BDD-9DE2-64A83CC13884): 3
LogDevObjectVersion:   Dev-LoadTimes (C2A15278-BFE7-4AFE-6C17-90FF531DF755): 1
LogDevObjectVersion:   Private-Geometry (6EACA3D4-40EC-4CC1-B786-8BED09428FC5): 3
LogDevObjectVersion:   Dev-AnimPhys (29E575DD-E0A3-4627-9D10-D276232CDCEA): 17
LogDevObjectVersion:   Dev-Anim (AF43A65D-7FD3-4947-9873-3E8ED9C1BB05): 7
LogDevObjectVersion:   Dev-ReflectionCapture (6B266CEC-1EC7-4B8F-A30B-E4D90942FC07): 1
LogDevObjectVersion:   Dev-Automation (0DF73D61-A23F-47EA-B727-89E90C41499A): 1
LogDevObjectVersion:   FortniteMain (601D1886-AC64-4F84-AA16-D3DE0DEAC7D6): 31
LogDevObjectVersion:   Dev-Enterprise (9DFFBCD6-494F-0158-E221-12823C92A888): 10
LogDevObjectVersion:   Dev-Niagara (F2AED0AC-9AFE-416F-8664-AA7FFA26D6FC): 1
LogDevObjectVersion:   Dev-Destruction (174F1F0B-B4C6-45A5-B13F-2EE8D0FB917D): 10
LogDevObjectVersion:   Dev-Physics-Ext (35F94A83-E258-406C-A318-09F59610247C): 37
LogDevObjectVersion:   Dev-PhysicsMaterial-Chaos (B68FC16E-8B1B-42E2-B453-215C058844FE): 1
LogDevObjectVersion:   Dev-CineCamera (B2E18506-4273-CFC2-A54E-F4BB758BBA07): 1
LogInit: Presizing for max 25165824 objects, including 0 objects not considered by GC, pre-allocating 0 bytes for permanent pool.
LogConfig: Applying CVar settings from Section [/Script/Engine.StreamingSettings] File [C:/Users/carlo/OneDrive/Documents/Unreal Projects/DemoGameProject1/DemoGame1/Saved/Config/Windows/Engine.ini]
LogConfig: Setting CVar [[s.MinBulkDataSizeForAsyncLoading:131072]]
LogConfig: Setting CVar [[s.AsyncLoadingThreadEnabled:0]]
LogConfig: Setting CVar [[s.EventDrivenLoaderEnabled:1]]
LogConfig: Setting CVar [[s.WarnIfTimeLimitExceeded:0]]
LogConfig: Setting CVar [[s.TimeLimitExceededMultiplier:1.5]]
LogConfig: Setting CVar [[s.TimeLimitExceededMinTime:0.005]]
LogConfig: Setting CVar [[s.UseBackgroundLevelStreaming:1]]
LogConfig: Setting CVar [[s.PriorityAsyncLoadingExtraTime:15.0]]
LogConfig: Setting CVar [[s.LevelStreamingActorsUpdateTimeLimit:5.0]]
LogConfig: Setting CVar [[s.PriorityLevelStreamingActorsUpdateExtraTime:5.0]]
LogConfig: Setting CVar [[s.LevelStreamingComponentsRegistrationGranularity:10]]
LogConfig: Setting CVar [[s.UnregisterComponentsTimeLimit:1.0]]
LogConfig: Setting CVar [[s.LevelStreamingComponentsUnregistrationGranularity:5]]
LogConfig: Setting CVar [[s.FlushStreamingOnExit:1]]
LogInit: Object subsystem initialized
LogConfig: Setting CVar [[con.DebugEarlyDefault:1]]
LogConfig: Setting CVar [[r.setres:1280x720]]
[2021.01.15-19.22.24:162][  0]LogConfig: Setting CVar [[r.VSync:0]]
[2021.01.15-19.22.24:162][  0]LogConfig: Setting CVar [[r.RHICmdBypass:0]]
[2021.01.15-19.22.24:162][  0]LogConfig: Applying CVar settings from Section [/Script/Engine.RendererSettings] File [C:/Users/carlo/OneDrive/Documents/Unreal Projects/DemoGameProject1/DemoGame1/Saved/Config/Windows/Engine.ini]
[2021.01.15-19.22.24:162][  0]LogConfig: Setting CVar [[r.GPUCrashDebugging:0]]
[2021.01.15-19.22.24:162][  0]LogConfig: Applying CVar settings from Section [/Script/Engine.RendererOverrideSettings] File [C:/Users/carlo/OneDrive/Documents/Unreal Projects/DemoGameProject1/DemoGame1/Saved/Config/Windows/Engine.ini]
[2021.01.15-19.22.24:162][  0]LogConfig: Applying CVar settings from Section [/Script/Engine.StreamingSettings] File [C:/Users/carlo/OneDrive/Documents/Unreal Projects/DemoGameProject1/DemoGame1/Saved/Config/Windows/Engine.ini]
[2021.01.15-19.22.24:162][  0]LogConfig: Setting CVar [[s.MinBulkDataSizeForAsyncLoading:131072]]
[2021.01.15-19.22.24:162][  0]LogConfig: Setting CVar [[s.AsyncLoadingThreadEnabled:0]]
[2021.01.15-19.22.24:162][  0]LogConfig: Setting CVar [[s.EventDrivenLoaderEnabled:1]]
[2021.01.15-19.22.24:162][  0]LogConfig: Setting CVar [[s.WarnIfTimeLimitExceeded:0]]
[2021.01.15-19.22.24:162][  0]LogConfig: Setting CVar [[s.TimeLimitExceededMultiplier:1.5]]
[2021.01.15-19.22.24:162][  0]LogConfig: Setting CVar [[s.TimeLimitExceededMinTime:0.005]]
[2021.01.15-19.22.24:162][  0]LogConfig: Setting CVar [[s.UseBackgroundLevelStreaming:1]]
[2021.01.15-19.22.24:162][  0]LogConfig: Setting CVar [[s.PriorityAsyncLoadingExtraTime:15.0]]
[2021.01.15-19.22.24:162][  0]LogConfig: Setting CVar [[s.LevelStreamingActorsUpdateTimeLimit:5.0]]
[2021.01.15-19.22.24:162][  0]LogConfig: Setting CVar [[s.PriorityLevelStreamingActorsUpdateExtraTime:5.0]]
[2021.01.15-19.22.24:162][  0]LogConfig: Setting CVar [[s.LevelStreamingComponentsRegistrationGranularity:10]]
[2021.01.15-19.22.24:162][  0]LogConfig: Setting CVar [[s.UnregisterComponentsTimeLimit:1.0]]
[2021.01.15-19.22.24:162][  0]LogConfig: Setting CVar [[s.LevelStreamingComponentsUnregistrationGranularity:5]]
[2021.01.15-19.22.24:162][  0]LogConfig: Setting CVar [[s.FlushStreamingOnExit:1]]
[2021.01.15-19.22.24:162][  0]LogConfig: Applying CVar settings from Section [/Script/Engine.GarbageCollectionSettings] File [C:/Users/carlo/OneDrive/Documents/Unreal Projects/DemoGameProject1/DemoGame1/Saved/Config/Windows/Engine.ini]
[2021.01.15-19.22.24:162][  0]LogConfig: Setting CVar [[gc.MaxObjectsNotConsideredByGC:1]]
[2021.01.15-19.22.24:162][  0]LogConfig: Setting CVar [[gc.SizeOfPermanentObjectPool:0]]
[2021.01.15-19.22.24:162][  0]LogConfig: Setting CVar [[gc.FlushStreamingOnGC:0]]
[2021.01.15-19.22.24:162][  0]LogConfig: Setting CVar [[gc.NumRetriesBeforeForcingGC:10]]
[2021.01.15-19.22.24:162][  0]LogConfig: Setting CVar [[gc.AllowParallelGC:1]]
[2021.01.15-19.22.24:162][  0]LogConfig: Setting CVar [[gc.TimeBetweenPurgingPendingKillObjects:61.1]]
[2021.01.15-19.22.24:162][  0]LogConfig: Setting CVar [[gc.MaxObjectsInEditor:25165824]]
[2021.01.15-19.22.24:162][  0]LogConfig: Setting CVar [[gc.IncrementalBeginDestroyEnabled:1]]
[2021.01.15-19.22.24:162][  0]LogConfig: Setting CVar [[gc.CreateGCClusters:1]]
[2021.01.15-19.22.24:162][  0]LogConfig: Setting CVar [[gc.MinGCClusterSize:5]]
[2021.01.15-19.22.24:162][  0]LogConfig: Setting CVar [[gc.ActorClusteringEnabled:0]]
[2021.01.15-19.22.24:162][  0]LogConfig: Setting CVar [[gc.BlueprintClusteringEnabled:0]]
[2021.01.15-19.22.24:162][  0]LogConfig: Setting CVar [[gc.UseDisregardForGCOnDedicatedServers:0]]
[2021.01.15-19.22.24:162][  0]LogConfig: Applying CVar settings from Section [/Script/Engine.NetworkSettings] File [C:/Users/carlo/OneDrive/Documents/Unreal Projects/DemoGameProject1/DemoGame1/Saved/Config/Windows/Engine.ini]
[2021.01.15-19.22.24:162][  0]LogConfig: Applying CVar settings from Section [/Script/UnrealEd.CookerSettings] File [C:/Users/carlo/OneDrive/Documents/Unreal Projects/DemoGameProject1/DemoGame1/Saved/Config/Windows/Engine.ini]
[2021.01.15-19.22.24:166][  0]LogConfig: Applying CVar settings from Section [ViewDistanceQuality@3] File [C:/Users/carlo/OneDrive/Documents/Unreal Projects/DemoGameProject1/DemoGame1/Saved/Config/Windows/Scalability.ini]
[2021.01.15-19.22.24:166][  0]LogConfig: Setting CVar [[r.SkeletalMeshLODBias:0]]
[2021.01.15-19.22.24:166][  0]LogConfig: Setting CVar [[r.ViewDistanceScale:1.0]]
[2021.01.15-19.22.24:166][  0]LogConfig: Applying CVar settings from Section [AntiAliasingQuality@3] File [C:/Users/carlo/OneDrive/Documents/Unreal Projects/DemoGameProject1/DemoGame1/Saved/Config/Windows/Scalability.ini]
[2021.01.15-19.22.24:166][  0]LogConfig: Setting CVar [[r.PostProcessAAQuality:4]]
[2021.01.15-19.22.24:166][  0]LogConfig: Applying CVar settings from Section [ShadowQuality@3] File [C:/Users/carlo/OneDrive/Documents/Unreal Projects/DemoGameProject1/DemoGame1/Saved/Config/Windows/Scalability.ini]
[2021.01.15-19.22.24:166][  0]LogConfig: Setting CVar [[r.LightFunctionQuality:1]]
[2021.01.15-19.22.24:166][  0]LogConfig: Setting CVar [[r.ShadowQuality:5]]
[2021.01.15-19.22.24:166][  0]LogConfig: Setting CVar [[r.Shadow.CSM.MaxCascades:10]]
[2021.01.15-19.22.24:166][  0]LogConfig: Setting CVar [[r.Shadow.MaxResolution:2048]]
[2021.01.15-19.22.24:166][  0]LogConfig: Setting CVar [[r.Shadow.MaxCSMResolution:2048]]
[2021.01.15-19.22.24:166][  0]LogConfig: Setting CVar [[r.Shadow.RadiusThreshold:0.01]]
[2021.01.15-19.22.24:166][  0]LogConfig: Setting CVar [[r.Shadow.DistanceScale:1.0]]
[2021.01.15-19.22.24:166][  0]LogConfig: Setting CVar [[r.Shadow.CSM.TransitionScale:1.0]]
[2021.01.15-19.22.24:166][  0]LogConfig: Setting CVar [[r.Shadow.PreShadowResolutionFactor:1.0]]
[2021.01.15-19.22.24:166][  0]LogConfig: Setting CVar [[r.DistanceFieldShadowing:1]]
[2021.01.15-19.22.24:166][  0]LogConfig: Setting CVar [[r.DistanceFieldAO:1]]
[2021.01.15-19.22.24:166][  0]LogConfig: Setting CVar [[r.AOQuality:2]]
[2021.01.15-19.22.24:166][  0]LogConfig: Setting CVar [[r.VolumetricFog:1]]
[2021.01.15-19.22.24:166][  0]LogConfig: Setting CVar [[r.VolumetricFog.GridPixelSize:8]]
[2021.01.15-19.22.24:166][  0]LogConfig: Setting CVar [[r.VolumetricFog.GridSizeZ:128]]
[2021.01.15-19.22.24:166][  0]LogConfig: Setting CVar [[r.VolumetricFog.HistoryMissSupersampleCount:4]]
[2021.01.15-19.22.24:166][  0]LogConfig: Setting CVar [[r.LightMaxDrawDistanceScale:1]]
[2021.01.15-19.22.24:166][  0]LogConfig: Setting CVar [[r.CapsuleShadows:1]]
[2021.01.15-19.22.24:166][  0]LogConfig: Applying CVar settings from Section [PostProcessQuality@3] File [C:/Users/carlo/OneDrive/Documents/Unreal Projects/DemoGameProject1/DemoGame1/Saved/Config/Windows/Scalability.ini]
[2021.01.15-19.22.24:166][  0]LogConfig: Setting CVar [[r.MotionBlurQuality:4]]
[2021.01.15-19.22.24:166][  0]LogConfig: Setting CVar [[r.AmbientOcclusionMipLevelFactor:0.4]]
[2021.01.15-19.22.24:166][  0]LogConfig: Setting CVar [[r.AmbientOcclusionMaxQuality:100]]
[2021.01.15-19.22.24:166][  0]LogConfig: Setting CVar [[r.AmbientOcclusionLevels:-1]]
[2021.01.15-19.22.24:166][  0]LogConfig: Setting CVar [[r.AmbientOcclusionRadiusScale:1.0]]
[2021.01.15-19.22.24:166][  0]LogConfig: Setting CVar [[r.DepthOfFieldQuality:2]]
[2021.01.15-19.22.24:166][  0]LogConfig: Setting CVar [[r.RenderTargetPoolMin:400]]
[2021.01.15-19.22.24:166][  0]LogConfig: Setting CVar [[r.LensFlareQuality:2]]
[2021.01.15-19.22.24:166][  0]LogConfig: Setting CVar [[r.SceneColorFringeQuality:1]]
[2021.01.15-19.22.24:166][  0]LogConfig: Setting CVar [[r.EyeAdaptationQuality:2]]
[2021.01.15-19.22.24:166][  0]LogConfig: Setting CVar [[r.BloomQuality:5]]
[2021.01.15-19.22.24:166][  0]LogConfig: Setting CVar [[r.FastBlurThreshold:100]]
[2021.01.15-19.22.24:166][  0]LogConfig: Setting CVar [[r.Upscale.Quality:3]]
[2021.01.15-19.22.24:166][  0]LogConfig: Setting CVar [[r.Tonemapper.GrainQuantization:1]]
[2021.01.15-19.22.24:166][  0]LogConfig: Setting CVar [[r.LightShaftQuality:1]]
[2021.01.15-19.22.24:166][  0]LogConfig: Setting CVar [[r.Filter.SizeScale:1]]
[2021.01.15-19.22.24:166][  0]LogConfig: Setting CVar [[r.Tonemapper.Quality:5]]
[2021.01.15-19.22.24:166][  0]LogConfig: Setting CVar [[r.DOF.Gather.AccumulatorQuality:1        ; higher gathering accumulator quality]]
[2021.01.15-19.22.24:166][  0]LogConfig: Setting CVar [[r.DOF.Gather.PostfilterMethod:1          ; Median3x3 postfilering method]]
[2021.01.15-19.22.24:166][  0]LogConfig: Setting CVar [[r.DOF.Gather.EnableBokehSettings:0       ; no bokeh simulation when gathering]]
[2021.01.15-19.22.24:166][  0]LogConfig: Setting CVar [[r.DOF.Gather.RingCount:4                 ; medium number of samples when gathering]]
[2021.01.15-19.22.24:166][  0]LogConfig: Setting CVar [[r.DOF.Scatter.ForegroundCompositing:1    ; additive foreground scattering]]
[2021.01.15-19.22.24:166][  0]LogConfig: Setting CVar [[r.DOF.Scatter.BackgroundCompositing:2    ; additive background scattering]]
[2021.01.15-19.22.24:166][  0]LogConfig: Setting CVar [[r.DOF.Scatter.EnableBokehSettings:1      ; bokeh simulation when scattering]]
[2021.01.15-19.22.24:166][  0]LogConfig: Setting CVar [[r.DOF.Scatter.MaxSpriteRatio:0.1         ; only a maximum of 10% of scattered bokeh]]
[2021.01.15-19.22.24:166][  0]LogConfig: Setting CVar [[r.DOF.Recombine.Quality:1                ; cheap slight out of focus]]
[2021.01.15-19.22.24:166][  0]LogConfig: Setting CVar [[r.DOF.Recombine.EnableBokehSettings:0    ; no bokeh simulation on slight out of focus]]
[2021.01.15-19.22.24:166][  0]LogConfig: Setting CVar [[r.DOF.TemporalAAQuality:1                ; more stable temporal accumulation]]
[2021.01.15-19.22.24:166][  0]LogConfig: Setting CVar [[r.DOF.Kernel.MaxForegroundRadius:0.025]]
[2021.01.15-19.22.24:166][  0]LogConfig: Setting CVar [[r.DOF.Kernel.MaxBackgroundRadius:0.025]]
[2021.01.15-19.22.24:166][  0]LogConfig: Applying CVar settings from Section [TextureQuality@3] File [C:/Users/carlo/OneDrive/Documents/Unreal Projects/DemoGameProject1/DemoGame1/Saved/Config/Windows/Scalability.ini]
[2021.01.15-19.22.24:166][  0]LogConfig: Setting CVar [[r.Streaming.MipBias:0]]
[2021.01.15-19.22.24:166][  0]LogConfig: Setting CVar [[r.Streaming.AmortizeCPUToGPUCopy:0]]
[2021.01.15-19.22.24:166][  0]LogConfig: Setting CVar [[r.Streaming.MaxNumTexturesToStreamPerFrame:0]]
[2021.01.15-19.22.24:166][  0]LogConfig: Setting CVar [[r.Streaming.Boost:1]]
[2021.01.15-19.22.24:166][  0]LogConfig: Setting CVar [[r.MaxAnisotropy:8]]
[2021.01.15-19.22.24:166][  0]LogConfig: Setting CVar [[r.VT.MaxAnisotropy:8]]
[2021.01.15-19.22.24:166][  0]LogConfig: Setting CVar [[r.Streaming.LimitPoolSizeToVRAM:0]]
[2021.01.15-19.22.24:166][  0]LogConfig: Setting CVar [[r.Streaming.PoolSize:1000]]
[2021.01.15-19.22.24:166][  0]LogConfig: Setting CVar [[r.Streaming.MaxEffectiveScreenSize:0]]
[2021.01.15-19.22.24:166][  0]LogConfig: Applying CVar settings from Section [EffectsQuality@3] File [C:/Users/carlo/OneDrive/Documents/Unreal Projects/DemoGameProject1/DemoGame1/Saved/Config/Windows/Scalability.ini]
[2021.01.15-19.22.24:166][  0]LogConfig: Setting CVar [[r.TranslucencyLightingVolumeDim:64]]
[2021.01.15-19.22.24:166][  0]LogConfig: Setting CVar [[r.RefractionQuality:2]]
[2021.01.15-19.22.24:166][  0]LogConfig: Setting CVar [[r.SSR.Quality:3]]
[2021.01.15-19.22.24:166][  0]LogConfig: Setting CVar [[r.SSR.HalfResSceneColor:0]]
[2021.01.15-19.22.24:166][  0]LogConfig: Setting CVar [[r.SceneColorFormat:4]]
[2021.01.15-19.22.24:166][  0]LogConfig: Setting CVar [[r.DetailMode:2]]
[2021.01.15-19.22.24:166][  0]LogConfig: Setting CVar [[r.TranslucencyVolumeBlur:1]]
[2021.01.15-19.22.24:166][  0]LogConfig: Setting CVar [[r.MaterialQualityLevel:1 ; High quality]]
[2021.01.15-19.22.24:166][  0]LogConfig: Setting CVar [[r.SSS.Scale:1]]
[2021.01.15-19.22.24:166][  0]LogConfig: Setting CVar [[r.SSS.SampleSet:2]]
[2021.01.15-19.22.24:166][  0]LogConfig: Setting CVar [[r.SSS.Quality:1]]
[2021.01.15-19.22.24:166][  0]LogConfig: Setting CVar [[r.SSS.HalfRes:0]]
[2021.01.15-19.22.24:166][  0]LogConfig: Setting CVar [[r.SSGI.Quality:3]]
[2021.01.15-19.22.24:166][  0]LogConfig: Setting CVar [[r.EmitterSpawnRateScale:1.0]]
[2021.01.15-19.22.24:166][  0]LogConfig: Setting CVar [[r.ParticleLightQuality:2]]
[2021.01.15-19.22.24:166][  0]LogConfig: Setting CVar [[r.SkyAtmosphere.AerialPerspectiveLUT.FastApplyOnOpaque:1 ; Always have FastSkyLUT 1 in this case to avoid wrong sky]]
[2021.01.15-19.22.24:166][  0]LogConfig: Setting CVar [[r.SkyAtmosphere.AerialPerspectiveLUT.SampleCountPerSlice:1]]
[2021.01.15-19.22.24:166][  0]LogConfig: Setting CVar [[r.SkyAtmosphere.AerialPerspectiveLUT.DepthResolution:16.0]]
[2021.01.15-19.22.24:166][  0]LogConfig: Setting CVar [[r.SkyAtmosphere.FastSkyLUT:1]]
[2021.01.15-19.22.24:166][  0]LogConfig: Setting CVar [[r.SkyAtmosphere.FastSkyLUT.SampleCountMin:4.0]]
[2021.01.15-19.22.24:166][  0]LogConfig: Setting CVar [[r.SkyAtmosphere.FastSkyLUT.SampleCountMax:32.0]]
[2021.01.15-19.22.24:166][  0]LogConfig: Setting CVar [[r.SkyAtmosphere.SampleCountMin:4.0]]
[2021.01.15-19.22.24:166][  0]LogConfig: Setting CVar [[r.SkyAtmosphere.SampleCountMax:32.0]]
[2021.01.15-19.22.24:166][  0]LogConfig: Setting CVar [[r.SkyAtmosphere.TransmittanceLUT.UseSmallFormat:0]]
[2021.01.15-19.22.24:166][  0]LogConfig: Setting CVar [[r.SkyAtmosphere.TransmittanceLUT.SampleCount:10.0]]
[2021.01.15-19.22.24:166][  0]LogConfig: Setting CVar [[r.SkyAtmosphere.MultiScatteringLUT.SampleCount:15.0]]
[2021.01.15-19.22.24:166][  0]LogConfig: Applying CVar settings from Section [FoliageQuality@3] File [C:/Users/carlo/OneDrive/Documents/Unreal Projects/DemoGameProject1/DemoGame1/Saved/Config/Windows/Scalability.ini]
[2021.01.15-19.22.24:166][  0]LogConfig: Setting CVar [[foliage.DensityScale:1.0]]
[2021.01.15-19.22.24:166][  0]LogConfig: Setting CVar [[grass.DensityScale:1.0]]
[2021.01.15-19.22.24:166][  0]LogConfig: Applying CVar settings from Section [ShadingQuality@3] File [C:/Users/carlo/OneDrive/Documents/Unreal Projects/DemoGameProject1/DemoGame1/Saved/Config/Windows/Scalability.ini]
[2021.01.15-19.22.24:166][  0]LogConfig: Setting CVar [[r.HairStrands.SkyLighting.SampleCount:16]]
[2021.01.15-19.22.24:166][  0]LogConfig: Setting CVar [[r.HairStrands.SkyLighting.JitterIntegration:0]]
[2021.01.15-19.22.24:166][  0]LogConfig: Setting CVar [[r.HairStrands.SkyAO.SampleCount:16]]
[2021.01.15-19.22.24:166][  0]LogConfig: Setting CVar [[r.HairStrands.DeepShadow.SuperSampling:0]]
[2021.01.15-19.22.24:166][  0]LogConfig: Setting CVar [[r.HairStrands.VisibilityPPLL:0]]
[2021.01.15-19.22.24:167][  0]LogConfig: Setting CVar [[r.HairStrands.RasterizationScale:0.5]]
[2021.01.15-19.22.24:167][  0]LogConfig: Setting CVar [[r.HairStrands.VelocityRasterizationScale:1]]
[2021.01.15-19.22.24:167][  0]LogInit: Selected Device Profile: [Windows]
[2021.01.15-19.22.24:167][  0]LogInit: Applying CVar settings loaded from the selected device profile: [Windows]
[2021.01.15-19.22.24:167][  0]LogHAL: Display: Platform has ~ 16 GB [16925786112 / 17179869184 / 16], which maps to Larger [LargestMinGB=32, LargerMinGB=12, DefaultMinGB=8, SmallerMinGB=6, SmallestMinGB=0)
[2021.01.15-19.22.24:167][  0]LogInit: Going up to parent DeviceProfile []
[2021.01.15-19.22.24:167][  0]LogConfig: Applying CVar settings from Section [ViewDistanceQuality@3] File [C:/Users/carlo/OneDrive/Documents/Unreal Projects/DemoGameProject1/DemoGame1/Saved/Config/Windows/Scalability.ini]
[2021.01.15-19.22.24:167][  0]LogConfig: Setting CVar [[r.SkeletalMeshLODBias:0]]
[2021.01.15-19.22.24:167][  0]LogConfig: Setting CVar [[r.ViewDistanceScale:1.0]]
[2021.01.15-19.22.24:167][  0]LogConfig: Applying CVar settings from Section [AntiAliasingQuality@3] File [C:/Users/carlo/OneDrive/Documents/Unreal Projects/DemoGameProject1/DemoGame1/Saved/Config/Windows/Scalability.ini]
[2021.01.15-19.22.24:167][  0]LogConfig: Setting CVar [[r.PostProcessAAQuality:4]]
[2021.01.15-19.22.24:167][  0]LogConfig: Applying CVar settings from Section [ShadowQuality@3] File [C:/Users/carlo/OneDrive/Documents/Unreal Projects/DemoGameProject1/DemoGame1/Saved/Config/Windows/Scalability.ini]
[2021.01.15-19.22.24:167][  0]LogConfig: Setting CVar [[r.LightFunctionQuality:1]]
[2021.01.15-19.22.24:167][  0]LogConfig: Setting CVar [[r.ShadowQuality:5]]
[2021.01.15-19.22.24:167][  0]LogConfig: Setting CVar [[r.Shadow.CSM.MaxCascades:10]]
[2021.01.15-19.22.24:167][  0]LogConfig: Setting CVar [[r.Shadow.MaxResolution:2048]]
[2021.01.15-19.22.24:167][  0]LogConfig: Setting CVar [[r.Shadow.MaxCSMResolution:2048]]
[2021.01.15-19.22.24:167][  0]LogConfig: Setting CVar [[r.Shadow.RadiusThreshold:0.01]]
[2021.01.15-19.22.24:167][  0]LogConfig: Setting CVar [[r.Shadow.DistanceScale:1.0]]
[2021.01.15-19.22.24:167][  0]LogConfig: Setting CVar [[r.Shadow.CSM.TransitionScale:1.0]]
[2021.01.15-19.22.24:167][  0]LogConfig: Setting CVar [[r.Shadow.PreShadowResolutionFactor:1.0]]
[2021.01.15-19.22.24:167][  0]LogConfig: Setting CVar [[r.DistanceFieldShadowing:1]]
[2021.01.15-19.22.24:167][  0]LogConfig: Setting CVar [[r.DistanceFieldAO:1]]
[2021.01.15-19.22.24:167][  0]LogConfig: Setting CVar [[r.AOQuality:2]]
[2021.01.15-19.22.24:167][  0]LogConfig: Setting CVar [[r.VolumetricFog:1]]
[2021.01.15-19.22.24:167][  0]LogConfig: Setting CVar [[r.VolumetricFog.GridPixelSize:8]]
[2021.01.15-19.22.24:167][  0]LogConfig: Setting CVar [[r.VolumetricFog.GridSizeZ:128]]
[2021.01.15-19.22.24:167][  0]LogConfig: Setting CVar [[r.VolumetricFog.HistoryMissSupersampleCount:4]]
[2021.01.15-19.22.24:167][  0]LogConfig: Setting CVar [[r.LightMaxDrawDistanceScale:1]]
[2021.01.15-19.22.24:167][  0]LogConfig: Setting CVar [[r.CapsuleShadows:1]]
[2021.01.15-19.22.24:167][  0]LogConfig: Applying CVar settings from Section [PostProcessQuality@3] File [C:/Users/carlo/OneDrive/Documents/Unreal Projects/DemoGameProject1/DemoGame1/Saved/Config/Windows/Scalability.ini]
[2021.01.15-19.22.24:167][  0]LogConfig: Setting CVar [[r.MotionBlurQuality:4]]
[2021.01.15-19.22.24:167][  0]LogConfig: Setting CVar [[r.AmbientOcclusionMipLevelFactor:0.4]]
[2021.01.15-19.22.24:167][  0]LogConfig: Setting CVar [[r.AmbientOcclusionMaxQuality:100]]
[2021.01.15-19.22.24:167][  0]LogConfig: Setting CVar [[r.AmbientOcclusionLevels:-1]]
[2021.01.15-19.22.24:167][  0]LogConfig: Setting CVar [[r.AmbientOcclusionRadiusScale:1.0]]
[2021.01.15-19.22.24:167][  0]LogConfig: Setting CVar [[r.DepthOfFieldQuality:2]]
[2021.01.15-19.22.24:167][  0]LogConfig: Setting CVar [[r.RenderTargetPoolMin:400]]
[2021.01.15-19.22.24:167][  0]LogConfig: Setting CVar [[r.LensFlareQuality:2]]
[2021.01.15-19.22.24:167][  0]LogConfig: Setting CVar [[r.SceneColorFringeQuality:1]]
[2021.01.15-19.22.24:167][  0]LogConfig: Setting CVar [[r.EyeAdaptationQuality:2]]
[2021.01.15-19.22.24:167][  0]LogConfig: Setting CVar [[r.BloomQuality:5]]
[2021.01.15-19.22.24:167][  0]LogConfig: Setting CVar [[r.FastBlurThreshold:100]]
[2021.01.15-19.22.24:167][  0]LogConfig: Setting CVar [[r.Upscale.Quality:3]]
[2021.01.15-19.22.24:167][  0]LogConfig: Setting CVar [[r.Tonemapper.GrainQuantization:1]]
[2021.01.15-19.22.24:167][  0]LogConfig: Setting CVar [[r.LightShaftQuality:1]]
[2021.01.15-19.22.24:167][  0]LogConfig: Setting CVar [[r.Filter.SizeScale:1]]
[2021.01.15-19.22.24:167][  0]LogConfig: Setting CVar [[r.Tonemapper.Quality:5]]
[2021.01.15-19.22.24:167][  0]LogConfig: Setting CVar [[r.DOF.Gather.AccumulatorQuality:1        ; higher gathering accumulator quality]]
[2021.01.15-19.22.24:167][  0]LogConfig: Setting CVar [[r.DOF.Gather.PostfilterMethod:1          ; Median3x3 postfilering method]]
[2021.01.15-19.22.24:167][  0]LogConfig: Setting CVar [[r.DOF.Gather.EnableBokehSettings:0       ; no bokeh simulation when gathering]]
[2021.01.15-19.22.24:167][  0]LogConfig: Setting CVar [[r.DOF.Gather.RingCount:4                 ; medium number of samples when gathering]]
[2021.01.15-19.22.24:167][  0]LogConfig: Setting CVar [[r.DOF.Scatter.ForegroundCompositing:1    ; additive foreground scattering]]
[2021.01.15-19.22.24:167][  0]LogConfig: Setting CVar [[r.DOF.Scatter.BackgroundCompositing:2    ; additive background scattering]]
[2021.01.15-19.22.24:167][  0]LogConfig: Setting CVar [[r.DOF.Scatter.EnableBokehSettings:1      ; bokeh simulation when scattering]]
[2021.01.15-19.22.24:167][  0]LogConfig: Setting CVar [[r.DOF.Scatter.MaxSpriteRatio:0.1         ; only a maximum of 10% of scattered bokeh]]
[2021.01.15-19.22.24:167][  0]LogConfig: Setting CVar [[r.DOF.Recombine.Quality:1                ; cheap slight out of focus]]
[2021.01.15-19.22.24:167][  0]LogConfig: Setting CVar [[r.DOF.Recombine.EnableBokehSettings:0    ; no bokeh simulation on slight out of focus]]
[2021.01.15-19.22.24:167][  0]LogConfig: Setting CVar [[r.DOF.TemporalAAQuality:1                ; more stable temporal accumulation]]
[2021.01.15-19.22.24:167][  0]LogConfig: Setting CVar [[r.DOF.Kernel.MaxForegroundRadius:0.025]]
[2021.01.15-19.22.24:167][  0]LogConfig: Setting CVar [[r.DOF.Kernel.MaxBackgroundRadius:0.025]]
[2021.01.15-19.22.24:167][  0]LogConfig: Applying CVar settings from Section [TextureQuality@3] File [C:/Users/carlo/OneDrive/Documents/Unreal Projects/DemoGameProject1/DemoGame1/Saved/Config/Windows/Scalability.ini]
[2021.01.15-19.22.24:167][  0]LogConfig: Setting CVar [[r.Streaming.MipBias:0]]
[2021.01.15-19.22.24:167][  0]LogConfig: Setting CVar [[r.Streaming.AmortizeCPUToGPUCopy:0]]
[2021.01.15-19.22.24:167][  0]LogConfig: Setting CVar [[r.Streaming.MaxNumTexturesToStreamPerFrame:0]]
[2021.01.15-19.22.24:167][  0]LogConfig: Setting CVar [[r.Streaming.Boost:1]]
[2021.01.15-19.22.24:167][  0]LogConfig: Setting CVar [[r.MaxAnisotropy:8]]
[2021.01.15-19.22.24:167][  0]LogConfig: Setting CVar [[r.VT.MaxAnisotropy:8]]
[2021.01.15-19.22.24:167][  0]LogConfig: Setting CVar [[r.Streaming.LimitPoolSizeToVRAM:0]]
[2021.01.15-19.22.24:167][  0]LogConfig: Setting CVar [[r.Streaming.PoolSize:1000]]
[2021.01.15-19.22.24:167][  0]LogConfig: Setting CVar [[r.Streaming.MaxEffectiveScreenSize:0]]
[2021.01.15-19.22.24:167][  0]LogConfig: Applying CVar settings from Section [EffectsQuality@3] File [C:/Users/carlo/OneDrive/Documents/Unreal Projects/DemoGameProject1/DemoGame1/Saved/Config/Windows/Scalability.ini]
[2021.01.15-19.22.24:167][  0]LogConfig: Setting CVar [[r.TranslucencyLightingVolumeDim:64]]
[2021.01.15-19.22.24:167][  0]LogConfig: Setting CVar [[r.RefractionQuality:2]]
[2021.01.15-19.22.24:167][  0]LogConfig: Setting CVar [[r.SSR.Quality:3]]
[2021.01.15-19.22.24:167][  0]LogConfig: Setting CVar [[r.SSR.HalfResSceneColor:0]]
[2021.01.15-19.22.24:167][  0]LogConfig: Setting CVar [[r.SceneColorFormat:4]]
[2021.01.15-19.22.24:167][  0]LogConfig: Setting CVar [[r.DetailMode:2]]
[2021.01.15-19.22.24:167][  0]LogConfig: Setting CVar [[r.TranslucencyVolumeBlur:1]]
[2021.01.15-19.22.24:167][  0]LogConfig: Setting CVar [[r.MaterialQualityLevel:1 ; High quality]]
[2021.01.15-19.22.24:167][  0]LogConfig: Setting CVar [[r.SSS.Scale:1]]
[2021.01.15-19.22.24:167][  0]LogConfig: Setting CVar [[r.SSS.SampleSet:2]]
[2021.01.15-19.22.24:167][  0]LogConfig: Setting CVar [[r.SSS.Quality:1]]
[2021.01.15-19.22.24:167][  0]LogConfig: Setting CVar [[r.SSS.HalfRes:0]]
[2021.01.15-19.22.24:167][  0]LogConfig: Setting CVar [[r.SSGI.Quality:3]]
[2021.01.15-19.22.24:167][  0]LogConfig: Setting CVar [[r.EmitterSpawnRateScale:1.0]]
[2021.01.15-19.22.24:167][  0]LogConfig: Setting CVar [[r.ParticleLightQuality:2]]
[2021.01.15-19.22.24:167][  0]LogConfig: Setting CVar [[r.SkyAtmosphere.AerialPerspectiveLUT.FastApplyOnOpaque:1 ; Always have FastSkyLUT 1 in this case to avoid wrong sky]]
[2021.01.15-19.22.24:167][  0]LogConfig: Setting CVar [[r.SkyAtmosphere.AerialPerspectiveLUT.SampleCountPerSlice:1]]
[2021.01.15-19.22.24:167][  0]LogConfig: Setting CVar [[r.SkyAtmosphere.AerialPerspectiveLUT.DepthResolution:16.0]]
[2021.01.15-19.22.24:167][  0]LogConfig: Setting CVar [[r.SkyAtmosphere.FastSkyLUT:1]]
[2021.01.15-19.22.24:167][  0]LogConfig: Setting CVar [[r.SkyAtmosphere.FastSkyLUT.SampleCountMin:4.0]]
[2021.01.15-19.22.24:167][  0]LogConfig: Setting CVar [[r.SkyAtmosphere.FastSkyLUT.SampleCountMax:32.0]]
[2021.01.15-19.22.24:167][  0]LogConfig: Setting CVar [[r.SkyAtmosphere.SampleCountMin:4.0]]
[2021.01.15-19.22.24:167][  0]LogConfig: Setting CVar [[r.SkyAtmosphere.SampleCountMax:32.0]]
[2021.01.15-19.22.24:167][  0]LogConfig: Setting CVar [[r.SkyAtmosphere.TransmittanceLUT.UseSmallFormat:0]]
[2021.01.15-19.22.24:167][  0]LogConfig: Setting CVar [[r.SkyAtmosphere.TransmittanceLUT.SampleCount:10.0]]
[2021.01.15-19.22.24:168][  0]LogConfig: Setting CVar [[r.SkyAtmosphere.MultiScatteringLUT.SampleCount:15.0]]
[2021.01.15-19.22.24:168][  0]LogConfig: Applying CVar settings from Section [FoliageQuality@3] File [C:/Users/carlo/OneDrive/Documents/Unreal Projects/DemoGameProject1/DemoGame1/Saved/Config/Windows/Scalability.ini]
[2021.01.15-19.22.24:168][  0]LogConfig: Setting CVar [[foliage.DensityScale:1.0]]
[2021.01.15-19.22.24:168][  0]LogConfig: Setting CVar [[grass.DensityScale:1.0]]
[2021.01.15-19.22.24:168][  0]LogConfig: Applying CVar settings from Section [ShadingQuality@3] File [C:/Users/carlo/OneDrive/Documents/Unreal Projects/DemoGameProject1/DemoGame1/Saved/Config/Windows/Scalability.ini]
[2021.01.15-19.22.24:168][  0]LogConfig: Setting CVar [[r.HairStrands.SkyLighting.SampleCount:16]]
[2021.01.15-19.22.24:168][  0]LogConfig: Setting CVar [[r.HairStrands.SkyLighting.JitterIntegration:0]]
[2021.01.15-19.22.24:168][  0]LogConfig: Setting CVar [[r.HairStrands.SkyAO.SampleCount:16]]
[2021.01.15-19.22.24:168][  0]LogConfig: Setting CVar [[r.HairStrands.DeepShadow.SuperSampling:0]]
[2021.01.15-19.22.24:168][  0]LogConfig: Setting CVar [[r.HairStrands.VisibilityPPLL:0]]
[2021.01.15-19.22.24:168][  0]LogConfig: Setting CVar [[r.HairStrands.RasterizationScale:0.5]]
[2021.01.15-19.22.24:168][  0]LogConfig: Setting CVar [[r.HairStrands.VelocityRasterizationScale:1]]
[2021.01.15-19.22.24:168][  0]LogConfig: Applying CVar settings from Section [Startup] File [../../../Engine/Config/ConsoleVariables.ini]
[2021.01.15-19.22.24:168][  0]LogConfig: Setting CVar [[net.UseAdaptiveNetUpdateFrequency:0]]
[2021.01.15-19.22.24:168][  0]LogConfig: Setting CVar [[p.chaos.AllowCreatePhysxBodies:1]]
[2021.01.15-19.22.24:168][  0]LogConfig: Setting CVar [[fx.SkipVectorVMBackendOptimizations:1]]
[2021.01.15-19.22.24:168][  0]LogConfig: Applying CVar settings from Section [ConsoleVariables] File [C:/Users/carlo/OneDrive/Documents/Unreal Projects/DemoGameProject1/DemoGame1/Saved/Config/Windows/Engine.ini]
[2021.01.15-19.22.24:168][  0]LogInit: Computer: DESKTOP-4VJ6QC5
[2021.01.15-19.22.24:168][  0]LogInit: User: carlo
[2021.01.15-19.22.24:168][  0]LogInit: CPU Page size=4096, Cores=6
[2021.01.15-19.22.24:168][  0]LogInit: High frequency timer resolution =10.000000 MHz
[2021.01.15-19.22.24:168][  0]LogMemory: Memory total: Physical=15.8GB (16GB approx)
[2021.01.15-19.22.24:168][  0]LogMemory: Platform Memory Stats for Windows
[2021.01.15-19.22.24:168][  0]LogMemory: Process Physical Memory: 116.49 MB used, 116.50 MB peak
[2021.01.15-19.22.24:168][  0]LogMemory: Process Virtual Memory: 105.59 MB used, 105.59 MB peak
[2021.01.15-19.22.24:168][  0]LogMemory: Physical Memory: 10134.43 MB used,  6007.25 MB free, 16141.69 MB total
[2021.01.15-19.22.24:168][  0]LogMemory: Virtual Memory: 5174.91 MB used,  134212552.00 MB free, 134217728.00 MB total
[2021.01.15-19.22.24:360][  0]LogWindows: WindowsPlatformFeatures enabled
[2021.01.15-19.22.24:387][  0]LogInit: Physics initialised using underlying interface: PhysX
[2021.01.15-19.22.24:388][  0]LogInit: Using OS detected language (en-US).
[2021.01.15-19.22.24:388][  0]LogInit: Using OS detected locale (en-US).
[2021.01.15-19.22.24:391][  0]LogTextLocalizationManager: No specific localization for 'en-US' exists, so the 'en' localization will be used.
[2021.01.15-19.22.24:538][  0]LogInit: Setting process to per monitor DPI aware
[2021.01.15-19.22.24:565][  0]LogSlate: New Slate User Created.  User Index 0, Is Virtual User: 0
[2021.01.15-19.22.24:565][  0]LogSlate: Slate User Registered.  User Index 0, Is Virtual User: 0
[2021.01.15-19.22.24:704][  0]LogHMD: Failed to initialize OpenVR with code 110
[2021.01.15-19.22.24:704][  0]LogD3D11RHI: D3D11 min allowed feature level: 11_0
[2021.01.15-19.22.24:704][  0]LogD3D11RHI: D3D11 max allowed feature level: 11_0
[2021.01.15-19.22.24:704][  0]LogD3D11RHI: D3D11 adapters:
[2021.01.15-19.22.24:786][  0]LogD3D11RHI:    0. 'NVIDIA GeForce GTX 1660 Ti' (Feature Level 11_0)
[2021.01.15-19.22.24:786][  0]LogD3D11RHI:       5991/0/8070 MB DedicatedVideo/DedicatedSystem/SharedSystem, Outputs:2, VendorId:0x10de
[2021.01.15-19.22.24:802][  0]LogD3D11RHI:    1. 'Intel(R) UHD Graphics' (Feature Level 11_0)
[2021.01.15-19.22.24:802][  0]LogD3D11RHI:       128/0/8070 MB DedicatedVideo/DedicatedSystem/SharedSystem, Outputs:0, VendorId:0x8086
[2021.01.15-19.22.24:804][  0]LogD3D11RHI:    2. 'Microsoft Basic Render Driver' (Feature Level 11_0)
[2021.01.15-19.22.24:804][  0]LogD3D11RHI:       0/0/8070 MB DedicatedVideo/DedicatedSystem/SharedSystem, Outputs:0, VendorId:0x1414
[2021.01.15-19.22.24:804][  0]LogD3D11RHI: Chosen D3D11 Adapter: 0
[2021.01.15-19.22.24:819][  0]LogD3D11RHI: Creating new Direct3DDevice
[2021.01.15-19.22.24:819][  0]LogD3D11RHI:     GPU DeviceId: 0x2191 (for the marketing name, search the web for "GPU Device Id")
[2021.01.15-19.22.24:819][  0]LogWindows: EnumDisplayDevices:
[2021.01.15-19.22.24:819][  0]LogWindows:    0. 'Intel(R) UHD Graphics' (P:1 D:1)
[2021.01.15-19.22.24:819][  0]LogWindows:    1. 'Intel(R) UHD Graphics' (P:0 D:0)
[2021.01.15-19.22.24:819][  0]LogWindows:    2. 'Intel(R) UHD Graphics' (P:0 D:0)
[2021.01.15-19.22.24:819][  0]LogWindows:    3. 'NVIDIA GeForce GTX 1660 Ti' (P:0 D:1)
[2021.01.15-19.22.24:819][  0]LogWindows:    4. 'NVIDIA GeForce GTX 1660 Ti' (P:0 D:0)
[2021.01.15-19.22.24:820][  0]LogWindows:    5. 'NVIDIA GeForce GTX 1660 Ti' (P:0 D:0)
[2021.01.15-19.22.24:820][  0]LogWindows:    6. 'NVIDIA GeForce GTX 1660 Ti' (P:0 D:0)
[2021.01.15-19.22.24:820][  0]LogWindows: DebugString: PrimaryIsNotTheChoosenAdapter PrimaryIsNotTheChoosenAdapter PrimaryIsNotTheChoosenAdapter FoundDriverCount:4 
[2021.01.15-19.22.24:820][  0]LogD3D11RHI:     Adapter Name: NVIDIA GeForce GTX 1660 Ti
[2021.01.15-19.22.24:820][  0]LogD3D11RHI:   Driver Version: 452.41 (internal:27.21.14.5241, unified:452.41)
[2021.01.15-19.22.24:820][  0]LogD3D11RHI:      Driver Date: 9-23-2020
[2021.01.15-19.22.24:820][  0]LogRHI: Texture pool is 4193 MB (70% of 5991 MB)
[2021.01.15-19.22.24:879][  0]LogD3D11RHI: RHI has support for 64 bit atomics
[2021.01.15-19.22.24:879][  0]LogD3D11RHI: Async texture creation enabled
[2021.01.15-19.22.24:879][  0]LogD3D11RHI: Array index from any shader is supported
[2021.01.15-19.22.24:899][  0]LogD3D11RHI: GPU Timing Frequency: 1000.000000 (Debug: 2 2)
[2021.01.15-19.22.25:150][  0]LogTargetPlatformManager: Display: Loaded TargetPlatform 'AllDesktop'
[2021.01.15-19.22.25:170][  0]LogTargetPlatformManager: Display: Loaded TargetPlatform 'Android'
[2021.01.15-19.22.25:170][  0]LogTargetPlatformManager: Display: Loaded TargetPlatform 'Android_ASTC'
[2021.01.15-19.22.25:170][  0]LogTargetPlatformManager: Display: Loaded TargetPlatform 'Android_DXT'
[2021.01.15-19.22.25:170][  0]LogTargetPlatformManager: Display: Loaded TargetPlatform 'Android_ETC2'
[2021.01.15-19.22.25:170][  0]LogTargetPlatformManager: Display: Loaded TargetPlatform 'AndroidClient'
[2021.01.15-19.22.25:170][  0]LogTargetPlatformManager: Display: Loaded TargetPlatform 'Android_ASTCClient'
[2021.01.15-19.22.25:170][  0]LogTargetPlatformManager: Display: Loaded TargetPlatform 'Android_DXTClient'
[2021.01.15-19.22.25:170][  0]LogTargetPlatformManager: Display: Loaded TargetPlatform 'Android_ETC2Client'
[2021.01.15-19.22.25:170][  0]LogTargetPlatformManager: Display: Loaded TargetPlatform 'Android_Multi'
[2021.01.15-19.22.25:170][  0]LogTargetPlatformManager: Display: Loaded TargetPlatform 'Android_MultiClient'
[2021.01.15-19.22.25:193][  0]LogTargetPlatformManager: Display: Loaded TargetPlatform 'IOSClient'
[2021.01.15-19.22.25:193][  0]LogTargetPlatformManager: Display: Loaded TargetPlatform 'IOS'
[2021.01.15-19.22.25:202][  0]LogTargetPlatformManager: Display: Loaded TargetPlatform 'Linux'
[2021.01.15-19.22.25:212][  0]LogTargetPlatformManager: Display: Loaded TargetPlatform 'LinuxNoEditor'
[2021.01.15-19.22.25:221][  0]LogTargetPlatformManager: Display: Loaded TargetPlatform 'LinuxClient'
[2021.01.15-19.22.25:229][  0]LogTargetPlatformManager: Display: Loaded TargetPlatform 'LinuxServer'
[2021.01.15-19.22.25:238][  0]LogTargetPlatformManager: Display: Loaded TargetPlatform 'LinuxAArch64NoEditor'
[2021.01.15-19.22.25:247][  0]LogTargetPlatformManager: Display: Loaded TargetPlatform 'LinuxAArch64Client'
[2021.01.15-19.22.25:260][  0]LogTargetPlatformManager: Display: Loaded TargetPlatform 'LinuxAArch64Server'
[2021.01.15-19.22.25:286][  0]LogTargetPlatformManager: Display: Loaded TargetPlatform 'Lumin'
[2021.01.15-19.22.25:286][  0]LogTargetPlatformManager: Display: Loaded TargetPlatform 'LuminClient'
[2021.01.15-19.22.25:302][  0]LogTargetPlatformManager: Display: Loaded TargetPlatform 'TVOSClient'
[2021.01.15-19.22.25:302][  0]LogTargetPlatformManager: Display: Loaded TargetPlatform 'TVOS'
[2021.01.15-19.22.25:311][  0]LogTargetPlatformManager: Display: Loaded TargetPlatform 'WindowsNoEditor'
[2021.01.15-19.22.25:320][  0]LogTargetPlatformManager: Display: Loaded TargetPlatform 'Windows'
[2021.01.15-19.22.25:328][  0]LogTargetPlatformManager: Display: Loaded TargetPlatform 'WindowsClient'
[2021.01.15-19.22.25:337][  0]LogTargetPlatformManager: Display: Loaded TargetPlatform 'WindowsServer'
[2021.01.15-19.22.25:337][  0]LogTargetPlatformManager: Display: Building Assets For Windows
[2021.01.15-19.22.25:344][  0]LogAudioDebug: Display: Lib vorbis DLL was dynamically loaded.
[2021.01.15-19.22.25:397][  0]LogShaderCompilers: Guid format shader working directory is -46 characters bigger than the processId version (../../../../../../Users/carlo/OneDrive/Documents/Unreal Projects/DemoGameProject1/DemoGame1/Intermediate/Shaders/WorkingDirectory/17304/).
[2021.01.15-19.22.25:397][  0]LogShaderCompilers: Cleaned the shader compiler working directory 'C:/Users/carlo/AppData/Local/Temp/UnrealShaderWorkingDir/68500DA0490122E9A1AF0F8C991F1718/'.
[2021.01.15-19.22.25:397][  0]LogXGEController: Cannot use XGE Controller as Incredibuild is not installed on this machine.
[2021.01.15-19.22.25:397][  0]LogShaderCompilers: Cannot use XGE Shader Compiler as Incredibuild is not installed on this machine.
[2021.01.15-19.22.25:397][  0]LogShaderCompilers: Display: Using Local Shader Compiler.
[2021.01.15-19.22.26:074][  0]LogDerivedDataCache: Display: Max Cache Size: 512 MB
[2021.01.15-19.22.26:122][  0]LogDerivedDataCache: Loaded boot cache 0.05s 75MB C:/Users/carlo/AppData/Local/UnrealEngine/4.25/DerivedDataCache/Boot.ddc.
[2021.01.15-19.22.26:122][  0]LogDerivedDataCache: Display: Loaded Boot cache: C:/Users/carlo/AppData/Local/UnrealEngine/4.25/DerivedDataCache/Boot.ddc
[2021.01.15-19.22.26:122][  0]LogDerivedDataCache: FDerivedDataBackendGraph:  Pak pak cache file ../../../../../../Users/carlo/OneDrive/Documents/Unreal Projects/DemoGameProject1/DemoGame1/DerivedDataCache/DDC.ddp not found, will not use a pak cache.
[2021.01.15-19.22.26:122][  0]LogDerivedDataCache: Unable to find inner node Pak for hierarchical cache Hierarchy.
[2021.01.15-19.22.26:122][  0]LogDerivedDataCache: FDerivedDataBackendGraph:  CompressedPak pak cache file ../../../../../../Users/carlo/OneDrive/Documents/Unreal Projects/DemoGameProject1/DemoGame1/DerivedDataCache/Compressed.ddp not found, will not use a pak cache.
[2021.01.15-19.22.26:122][  0]LogDerivedDataCache: Unable to find inner node CompressedPak for hierarchical cache Hierarchy.
[2021.01.15-19.22.26:131][  0]LogDerivedDataCache: Display: Pak cache opened for reading ../../../Engine/DerivedDataCache/Compressed.ddp.
[2021.01.15-19.22.26:131][  0]LogDerivedDataCache: FDerivedDataBackendGraph:  EnterprisePak pak cache file ../../../Enterprise/DerivedDataCache/Compressed.ddp not found, will not use a pak cache.
[2021.01.15-19.22.26:131][  0]LogDerivedDataCache: Unable to find inner node EnterprisePak for hierarchical cache Hierarchy.
[2021.01.15-19.22.26:132][  0]LogDerivedDataCache: Using Local data cache path C:/Users/carlo/AppData/Local/UnrealEngine/Common/DerivedDataCache: Writable
[2021.01.15-19.22.26:133][  0]LogDerivedDataCache: Shared data cache path not found in *engine.ini, will not use an Shared cache.
[2021.01.15-19.22.26:133][  0]LogDerivedDataCache: Unable to find inner node Shared for hierarchical cache Hierarchy.
[2021.01.15-19.22.26:175][  0]LogSlate: Using FreeType 2.10.0
[2021.01.15-19.22.26:175][  0]LogSlate: SlateFontServices - WITH_FREETYPE: 1, WITH_HARFBUZZ: 1
[2021.01.15-19.22.26:197][  0]LogAssetRegistry: FAssetRegistry took 0.0022 seconds to start up
[2021.01.15-19.22.26:405][  0]LogInit: Selected Device Profile: [Windows]
[2021.01.15-19.22.26:514][  0]LogMeshReduction: Using QuadricMeshReduction for automatic static mesh reduction
[2021.01.15-19.22.26:514][  0]LogMeshReduction: Using SimplygonMeshReduction for automatic skeletal mesh reduction
[2021.01.15-19.22.26:514][  0]LogMeshReduction: Using ProxyLODMeshReduction for automatic mesh merging
[2021.01.15-19.22.26:514][  0]LogMeshReduction: No distributed automatic mesh merging module available
[2021.01.15-19.22.26:514][  0]LogMeshMerging: No distributed automatic mesh merging module available
[2021.01.15-19.22.26:527][  0]LogNetVersion: DemoGame1 1.0.0, NetCL: 13144385, EngineNetVer: 14, GameNetVer: 0 (Checksum: 1269417703)
[2021.01.15-19.22.26:876][  0]LogAISub: UAISubsystem::UAISubsystem AISubsystem (0000017C2A541BC0), frame # 0
[2021.01.15-19.22.26:876][  0]LogAISub: UAISubsystem::UAISubsystem AIPerceptionSystem (0000017C2A49AAC0), frame # 0
[2021.01.15-19.22.26:877][  0]LogAISub: UAISubsystem::UAISubsystem EnvQueryManager (0000017C2A4DDE00), frame # 0
[2021.01.15-19.22.26:913][  0]LogPackageLocalizationCache: Processed 19 localized package path(s) for 1 prioritized culture(s) in 0.031688 seconds
[2021.01.15-19.22.26:916][  0]LogUObjectArray: 15917 objects as part of root set at end of initial load.
[2021.01.15-19.22.26:916][  0]LogUObjectAllocator: 3965568 out of 0 bytes used by permanent object pool.
[2021.01.15-19.22.26:916][  0]LogUObjectArray: CloseDisregardForGC: 0/0 objects in disregard for GC pool
[2021.01.15-19.22.27:226][  0]LogTcpMessaging: Initializing TcpMessaging bridge
[2021.01.15-19.22.27:229][  0]LogUdpMessaging: Initializing bridge on interface 0.0.0.0:0 to multicast group 230.0.0.1:6666.
[2021.01.15-19.22.27:298][  0]SourceControl: Source control is disabled
[2021.01.15-19.22.27:299][  0]SourceControl: Source control is disabled
[2021.01.15-19.22.27:301][  0]SourceControl: Source control is disabled
[2021.01.15-19.22.27:304][  0]SourceControl: Source control is disabled
[2021.01.15-19.22.27:309][  0]SourceControl: Source control is disabled
[2021.01.15-19.22.27:518][  0]LogAndroidPermission: UAndroidPermissionCallbackProxy::GetInstance
[2021.01.15-19.22.27:536][  0]LogAudioCaptureCore: Display: No Audio Capture implementations found. Audio input will be silent.
[2021.01.15-19.22.27:536][  0]LogAudioCaptureCore: Display: No Audio Capture implementations found. Audio input will be silent.
[2021.01.15-19.22.27:577][  0]LogOcInput: OculusInput pre-init called
[2021.01.15-19.22.27:587][  0]LogWindows: Failed to load 'OVRPlugin.dll' (GetLastError=126)
[2021.01.15-19.22.27:587][  0]LogWindows: File 'OVRPlugin.dll' does not exist
[2021.01.15-19.22.27:634][  0]LogEngine: Initializing Engine...
[2021.01.15-19.22.27:635][  0]LogHMD: Failed to initialize OpenVR with code 110
[2021.01.15-19.22.27:635][  0]LogMagicLeap: Warning: VR disabled because ZI is not enabled.  To enable, in the editor, Edit -> Project Settings -> Plugins -> Magic Leap Plugin -> Enable Zero Iteration
[2021.01.15-19.22.27:636][  0]LogStats: UGameplayTagsManager::InitializeManager -  0.000 s
[2021.01.15-19.22.27:732][  0]LogInit: Initializing FReadOnlyCVARCache
[2021.01.15-19.22.27:738][  0]LogAIModule: Creating AISystem for world Untitled
[2021.01.15-19.22.27:738][  0]LogAISub: UAISubsystem::UAISubsystem EnvQueryManager (0000017C2C0DFC00), frame # 0
[2021.01.15-19.22.27:738][  0]LogAISub: UAISubsystem::UAISubsystem AIPerceptionSystem (0000017C2C149300), frame # 0
[2021.01.15-19.22.27:754][  0]LogAudioMixer: Display: Audio Mixer Platform Settings:
[2021.01.15-19.22.27:754][  0]LogAudioMixer: Display: 	Sample Rate:						  48000
[2021.01.15-19.22.27:754][  0]LogAudioMixer: Display: 	Callback Buffer Frame Size Requested: 1024
[2021.01.15-19.22.27:754][  0]LogAudioMixer: Display: 	Callback Buffer Frame Size To Use:	  1024
[2021.01.15-19.22.27:754][  0]LogAudioMixer: Display: 	Number of buffers to queue:			  2
[2021.01.15-19.22.27:754][  0]LogAudioMixer: Display: 	Max Channels (voices):				  32
[2021.01.15-19.22.27:754][  0]LogAudioMixer: Display: 	Number of Async Source Workers:		  0
[2021.01.15-19.22.27:754][  0]LogAudio: Display: AudioDevice MaxSources: 32
[2021.01.15-19.22.27:754][  0]LogAudio: Display: Using built-in audio occlusion.
[2021.01.15-19.22.27:754][  0]LogAudioMixer: Display: Initializing audio mixer.
[2021.01.15-19.22.27:826][  0]LogAudioMixer: Display: 0: FrontLeft
[2021.01.15-19.22.27:826][  0]LogAudioMixer: Display: 1: FrontRight
[2021.01.15-19.22.27:826][  0]LogAudioMixer: Display: 2: FrontCenter
[2021.01.15-19.22.27:826][  0]LogAudioMixer: Display: 3: LowFrequency
[2021.01.15-19.22.27:827][  0]LogAudioMixer: Display: 4: BackLeft
[2021.01.15-19.22.27:827][  0]LogAudioMixer: Display: 5: BackRight
[2021.01.15-19.22.27:827][  0]LogAudioMixer: Display: 6: SideLeft
[2021.01.15-19.22.27:827][  0]LogAudioMixer: Display: 7: SideRight
[2021.01.15-19.22.28:240][  0]LogAudioMixer: Display: Using Audio Device Speakers (Realtek(R) Audio)
[2021.01.15-19.22.28:243][  0]LogAudioMixer: Display: Initializing Sound Submixes...
[2021.01.15-19.22.28:245][  0]LogAudioMixer: Display: Creating Master Submix 'MasterSubmixDefault'
[2021.01.15-19.22.28:245][  0]LogAudioMixer: Display: Creating Master Submix 'MasterReverbSubmixDefault'
[2021.01.15-19.22.28:246][  0]LogAudioMixer: Display: Creating Master Submix 'MasterEQSubmixDefault'
[2021.01.15-19.22.28:246][  0]LogInit: FAudioDevice initialized.
[2021.01.15-19.22.28:247][  0]LogNetVersion: Set ProjectVersion to 1.0.0.0. Version Checksum will be recalculated on next use.
[2021.01.15-19.22.28:297][  0]LogDerivedDataCache: Saved boot cache 0.05s 75MB C:/Users/carlo/AppData/Local/UnrealEngine/4.25/DerivedDataCache/Boot.ddc.
[2021.01.15-19.22.28:298][  0]LogInit: Texture streaming: Enabled
[2021.01.15-19.22.28:314][  0]LogEngineSessionManager: EngineSessionManager initialized
[2021.01.15-19.22.28:314][  0]LogEditorSessionSummary: Verbose: Initializing EditorSessionSummaryWriter for editor session tracking
[2021.01.15-19.22.28:318][  0]LogEditorSessionSummary: EditorSessionSummaryWriter initialized
[2021.01.15-19.22.28:363][  0]LogInit: Transaction tracking system initialized
[2021.01.15-19.22.28:380][  0]BlueprintLog: New page: Editor Load
[2021.01.15-19.22.28:441][  0]LocalizationService: Localization service is disabled
[2021.01.15-19.22.28:571][  0]LogCook: Display: Max memory allowance for cook 16384mb min free memory 0mb
[2021.01.15-19.22.28:571][  0]LogCook: Display: Mobile HDR setting 1
[2021.01.15-19.22.28:694][  0]LogFileCache: Scanning file cache for directory 'C:/Users/carlo/OneDrive/Documents/Unreal Projects/DemoGameProject1/DemoGame1/Content/' took 0.04s
[2021.01.15-19.22.28:881][  0]SourceControl: Source control is disabled
[2021.01.15-19.22.29:000][  0]LogSlate: Took 0.000194 seconds to synchronously load lazily loaded font '../../../Engine/Content/Slate/Fonts/Roboto-Regular.ttf' (155K)
[2021.01.15-19.22.42:429][  0]LogSlate: Window 'Restore Packages' being destroyed
[2021.01.15-19.22.42:429][  0]LogWindowsTextInputMethodSystem: Display: IME system now deactivated.
[2021.01.15-19.22.42:447][  0]LogWindowsTextInputMethodSystem: Display: IME system now deactivated.
[2021.01.15-19.22.44:233][  0]LogSlate: Window 'Unable to Check Out From Source Control!' being destroyed
[2021.01.15-19.22.44:233][  0]LogWindowsTextInputMethodSystem: Display: IME system now deactivated.
[2021.01.15-19.22.44:237][  0]Message dialog closed, result: Ok, title: Unable to Check Out From Source Control!, text: The following assets could not be successfully checked out from source control:
/Game/Chapter7/BP_MainAnim
[2021.01.15-19.22.44:244][  0]LogWindowsTextInputMethodSystem: Display: IME system now deactivated.
[2021.01.15-19.22.44:245][  0]LogUnrealEdMisc: Loading editor; pre map load, took 21.501
[2021.01.15-19.22.44:246][  0]Cmd: MAP LOAD FILE="../../../../../../Users/carlo/OneDrive/Documents/Unreal Projects/DemoGameProject1/DemoGame1/Content/SoulCity/Maps/LV_Soul_Slum.umap" TEMPLATE=0 SHOWPROGRESS=1 FEATURELEVEL=3
[2021.01.15-19.22.44:248][  0]LightingResults: New page: Lighting Build
[2021.01.15-19.22.44:249][  0]LogWorld: UWorld::CleanupWorld for Untitled, bSessionEnded=true, bCleanupResources=true
[2021.01.15-19.22.44:249][  0]LogSlate: InvalidateAllWidgets triggered.  All widgets were invalidated
[2021.01.15-19.22.44:249][  0]MapCheck: New page: Map Check
[2021.01.15-19.22.44:249][  0]LightingResults: New page: Lighting Build
[2021.01.15-19.22.44:258][  0]LogAISub: UAISubsystem::~UAISubsystem EnvQueryManager (0000017C2C0DFC00), frame # 0
[2021.01.15-19.22.44:258][  0]LogAISub: UAISubsystem::~UAISubsystem AIPerceptionSystem (0000017C2C149300), frame # 0
[2021.01.15-19.22.44:259][  0]LogUObjectHash: Compacting FUObjectHashTables data took   1.52ms
[2021.01.15-19.22.47:650][  0]LogAIModule: Creating AISystem for world LV_Soul_Slum
[2021.01.15-19.22.47:650][  0]LogAISub: UAISubsystem::UAISubsystem EnvQueryManager (0000017C43BA3C00), frame # 0
[2021.01.15-19.22.47:650][  0]LogAISub: UAISubsystem::UAISubsystem AIPerceptionSystem (0000017C43C18900), frame # 0
[2021.01.15-19.22.47:886][  0]LogStreaming: Display: ULevelStreaming::RequestLevel(/Game/SoulCity/Maps/SLV_Soul_Slum_Collision) is flushing async loading
[2021.01.15-19.22.47:886][  0]LogStreaming: Display: Flushing async loaders.
[2021.01.15-19.22.47:949][  0]LogEditorServer: Finished looking for orphan Actors (0.001 secs)
[2021.01.15-19.22.48:017][  0]LogUObjectHash: Compacting FUObjectHashTables data took   1.17ms
[2021.01.15-19.22.48:018][  0]Cmd: MAP CHECKDEP NOCLEARLOG
[2021.01.15-19.22.48:019][  0]MapCheck: Map check complete: 0 Error(s), 0 Warning(s), took 0.507ms to complete.
[2021.01.15-19.22.48:019][  0]LogFileHelpers: Loading map 'LV_Soul_Slum' took 3.773
[2021.01.15-19.22.48:021][  0]LogUnrealEdMisc: Total Editor Startup Time, took 25.277
[2021.01.15-19.22.48:097][  0]LogSlate: Updating window title bar state: overlay mode, drag disabled, window buttons hidden, title bar hidden
[2021.01.15-19.22.48:103][  0]LogSlate: Updating window title bar state: overlay mode, drag disabled, window buttons hidden, title bar hidden
[2021.01.15-19.22.48:109][  0]LogSlate: Updating window title bar state: overlay mode, drag disabled, window buttons hidden, title bar hidden
[2021.01.15-19.22.48:115][  0]LogSlate: Updating window title bar state: overlay mode, drag disabled, window buttons hidden, title bar hidden
[2021.01.15-19.22.48:123][  0]LogCollectionManager: Loaded 0 collections in 0.001514 seconds
[2021.01.15-19.22.48:139][  0]LogFileCache: Scanning file cache for directory 'C:/Users/carlo/OneDrive/Documents/Unreal Projects/DemoGameProject1/DemoGame1/Saved/Collections/' took 0.00s
[2021.01.15-19.22.48:139][  0]LogFileCache: Scanning file cache for directory 'C:/Users/carlo/OneDrive/Documents/Unreal Projects/DemoGameProject1/DemoGame1/Content/Developers/carlo/Collections/' took 0.00s
[2021.01.15-19.22.48:139][  0]LogFileCache: Scanning file cache for directory 'C:/Users/carlo/OneDrive/Documents/Unreal Projects/DemoGameProject1/DemoGame1/Content/Collections/' took 0.00s
[2021.01.15-19.22.48:139][  0]LogContentBrowser: Native class hierarchy populated in 0.0091 seconds. Added 3432 classes and 823 folders.
[2021.01.15-19.22.48:145][  0]LogContentBrowser: Native class hierarchy updated for 'WidgetCarousel' in 0.0003 seconds. Added 0 classes and 0 folders.
[2021.01.15-19.22.48:285][  0]LogContentBrowser: Native class hierarchy updated for 'AddContentDialog' in 0.0004 seconds. Added 0 classes and 0 folders.
[2021.01.15-19.22.48:293][  0]LogContentBrowser: Native class hierarchy updated for 'SceneOutliner' in 0.0004 seconds. Added 2 classes and 0 folders.
[2021.01.15-19.22.48:986][  0]LogSlate: Took 0.000183 seconds to synchronously load lazily loaded font '../../../Engine/Content/Slate/Fonts/Roboto-Bold.ttf' (160K)
[2021.01.15-19.22.48:991][  0]LogSlate: Took 0.000758 seconds to synchronously load lazily loaded font '../../../Engine/Content/Editor/Slate/Fonts/FontAwesome.ttf' (139K)
[2021.01.15-19.22.49:074][  0]LogRenderer: Reallocating scene render targets to support 1208x572 Format 10 NumSamples 1 (Frame:1).
[2021.01.15-19.22.49:129][  0]LogSlate: Took 0.000685 seconds to synchronously load lazily loaded font '../../../Engine/Content/Slate/Fonts/Roboto-Light.ttf' (167K)
[2021.01.15-19.22.49:175][  0]LogContentBrowser: Native class hierarchy updated for 'HierarchicalLODOutliner' in 0.0004 seconds. Added 0 classes and 0 folders.
[2021.01.15-19.22.49:175][  0]LogLoad: (Engine Initialization) Total time: 26.43 seconds
[2021.01.15-19.22.49:175][  0]LogLoad: (Engine Initialization) Total Blueprint compile time: 0.00 seconds
[2021.01.15-19.22.49:370][  0]LogContentStreaming: Texture pool size now 1000 MB
[2021.01.15-19.22.49:423][  1]LogAssetRegistry: Asset discovery search completed in 23.2261 seconds
[2021.01.15-19.22.49:427][  1]LogCollectionManager: Fixed up redirectors for 0 collections in 0.000002 seconds (updated 0 objects)
[2021.01.15-19.22.50:403][ 65]LogSlate: Took 0.000155 seconds to synchronously load lazily loaded font '../../../Engine/Content/Slate/Fonts/Roboto-Light.ttf' (167K)
[2021.01.15-19.22.53:763][308]LogAssetEditorSubsystem: Opening Asset editor for BlendSpace1D /Game/Chapter7/LeaningRun.LeaningRun
[2021.01.15-19.22.53:775][308]LogContentBrowser: Native class hierarchy updated for 'SkeletonEditor' in 0.0005 seconds. Added 1 classes and 2 folders.
[2021.01.15-19.22.53:944][308]LogActorComponent: RegisterComponentWithWorld: (/Engine/Transient.World_4:PersistentLevel.AnimationEditorPreviewActor_0.DebugSkelMeshComponent_0) Already registered. Aborting.
[2021.01.15-19.22.53:945][308]LogContentBrowser: Native class hierarchy updated for 'PinnedCommandList' in 0.0004 seconds. Added 1 classes and 0 folders.
[2021.01.15-19.22.53:999][308]LogSkeletalMesh: USkeletalMeshComponent::InitArticulated : Bodies already created (/Engine/Transient.World_4:PersistentLevel.AnimationEditorPreviewActor_0.DebugSkelMeshComponent_0) - call TermArticulated first.
[2021.01.15-19.22.54:277][308]LogContentBrowser: Native class hierarchy updated for 'ClothingSystemEditorInterface' in 0.0004 seconds. Added 1 classes and 0 folders.
[2021.01.15-19.22.54:292][308]LogContentBrowser: Verbose: The majority of assets in the view are of type: AnimSequence
[2021.01.15-19.22.56:735][462]LogSlate: Window 'LeaningRun' being destroyed
[2021.01.15-19.22.58:528][604]LogAssetEditorSubsystem: Opening Asset editor for AnimBlueprint /Game/Chapter7/BP_MainAnim.BP_MainAnim
[2021.01.15-19.22.58:538][604]LogActorComponent: RegisterComponentWithWorld: (/Engine/Transient.World_9:PersistentLevel.AnimationEditorPreviewActor_0.DebugSkelMeshComponent_0) Already registered. Aborting.
[2021.01.15-19.22.58:723][604]LogContentBrowser: Native class hierarchy updated for 'BlueprintGraph' in 0.0006 seconds. Added 125 classes and 0 folders.
[2021.01.15-19.22.59:451][604]LogSkeletalMesh: USkeletalMeshComponent::InitArticulated : Bodies already created (/Engine/Transient.World_9:PersistentLevel.AnimationEditorPreviewActor_0.DebugSkelMeshComponent_0) - call TermArticulated first.
[2021.01.15-19.22.59:691][604]LogSlate: Took 0.000178 seconds to synchronously load lazily loaded font '../../../Engine/Content/Slate/Fonts/Roboto-BoldCondensed.ttf' (158K)
[2021.01.15-19.22.59:751][604]LogContentBrowser: Verbose: The majority of assets in the view are of type: AnimSequence
[2021.01.15-19.22.59:784][605]LogSlate: Took 0.000273 seconds to synchronously load lazily loaded font '../../../Engine/Content/Slate/Fonts/Roboto-Italic.ttf' (157K)
[2021.01.15-19.25.15:735][396]Candidate modules for hot reload:
[2021.01.15-19.25.15:735][396]  DemoGame1
[2021.01.15-19.25.15:735][396]Launching UnrealBuildTool... [C:/Program Files/Epic Games/UE_4.25/Engine/Binaries/DotNET/UnrealBuildTool.exe  -ModuleWithSuffix=DemoGame1,3924 DemoGame1Editor Win64 Development -Project="C:/Users/carlo/OneDrive/Documents/Unreal Projects/DemoGameProject1/DemoGame1/DemoGame1.uproject" "C:/Users/carlo/OneDrive/Documents/Unreal Projects/DemoGameProject1/DemoGame1/DemoGame1.uproject"  -IgnoreJunk]
[2021.01.15-19.25.15:737][396]Warning: Starting HotReload took  0.0s.
[2021.01.15-19.25.17:482][492]CompilerResultsLog: New page: Compilation - Jan 15, 2021, 9:25:17 AM
[2021.01.15-19.25.17:482][492]CompilerResultsLog: Using 'git status' to determine working set for adaptive non-unity build (C:\Users\carlo\OneDrive\Documents\Unreal Projects\DemoGameProject1).
[2021.01.15-19.25.17:482][492]CompilerResultsLog: Building DemoGame1Editor...
[2021.01.15-19.25.17:482][492]CompilerResultsLog: Using Visual Studio 2019 14.28.29334 toolchain (C:\Program Files (x86)\Microsoft Visual Studio\2019\Community\VC\Tools\MSVC\14.28.29333) and Windows 10.0.17763.0 SDK (C:\Program Files (x86)\Windows Kits\10).
[2021.01.15-19.25.17:482][492]CompilerResultsLog: Building 3 actions with 12 processes...
[2021.01.15-19.25.17:482][492]CompilerResultsLog:   [1/3] UE4Editor-DemoGame1-3924.lib
[2021.01.15-19.25.17:482][492]CompilerResultsLog:      Creating library C:\Users\carlo\OneDrive\Documents\Unreal Projects\DemoGameProject1\DemoGame1\Intermediate\Build\Win64\UE4Editor\Development\DemoGame1\UE4Editor-DemoGame1-3924.lib and object C:\Users\carlo\OneDrive\Documents\Unreal Projects\DemoGameProject1\DemoGame1\Intermediate\Build\Win64\UE4Editor\Development\DemoGame1\UE4Editor-DemoGame1-3924.exp
[2021.01.15-19.25.17:482][492]CompilerResultsLog:   [2/3] UE4Editor-DemoGame1-3924.dll
[2021.01.15-19.25.17:482][492]CompilerResultsLog:      Creating library C:\Users\carlo\OneDrive\Documents\Unreal Projects\DemoGameProject1\DemoGame1\Intermediate\Build\Win64\UE4Editor\Development\DemoGame1\UE4Editor-DemoGame1-3924.suppressed.lib and object C:\Users\carlo\OneDrive\Documents\Unreal Projects\DemoGameProject1\DemoGame1\Intermediate\Build\Win64\UE4Editor\Development\DemoGame1\UE4Editor-DemoGame1-3924.suppressed.exp
[2021.01.15-19.25.17:482][492]CompilerResultsLog:   [3/3] DemoGame1Editor.target
[2021.01.15-19.25.17:482][492]CompilerResultsLog: Total time in Parallel executor: 0.94 seconds
[2021.01.15-19.25.17:482][492]CompilerResultsLog: Total execution time: 1.65 seconds
[2021.01.15-19.25.17:482][492]LogMainFrame: MainFrame: Module compiling took 1.753 seconds
[2021.01.15-19.25.19:725][492]LogContentBrowser: Native class hierarchy updated for 'DemoGame1' in 0.0006 seconds. Added 5 classes and 2 folders.
[2021.01.15-19.25.19:729][492]Display: HotReload successful (1 functions remapped  0 scriptstructs remapped)
[2021.01.15-19.25.19:859][492]LogContentBrowser: Native class hierarchy populated in 0.0083 seconds. Added 3433 classes and 825 folders.
[2021.01.15-19.25.19:862][492]Display: HotReload took  4.2s.
[2021.01.15-19.25.36:285][220]LogHotReload: New module detected: UE4Editor-DemoGame1-0011.dll
[2021.01.15-19.25.36:992][223]LogHotReload: Starting Hot-Reload from IDE
[2021.01.15-19.25.37:169][223]LogContentBrowser: Native class hierarchy updated for 'DemoGame1' in 0.0004 seconds. Added 5 classes and 2 folders.
[2021.01.15-19.25.37:175][223]Display: HotReload successful (1 functions remapped  0 scriptstructs remapped)
[2021.01.15-19.25.37:321][223]LogContentBrowser: Native class hierarchy populated in 0.0076 seconds. Added 3433 classes and 825 folders.
[2021.01.15-19.25.37:323][223]Display: HotReload took  0.3s.
[2021.01.15-19.25.40:444][328]Cmd: OBJ SAVEPACKAGE PACKAGE="/Game/Chapter7/LeaningRun" FILE="../../../../../../Users/carlo/OneDrive/Documents/Unreal Projects/DemoGameProject1/DemoGame1/Content/Chapter7/LeaningRun.uasset" SILENT=true
[2021.01.15-19.25.40:453][328]LogSavePackage: Moving '../../../../../../Users/carlo/OneDrive/Documents/Unreal Projects/DemoGameProject1/DemoGame1/Saved/LeaningRunDE35ABCB4D3FC28081878588296E40D3.tmp' to '../../../../../../Users/carlo/OneDrive/Documents/Unreal Projects/DemoGameProject1/DemoGame1/Content/Chapter7/LeaningRun.uasset'
[2021.01.15-19.25.40:469][328]AssetCheck: New page: Asset Save: LeaningRun
[2021.01.15-19.25.40:470][328]LogContentValidation: Display: Validating BlendSpace1D /Game/Chapter7/LeaningRun.LeaningRun
[2021.01.15-19.25.45:009][600]LogEditorViewport: Clicking on Actor (LMB): StaticMeshActor (SM_Slums_Floor_01a_11)
[2021.01.15-19.25.45:791][644]LogTemp: Repeating last play command: Selected Viewport
[2021.01.15-19.25.45:809][644]BlueprintLog: New page: Pre-Play auto-recompile
[2021.01.15-19.25.45:811][644]LogPlayLevel: [PlayLevel] Compiling BP_MainAnim before play...
[2021.01.15-19.25.45:937][644]LogUObjectHash: Compacting FUObjectHashTables data took   4.25ms
[2021.01.15-19.25.45:940][644]LogPlayLevel: PlayLevel: Blueprint regeneration took 130 ms (1 blueprints)
[2021.01.15-19.25.45:940][644]PIE: New page: PIE session: LV_Soul_Slum (Jan 15, 2021, 9:25:45 AM)
[2021.01.15-19.25.45:941][644]LogOnline: OSS: Creating online subsystem instance for: NULL
[2021.01.15-19.25.45:942][644]LogOnline: OSS: TryLoadSubsystemAndSetDefault: Loaded subsystem for module [NULL]
[2021.01.15-19.25.45:942][644]LogPlayLevel: Creating play world package: /Game/SoulCity/Maps/UEDPIE_0_LV_Soul_Slum
[2021.01.15-19.25.46:148][644]LogPlayLevel: PIE: StaticDuplicateObject took: (0.206491s)
[2021.01.15-19.25.46:149][644]LogAIModule: Creating AISystem for world LV_Soul_Slum
[2021.01.15-19.25.46:149][644]LogAISub: UAISubsystem::UAISubsystem EnvQueryManager (0000017D48C16200), frame # 8644
[2021.01.15-19.25.46:149][644]LogAISub: UAISubsystem::UAISubsystem AIPerceptionSystem (0000017D504302C0), frame # 8644
[2021.01.15-19.25.46:150][644]LogPlayLevel: PIE: World Init took: (0.001314s)
[2021.01.15-19.25.46:150][644]LogPlayLevel: PIE: Created PIE world by copying editor world from /Game/SoulCity/Maps/LV_Soul_Slum.LV_Soul_Slum to /Game/SoulCity/Maps/UEDPIE_0_LV_Soul_Slum.LV_Soul_Slum (0.208183s)
[2021.01.15-19.25.46:182][644]LogUObjectHash: Compacting FUObjectHashTables data took   2.83ms
[2021.01.15-19.25.46:183][644]LogAudioMixer: Display: Audio Mixer Platform Settings:
[2021.01.15-19.25.46:183][644]LogAudioMixer: Display: 	Sample Rate:						  48000
[2021.01.15-19.25.46:183][644]LogAudioMixer: Display: 	Callback Buffer Frame Size Requested: 1024
[2021.01.15-19.25.46:183][644]LogAudioMixer: Display: 	Callback Buffer Frame Size To Use:	  1024
[2021.01.15-19.25.46:183][644]LogAudioMixer: Display: 	Number of buffers to queue:			  2
[2021.01.15-19.25.46:183][644]LogAudioMixer: Display: 	Max Channels (voices):				  32
[2021.01.15-19.25.46:183][644]LogAudioMixer: Display: 	Number of Async Source Workers:		  0
[2021.01.15-19.25.46:183][644]LogAudio: Display: AudioDevice MaxSources: 32
[2021.01.15-19.25.46:184][644]LogAudio: Display: Using built-in audio occlusion.
[2021.01.15-19.25.46:184][644]LogAudioMixer: Display: Initializing audio mixer.
[2021.01.15-19.25.46:186][644]LogAudioMixer: Display: 0: FrontLeft
[2021.01.15-19.25.46:186][644]LogAudioMixer: Display: 1: FrontRight
[2021.01.15-19.25.46:186][644]LogAudioMixer: Display: 2: FrontCenter
[2021.01.15-19.25.46:186][644]LogAudioMixer: Display: 3: LowFrequency
[2021.01.15-19.25.46:186][644]LogAudioMixer: Display: 4: BackLeft
[2021.01.15-19.25.46:186][644]LogAudioMixer: Display: 5: BackRight
[2021.01.15-19.25.46:186][644]LogAudioMixer: Display: 6: SideLeft
[2021.01.15-19.25.46:186][644]LogAudioMixer: Display: 7: SideRight
[2021.01.15-19.25.46:226][644]LogAudioMixer: Display: Using Audio Device Speakers (Realtek(R) Audio)
[2021.01.15-19.25.46:227][644]LogAudioMixer: Display: Initializing Sound Submixes...
[2021.01.15-19.25.46:227][644]LogAudioMixer: Display: Creating Master Submix 'MasterSubmixDefault'
[2021.01.15-19.25.46:227][644]LogAudioMixer: Display: Creating Master Submix 'MasterReverbSubmixDefault'
[2021.01.15-19.25.46:227][644]LogAudioMixer: Display: Creating Master Submix 'MasterEQSubmixDefault'
[2021.01.15-19.25.46:242][644]LogInit: FAudioDevice initialized.
[2021.01.15-19.25.46:252][644]LogLoad: Game class is 'BP_DemoGame1GameMode_C'
[2021.01.15-19.25.46:400][644]LogWorld: Bringing World /Game/SoulCity/Maps/UEDPIE_0_LV_Soul_Slum.LV_Soul_Slum up for play (max tick rate 60) at 2021.01.15-14.25.46
[2021.01.15-19.25.46:444][644]LogWorld: Bringing up level for play took: 0.084058
[2021.01.15-19.25.46:445][644]LogOnline: OSS: Creating online subsystem instance for: :Context_12
[2021.01.15-19.25.46:490][644]LogContentBrowser: Native class hierarchy updated for 'MovieSceneCapture' in 0.0004 seconds. Added 20 classes and 0 folders.
[2021.01.15-19.25.46:495][644]PIE: Server logged in
[2021.01.15-19.25.46:497][644]PIE: Play in editor total start time 0.692 seconds.
[2021.01.15-19.26.12:529][183]LogSlate: Updating window title bar state: overlay mode, drag disabled, window buttons hidden, title bar hidden
[2021.01.15-19.26.12:529][183]LogWorld: BeginTearingDown for /Game/SoulCity/Maps/UEDPIE_0_LV_Soul_Slum
[2021.01.15-19.26.12:531][183]LogWorld: UWorld::CleanupWorld for LV_Soul_Slum, bSessionEnded=true, bCleanupResources=true
[2021.01.15-19.26.12:537][183]LogSlate: InvalidateAllWidgets triggered.  All widgets were invalidated
[2021.01.15-19.26.12:548][183]LogPlayLevel: Display: Shutting down PIE online subsystems
[2021.01.15-19.26.12:554][183]LogSlate: InvalidateAllWidgets triggered.  All widgets were invalidated
[2021.01.15-19.26.12:608][183]LogSlate: Updating window title bar state: overlay mode, drag disabled, window buttons hidden, title bar hidden
[2021.01.15-19.26.12:620][183]LogAISub: UAISubsystem::~UAISubsystem AIPerceptionSystem (0000017D504302C0), frame # 10183
[2021.01.15-19.26.12:620][183]LogAISub: UAISubsystem::~UAISubsystem EnvQueryManager (0000017D48C16200), frame # 10183
[2021.01.15-19.26.12:659][183]LogUObjectHash: Compacting FUObjectHashTables data took   4.82ms
[2021.01.15-19.26.12:707][184]LogPlayLevel: Display: Destroying online subsystem :Context_12
[2021.01.15-19.26.12:745][184]LogUObjectHash: Compacting FUObjectHashTables data took   2.86ms
[2021.01.15-19.33.16:552][880]LogUObjectHash: Compacting FUObjectHashTables data took   1.13ms
[2021.01.15-19.33.16:556][880]LogFileHelpers: Editor autosave (incl. sublevels) for '/Game/SoulCity/Maps/LV_Soul_Slum' took 0.033
[2021.01.15-19.33.16:558][880]OBJ SavePackage: Generating thumbnails for [1] asset(s) in package [/Game/Chapter7/BP_MainAnim] ([1] browsable assets)...
[2021.01.15-19.33.16:590][880]OBJ SavePackage:     Rendered thumbnail for [AnimBlueprint /Game/Chapter7/BP_MainAnim.BP_MainAnim]
[2021.01.15-19.33.16:590][880]OBJ SavePackage: Finished generating thumbnails for package [/Game/Chapter7/BP_MainAnim]
[2021.01.15-19.33.16:650][880]LogSavePackage: Moving '../../../../../../Users/carlo/OneDrive/Documents/Unreal Projects/DemoGameProject1/DemoGame1/Saved/BP_MainAnim_Auto1133F6B434F3E2AAF8FABA5BB8122F756.tmp' to '../../../../../../Users/carlo/OneDrive/Documents/Unreal Projects/DemoGameProject1/DemoGame1/Saved/Autosaves/Game/Chapter7/BP_MainAnim_Auto1.uasset'
[2021.01.15-19.33.16:651][880]LogFileHelpers: Auto-saving content packages took 0.095
[2021.01.15-19.47.26:988][429]LogRenderer: Reallocating scene render targets to support 1208x600 Format 10 NumSamples 1 (Frame:1999).
[2021.01.16-02.10.27:931][461]LogTemp: Resetting audio stream to device id 
[2021.01.16-02.10.27:995][461]LogAudioMixer: Display: 0: FrontLeft
[2021.01.16-02.10.27:995][461]LogAudioMixer: Display: 1: FrontRight
[2021.01.16-02.10.27:995][461]LogAudioMixer: Display: 2: FrontCenter
[2021.01.16-02.10.27:995][461]LogAudioMixer: Display: 3: LowFrequency
[2021.01.16-02.10.27:995][461]LogAudioMixer: Display: 4: BackLeft
[2021.01.16-02.10.27:995][461]LogAudioMixer: Display: 5: BackRight
[2021.01.16-02.10.27:995][461]LogAudioMixer: Display: 6: SideLeft
[2021.01.16-02.10.27:995][461]LogAudioMixer: Display: 7: SideRight
[2021.01.24-20.33.21:506][467]LogHttp: Warning: 0000017D0E9AEB00: HTTP request timed out after 757384.19 seconds URL=https://datarouter.ol.epicgames.com/datarouter/api/v1/public/data?SessionID=%7B3ECE1B30-4B5B-9405-4FC8-5CBF518A2A8B%7D&AppID=UEEditor.Rocket.Release&AppVersion=4.25.4-14469661%2B%2B%2BUE4%2BRelease-4.25&UserID=a7997bb74c6b26d5bcd8c2ac5e6ad5a3%7Cd8e72f886a7740f5a1b0269f9f63f54f%7Ce00b6baf-4ab7-4d68-a03b-3d8ad7d50eaa&AppEnvironment=datacollector-source&UploadType=eteventstream
[2021.01.24-20.33.24:292][467]LogHttp: Warning: 0000017D0E9AEB00: request failed, libcurl error: 0 (No error)
[2021.01.24-20.33.24:292][467]LogHttp: Warning: 0000017D0E9AEB00: libcurl info message cache 0 (Found bundle for host datarouter.ol.epicgames.com: 0x17c6ae3bf70 [can pipeline])
[2021.01.24-20.33.24:292][467]LogHttp: Warning: 0000017D0E9AEB00: libcurl info message cache 1 (Re-using existing connection! (#11) with host datarouter.ol.epicgames.com)
[2021.01.24-20.33.24:292][467]LogHttp: Warning: 0000017D0E9AEB00: libcurl info message cache 2 (Connected to datarouter.ol.epicgames.com (34.198.102.226) port 443 (#11))
[2021.01.24-20.33.24:292][467]LogHttp: Warning: 0000017D0E9AEB00: libcurl info message cache 3 (We are completely uploaded and fine)
[2021.01.24-20.33.24:292][467]LogHttp: Warning: 0000017D0E9AEB00: libcurl info message cache 4 (Closing connection 11)
[2021.01.24-20.33.25:254][467]LogTemp: Resetting audio stream to device id 
[2021.01.24-20.33.25:298][467]LogAudioMixer: Display: 0: FrontLeft
[2021.01.24-20.33.25:298][467]LogAudioMixer: Display: 1: FrontRight
[2021.01.24-20.33.25:298][467]LogAudioMixer: Display: 2: FrontCenter
[2021.01.24-20.33.25:298][467]LogAudioMixer: Display: 3: LowFrequency
[2021.01.24-20.33.25:298][467]LogAudioMixer: Display: 4: BackLeft
[2021.01.24-20.33.25:298][467]LogAudioMixer: Display: 5: BackRight
[2021.01.24-20.33.25:298][467]LogAudioMixer: Display: 6: SideLeft
[2021.01.24-20.33.25:298][467]LogAudioMixer: Display: 7: SideRight
[2021.01.24-20.33.25:384][468]LogHttp: Warning: Retry exhausted on https://datarouter.ol.epicgames.com/datarouter/api/v1/public/data?SessionID=%7B3ECE1B30-4B5B-9405-4FC8-5CBF518A2A8B%7D&AppID=UEEditor.Rocket.Release&AppVersion=4.25.4-14469661%2B%2B%2BUE4%2BRelease-4.25&UserID=a7997bb74c6b26d5bcd8c2ac5e6ad5a3%7Cd8e72f886a7740f5a1b0269f9f63f54f%7Ce00b6baf-4ab7-4d68-a03b-3d8ad7d50eaa&AppEnvironment=datacollector-source&UploadType=eteventstream
[2021.01.24-20.34.04:312][742]LogAudioMixer: Display: Audio Buffer Underrun detected.
[2021.01.24-20.34.04:312][742]LogAudioMixer: Display: Audio Buffer Underrun detected.
[2021.01.24-20.34.04:312][742]LogAudioMixer: Display: Audio Buffer Underrun detected.
[2021.01.24-20.39.57:564][347]LogUObjectGlobals: Warning: Failed to find object 'Object /Game/ThirdPersonCPP/Maps/ThirdPersonExampleMap-DESKTOP-4VJ6QC5.ThirdPersonExampleMap'
[2021.01.24-20.40.03:096][877]LogAssetEditorSubsystem: Opening Asset editor for World /Game/ThirdPersonCPP/Maps/ThirdPersonExampleMap.ThirdPersonExampleMap
[2021.01.24-20.40.03:176][877]LogUObjectHash: Compacting FUObjectHashTables data took   3.92ms
[2021.01.24-20.40.06:088][877]LogSlate: Window 'Save Content' being destroyed
[2021.01.24-20.40.08:667][117]LogAssetEditorSubsystem: Opening Asset editor for World /Game/ThirdPersonCPP/Maps/ThirdPersonExampleMap.ThirdPersonExampleMap
[2021.01.24-20.40.08:712][117]LogUObjectHash: Compacting FUObjectHashTables data took   2.11ms
[2021.01.24-20.40.14:211][117]LogSlate: Window 'Save Content' being destroyed
[2021.01.24-20.40.14:219][117]Cmd: OBJ SAVEPACKAGE PACKAGE="/Game/Chapter7/BP_MainAnim" FILE="../../../../../../Users/carlo/OneDrive/Documents/Unreal Projects/DemoGameProject1/DemoGame1/Content/Chapter7/BP_MainAnim.uasset" SILENT=true
[2021.01.24-20.40.14:277][117]LogSavePackage: Moving '../../../../../../Users/carlo/OneDrive/Documents/Unreal Projects/DemoGameProject1/DemoGame1/Saved/BP_MainAnim4FB5A6104106A9653FF63CB95469BA6C.tmp' to '../../../../../../Users/carlo/OneDrive/Documents/Unreal Projects/DemoGameProject1/DemoGame1/Content/Chapter7/BP_MainAnim.uasset'
[2021.01.24-20.40.14:284][117]LightingResults: New page: Lighting Build
[2021.01.24-20.40.14:285][117]LoadErrors: New page: Loading map: ThirdPersonExampleMap.umap
[2021.01.24-20.40.14:319][117]LogWorld: UWorld::CleanupWorld for LV_Soul_Slum, bSessionEnded=true, bCleanupResources=true
[2021.01.24-20.40.14:322][117]LogSlate: InvalidateAllWidgets triggered.  All widgets were invalidated
[2021.01.24-20.40.14:323][117]LogWorld: UWorld::CleanupWorld for SLV_Soul_Slum_Collision, bSessionEnded=true, bCleanupResources=true
[2021.01.24-20.40.14:323][117]LogSlate: InvalidateAllWidgets triggered.  All widgets were invalidated
[2021.01.24-20.40.14:326][117]MapCheck: New page: Map Check
[2021.01.24-20.40.14:326][117]LightingResults: New page: Lighting Build
[2021.01.24-20.40.14:417][117]LogAISub: UAISubsystem::~UAISubsystem EnvQueryManager (0000017C43BA3C00), frame # 48117
[2021.01.24-20.40.14:417][117]LogAISub: UAISubsystem::~UAISubsystem AIPerceptionSystem (0000017C43C18900), frame # 48117
[2021.01.24-20.40.14:420][117]LogUObjectHash: Compacting FUObjectHashTables data took   2.53ms
[2021.01.24-20.40.14:480][117]LogUObjectHash: Compacting FUObjectHashTables data took   2.11ms
[2021.01.24-20.40.14:503][117]LogUObjectHash: Compacting FUObjectHashTables data took   2.33ms
[2021.01.24-20.40.14:630][117]LogEditorServer: Finished looking for orphan Actors (0.000 secs)
[2021.01.24-20.40.14:630][117]LogAIModule: Creating AISystem for world ThirdPersonExampleMap
[2021.01.24-20.40.14:631][117]LogAISub: UAISubsystem::UAISubsystem EnvQueryManager (0000017C4C95E400), frame # 48117
[2021.01.24-20.40.14:632][117]LogAISub: UAISubsystem::UAISubsystem AIPerceptionSystem (0000017C7EF08A40), frame # 48117
[2021.01.24-20.40.14:656][117]LogUObjectHash: Compacting FUObjectHashTables data took   1.95ms
[2021.01.24-20.40.14:674][117]Cmd: MAP CHECKDEP NOCLEARLOG
[2021.01.24-20.40.14:675][117]MapCheck: Map check complete: 0 Error(s), 0 Warning(s), took 0.136ms to complete.
[2021.01.24-20.40.14:675][117]LogFileHelpers: Loading map 'ThirdPersonExampleMap' took 0.392
[2021.01.24-20.40.14:705][117]AssetCheck: New page: Asset Save: BP_MainAnim
[2021.01.24-20.40.14:705][117]LogContentValidation: Display: Validating AnimBlueprint /Game/Chapter7/BP_MainAnim.BP_MainAnim
[2021.01.24-20.40.14:743][117]LogUObjectHash: Compacting FUObjectHashTables data took   0.52ms
[2021.01.24-20.40.18:601][479]LogOutputDevice: Warning: 

Script Stack (0 frames):

[2021.01.24-20.40.18:601][479]LogWindows: Windows GetLastError: The operation completed successfully. (0)
[2021.01.24-20.40.20:432][479]LogWindows: Error: === Critical error: ===
[2021.01.24-20.40.20:432][479]LogWindows: Error: 
[2021.01.24-20.40.20:432][479]LogWindows: Error: Fatal error: [File:D:/Build/++UE4/Sync/Engine/Source/Runtime/CoreUObject/Private/UObject/Obj.cpp] [Line: 204] 
[2021.01.24-20.40.20:432][479]LogWindows: Error: Renaming an object (Package /Game/ThirdPersonCPP/Maps/ThirdPersonExampleMap_BuiltData) on top of an existing object (Package /Game/ThirdPersonCPP/Maps/ThirdPersonExampleMap-DESKTOP-4VJ6QC5_BuiltData) is not allowed
[2021.01.24-20.40.20:432][479]LogWindows: Error: 
[2021.01.24-20.40.20:432][479]LogWindows: Error: 
[2021.01.24-20.40.20:432][479]LogWindows: Error: [Callstack] 0x00007ffae4ced759 KERNELBASE.dll!UnknownFunction []
[2021.01.24-20.40.20:432][479]LogWindows: Error: [Callstack] 0x00007ffa93ccec66 UE4Editor-Core.dll!UnknownFunction []
[2021.01.24-20.40.20:432][479]LogWindows: Error: [Callstack] 0x00007ffa93cd2048 UE4Editor-Core.dll!UnknownFunction []
[2021.01.24-20.40.20:432][479]LogWindows: Error: [Callstack] 0x00007ffa93a5e52d UE4Editor-Core.dll!UnknownFunction []
[2021.01.24-20.40.20:432][479]LogWindows: Error: [Callstack] 0x00007ffa887b13ad UE4Editor-CoreUObject.dll!UnknownFunction []
[2021.01.24-20.40.20:432][479]LogWindows: Error: [Callstack] 0x00007ffa4c24bf06 UE4Editor-Engine.dll!UnknownFunction []
[2021.01.24-20.40.20:432][479]LogWindows: Error: [Callstack] 0x00007ffa4c240311 UE4Editor-Engine.dll!UnknownFunction []
[2021.01.24-20.40.20:432][479]LogWindows: Error: [Callstack] 0x00007ffa8878c302 UE4Editor-CoreUObject.dll!UnknownFunction []
[2021.01.24-20.40.20:432][479]LogWindows: Error: [Callstack] 0x00007ffa887a8a36 UE4Editor-CoreUObject.dll!UnknownFunction []
[2021.01.24-20.40.20:432][479]LogWindows: Error: [Callstack] 0x00007ffa8878c25f UE4Editor-CoreUObject.dll!UnknownFunction []
[2021.01.24-20.40.20:432][479]LogWindows: Error: [Callstack] 0x00007ffa887a8a36 UE4Editor-CoreUObject.dll!UnknownFunction []
[2021.01.24-20.40.20:432][479]LogWindows: Error: [Callstack] 0x00007ffa4afe8dd7 UE4Editor-Engine.dll!UnknownFunction []
[2021.01.24-20.40.20:432][479]LogWindows: Error: [Callstack] 0x00007ffa8878c25f UE4Editor-CoreUObject.dll!UnknownFunction []
[2021.01.24-20.40.20:432][479]LogWindows: Error: [Callstack] 0x00007ffa887a8a36 UE4Editor-CoreUObject.dll!UnknownFunction []
[2021.01.24-20.40.20:432][479]LogWindows: Error: [Callstack] 0x00007ffa8878c25f UE4Editor-CoreUObject.dll!UnknownFunction []
[2021.01.24-20.40.20:432][479]LogWindows: Error: [Callstack] 0x00007ffa8885dddc UE4Editor-CoreUObject.dll!UnknownFunction []
[2021.01.24-20.40.20:432][479]LogWindows: Error: [Callstack] 0x00007ffa88848037 UE4Editor-CoreUObject.dll!UnknownFunction []
[2021.01.24-20.40.20:432][479]LogWindows: Error: [Callstack] 0x00007ffa8886d490 UE4Editor-CoreUObject.dll!UnknownFunction []
[2021.01.24-20.40.20:432][479]LogWindows: Error: [Callstack] 0x00007ffa8886c410 UE4Editor-CoreUObject.dll!UnknownFunction []
[2021.01.24-20.40.20:432][479]LogWindows: Error: [Callstack] 0x00007ffa888813ef UE4Editor-CoreUObject.dll!UnknownFunction []
[2021.01.24-20.40.20:432][479]LogWindows: Error: [Callstack] 0x00007ffa88893efa UE4Editor-CoreUObject.dll!UnknownFunction []
[2021.01.24-20.40.20:432][479]LogWindows: Error: [Callstack] 0x00007ffa888935c3 UE4Editor-CoreUObject.dll!UnknownFunction []
[2021.01.24-20.40.20:432][479]LogWindows: Error: [Callstack] 0x00007ffa73478a32 UE4Editor-ContentBrowser.dll!UnknownFunction []
[2021.01.24-20.40.20:432][479]LogWindows: Error: [Callstack] 0x00007ffa7343688f UE4Editor-ContentBrowser.dll!UnknownFunction []
[2021.01.24-20.40.20:432][479]LogWindows: Error: [Callstack] 0x00007ffa734822ad UE4Editor-ContentBrowser.dll!UnknownFunction []
[2021.01.24-20.40.20:432][479]LogWindows: Error: [Callstack] 0x00007ffa7343461d UE4Editor-ContentBrowser.dll!UnknownFunction []
[2021.01.24-20.40.20:432][479]LogWindows: Error: [Callstack] 0x00007ffa73431037 UE4Editor-ContentBrowser.dll!UnknownFunction []
[2021.01.24-20.40.20:432][479]LogWindows: Error: [Callstack] 0x00007ffa73494077 UE4Editor-ContentBrowser.dll!UnknownFunction []
[2021.01.24-20.40.20:432][479]LogWindows: Error: [Callstack] 0x00007ffa7348271b UE4Editor-ContentBrowser.dll!UnknownFunction []
[2021.01.24-20.40.20:432][479]LogWindows: Error: [Callstack] 0x00007ffa988a0f9e UE4Editor-Slate.dll!UnknownFunction []
[2021.01.24-20.40.20:432][479]LogWindows: Error: [Callstack] 0x00007ffa989253e2 UE4Editor-Slate.dll!UnknownFunction []
[2021.01.24-20.40.20:432][479]LogWindows: Error: [Callstack] 0x00007ffa9890e68a UE4Editor-Slate.dll!UnknownFunction []
[2021.01.24-20.40.20:432][479]LogWindows: Error: [Callstack] 0x00007ffa98901ad9 UE4Editor-Slate.dll!UnknownFunction []
[2021.01.24-20.40.20:432][479]LogWindows: Error: [Callstack] 0x00007ffacbbc7f62 UE4Editor-ApplicationCore.dll!UnknownFunction []
[2021.01.24-20.40.20:432][479]LogWindows: Error: [Callstack] 0x00007ffacbbb5c87 UE4Editor-ApplicationCore.dll!UnknownFunction []
[2021.01.24-20.40.20:432][479]LogWindows: Error: [Callstack] 0x00007ffacbbca619 UE4Editor-ApplicationCore.dll!UnknownFunction []
[2021.01.24-20.40.20:432][479]LogWindows: Error: [Callstack] 0x00007ffacbbb17d0 UE4Editor-ApplicationCore.dll!UnknownFunction []
[2021.01.24-20.40.20:432][479]LogWindows: Error: [Callstack] 0x00007ffae52be858 USER32.dll!UnknownFunction []
[2021.01.24-20.40.20:432][479]LogWindows: Error: [Callstack] 0x00007ffae52be299 USER32.dll!UnknownFunction []
[2021.01.24-20.40.20:432][479]LogWindows: Error: [Callstack] 0x00007ffacbbcbb34 UE4Editor-ApplicationCore.dll!UnknownFunction []
[2021.01.24-20.40.20:432][479]LogWindows: Error: [Callstack] 0x00007ff6df5568c4 UE4Editor.exe!UnknownFunction []
[2021.01.24-20.40.20:432][479]LogWindows: Error: [Callstack] 0x00007ff6df56ba7c UE4Editor.exe!UnknownFunction []
[2021.01.24-20.40.20:432][479]LogWindows: Error: [Callstack] 0x00007ff6df56bb5a UE4Editor.exe!UnknownFunction []
[2021.01.24-20.40.20:432][479]LogWindows: Error: [Callstack] 0x00007ff6df57e31d UE4Editor.exe!UnknownFunction []
[2021.01.24-20.40.20:432][479]LogWindows: Error: [Callstack] 0x00007ff6df58145a UE4Editor.exe!UnknownFunction []
[2021.01.24-20.40.20:432][479]LogWindows: Error: [Callstack] 0x00007ffae6637034 KERNEL32.DLL!UnknownFunction []
[2021.01.24-20.40.20:432][479]LogWindows: Error: [Callstack] 0x00007ffae715d0d1 ntdll.dll!UnknownFunction []
[2021.01.24-20.40.20:432][479]LogWindows: Error: 
[2021.01.24-20.40.20:444][479]LogExit: Executing StaticShutdownAfterError
[2021.01.24-20.40.20:489][479]LogWindows: FPlatformMisc::RequestExit(1)
[2021.01.24-20.40.20:489][479]LogCore: Engine exit requested (reason: Win RequestExit)
[2021.01.24-20.40.20:504][479]Log file closed, 01/24/21 15:40:20
